yydebug: state 0, reading 266 (PUBLIC)
yydebug: state 0, shifting to state 2
yydebug: state 2, reducing by rule 21 (pub : PUBLIC)
yydebug: after reduction, shifting from state 0 to state 6
yydebug: state 6, reading 265 (VOID)
yydebug: state 6, reducing by rule 18 (cons :)
yydebug: after reduction, shifting from state 6 to state 10
yydebug: state 10, shifting to state 11
yydebug: state 11, reducing by rule 22 (tipo : VOID)
yydebug: after reduction, shifting from state 10 to state 15
yydebug: state 15, reading 259 (IDENTIF)
yydebug: state 15, reducing by rule 16 (ptr :)
yydebug: after reduction, shifting from state 15 to state 17
yydebug: state 17, shifting to state 18
yydebug: state 18, reading 40 ('(')
yydebug: state 18, shifting to state 20
yydebug: state 20, reading 278 (INTEGER)
yydebug: state 20, reducing by rule 7 ($$1 :)
yydebug: after reduction, shifting from state 20 to state 29
yydebug: state 29, shifting to state 12
yydebug: state 12, reducing by rule 23 (tipo : INTEGER)
yydebug: after reduction, shifting from state 29 to state 36
yydebug: state 36, reading 259 (IDENTIF)
yydebug: state 36, reducing by rule 16 (ptr :)
yydebug: after reduction, shifting from state 36 to state 41
yydebug: state 41, shifting to state 70
yydebug: state 70, reducing by rule 35 (parametro : tipo ptr IDENTIF)
yydebug: after reduction, shifting from state 29 to state 37
yydebug: state 37, reducing by rule 33 (pars :)
yydebug: after reduction, shifting from state 37 to state 42
yydebug: state 42, reading 41 (')')
yydebug: state 42, reducing by rule 34 (parametros : parametro pars)
yydebug: after reduction, shifting from state 29 to state 38
yydebug: state 38, shifting to state 43
yydebug: state 43, reducing by rule 8 ($$2 :)
yydebug: after reduction, shifting from state 43 to state 72
yydebug: state 72, reading 59 (';')
yydebug: state 72, reducing by rule 14 (corpop :)
yydebug: after reduction, shifting from state 72 to state 119
yydebug: state 119, shifting to state 147
yydebug: state 147, reducing by rule 9 (declaracao : pub cons tipo ptr IDENTIF '(' $$1 parametros ')' $$2 corpop ';')
yydebug: after reduction, shifting from state 0 to state 5
yydebug: state 5, reducing by rule 3 (declaracoes : declaracao)
yydebug: after reduction, shifting from state 0 to state 4
yydebug: state 4, reading 266 (PUBLIC)
yydebug: state 4, shifting to state 2
yydebug: state 2, reducing by rule 21 (pub : PUBLIC)
yydebug: after reduction, shifting from state 4 to state 6
yydebug: state 6, reading 265 (VOID)
yydebug: state 6, reducing by rule 18 (cons :)
yydebug: after reduction, shifting from state 6 to state 10
yydebug: state 10, shifting to state 11
yydebug: state 11, reducing by rule 22 (tipo : VOID)
yydebug: after reduction, shifting from state 10 to state 15
yydebug: state 15, reading 259 (IDENTIF)
yydebug: state 15, reducing by rule 16 (ptr :)
yydebug: after reduction, shifting from state 15 to state 17
yydebug: state 17, shifting to state 18
yydebug: state 18, reading 40 ('(')
yydebug: state 18, shifting to state 20
yydebug: state 20, reading 41 (')')
yydebug: state 20, shifting to state 28
yydebug: state 28, reading 59 (';')
yydebug: state 28, shifting to state 34
yydebug: state 34, reducing by rule 12 (declaracao : pub cons tipo ptr IDENTIF '(' ')' ';')
yydebug: after reduction, shifting from state 4 to state 8
yydebug: state 8, reducing by rule 4 (declaracoes : declaracoes declaracao)
yydebug: after reduction, shifting from state 0 to state 4
yydebug: state 4, reading 266 (PUBLIC)
yydebug: state 4, shifting to state 2
yydebug: state 2, reducing by rule 21 (pub : PUBLIC)
yydebug: after reduction, shifting from state 4 to state 6
yydebug: state 6, reading 278 (INTEGER)
yydebug: state 6, reducing by rule 18 (cons :)
yydebug: after reduction, shifting from state 6 to state 10
yydebug: state 10, shifting to state 12
yydebug: state 12, reducing by rule 23 (tipo : INTEGER)
yydebug: after reduction, shifting from state 10 to state 15
yydebug: state 15, reading 259 (IDENTIF)
yydebug: state 15, reducing by rule 16 (ptr :)
yydebug: after reduction, shifting from state 15 to state 17
yydebug: state 17, shifting to state 18
yydebug: state 18, reading 40 ('(')
yydebug: state 18, shifting to state 20
yydebug: state 20, reading 41 (')')
yydebug: state 20, shifting to state 28
yydebug: state 28, reading 59 (';')
yydebug: state 28, shifting to state 34
yydebug: state 34, reducing by rule 12 (declaracao : pub cons tipo ptr IDENTIF '(' ')' ';')
yydebug: after reduction, shifting from state 4 to state 8
yydebug: state 8, reducing by rule 4 (declaracoes : declaracoes declaracao)
yydebug: after reduction, shifting from state 0 to state 4
yydebug: state 4, reading 278 (INTEGER)
yydebug: state 4, reducing by rule 20 (pub :)
yydebug: after reduction, shifting from state 4 to state 6
yydebug: state 6, reducing by rule 18 (cons :)
yydebug: after reduction, shifting from state 6 to state 10
yydebug: state 10, shifting to state 12
yydebug: state 12, reducing by rule 23 (tipo : INTEGER)
yydebug: after reduction, shifting from state 10 to state 15
yydebug: state 15, reading 259 (IDENTIF)
yydebug: state 15, reducing by rule 16 (ptr :)
yydebug: after reduction, shifting from state 15 to state 17
yydebug: state 17, shifting to state 18
yydebug: state 18, reading 59 (';')
yydebug: state 18, shifting to state 21
yydebug: state 21, reducing by rule 6 (declaracao : pub cons tipo ptr IDENTIF ';')
yydebug: after reduction, shifting from state 4 to state 8
yydebug: state 8, reducing by rule 4 (declaracoes : declaracoes declaracao)
yydebug: after reduction, shifting from state 0 to state 4
yydebug: state 4, reading 278 (INTEGER)
yydebug: state 4, reducing by rule 20 (pub :)
yydebug: after reduction, shifting from state 4 to state 6
yydebug: state 6, reducing by rule 18 (cons :)
yydebug: after reduction, shifting from state 6 to state 10
yydebug: state 10, shifting to state 12
yydebug: state 12, reducing by rule 23 (tipo : INTEGER)
yydebug: after reduction, shifting from state 10 to state 15
yydebug: state 15, reading 259 (IDENTIF)
yydebug: state 15, reducing by rule 16 (ptr :)
yydebug: after reduction, shifting from state 15 to state 17
yydebug: state 17, shifting to state 18
yydebug: state 18, reading 59 (';')
yydebug: state 18, shifting to state 21
yydebug: state 21, reducing by rule 6 (declaracao : pub cons tipo ptr IDENTIF ';')
yydebug: after reduction, shifting from state 4 to state 8
yydebug: state 8, reducing by rule 4 (declaracoes : declaracoes declaracao)
yydebug: after reduction, shifting from state 0 to state 4
yydebug: state 4, reading 266 (PUBLIC)
yydebug: state 4, shifting to state 2
yydebug: state 2, reducing by rule 21 (pub : PUBLIC)
yydebug: after reduction, shifting from state 4 to state 6
yydebug: state 6, reading 278 (INTEGER)
yydebug: state 6, reducing by rule 18 (cons :)
yydebug: after reduction, shifting from state 6 to state 10
yydebug: state 10, shifting to state 12
yydebug: state 12, reducing by rule 23 (tipo : INTEGER)
yydebug: after reduction, shifting from state 10 to state 15
yydebug: state 15, reading 259 (IDENTIF)
yydebug: state 15, reducing by rule 16 (ptr :)
yydebug: after reduction, shifting from state 15 to state 17
yydebug: state 17, shifting to state 18
yydebug: state 18, reading 40 ('(')
yydebug: state 18, shifting to state 20
yydebug: state 20, reading 278 (INTEGER)
yydebug: state 20, reducing by rule 7 ($$1 :)
yydebug: after reduction, shifting from state 20 to state 29
yydebug: state 29, shifting to state 12
yydebug: state 12, reducing by rule 23 (tipo : INTEGER)
yydebug: after reduction, shifting from state 29 to state 36
yydebug: state 36, reading 259 (IDENTIF)
yydebug: state 36, reducing by rule 16 (ptr :)
yydebug: after reduction, shifting from state 36 to state 41
yydebug: state 41, shifting to state 70
yydebug: state 70, reducing by rule 35 (parametro : tipo ptr IDENTIF)
yydebug: after reduction, shifting from state 29 to state 37
yydebug: state 37, reducing by rule 33 (pars :)
yydebug: after reduction, shifting from state 37 to state 42
yydebug: state 42, reading 44 (',')
yydebug: state 42, shifting to state 71
yydebug: state 71, reading 279 (STRING)
yydebug: state 71, shifting to state 13
yydebug: state 13, reducing by rule 24 (tipo : STRING)
yydebug: after reduction, shifting from state 71 to state 36
yydebug: state 36, reading 42 ('*')
yydebug: state 36, shifting to state 16
yydebug: state 16, reducing by rule 17 (ptr : '*')
yydebug: after reduction, shifting from state 36 to state 41
yydebug: state 41, reading 259 (IDENTIF)
yydebug: state 41, shifting to state 70
yydebug: state 70, reducing by rule 35 (parametro : tipo ptr IDENTIF)
yydebug: after reduction, shifting from state 71 to state 117
yydebug: state 117, reducing by rule 32 (pars : pars ',' parametro)
yydebug: after reduction, shifting from state 37 to state 42
yydebug: state 42, reading 44 (',')
yydebug: state 42, shifting to state 71
yydebug: state 71, reading 279 (STRING)
yydebug: state 71, shifting to state 13
yydebug: state 13, reducing by rule 24 (tipo : STRING)
yydebug: after reduction, shifting from state 71 to state 36
yydebug: state 36, reading 42 ('*')
yydebug: state 36, shifting to state 16
yydebug: state 16, reducing by rule 17 (ptr : '*')
yydebug: after reduction, shifting from state 36 to state 41
yydebug: state 41, reading 259 (IDENTIF)
yydebug: state 41, shifting to state 70
yydebug: state 70, reducing by rule 35 (parametro : tipo ptr IDENTIF)
yydebug: after reduction, shifting from state 71 to state 117
yydebug: state 117, reducing by rule 32 (pars : pars ',' parametro)
yydebug: after reduction, shifting from state 37 to state 42
yydebug: state 42, reading 41 (')')
yydebug: state 42, reducing by rule 34 (parametros : parametro pars)
yydebug: after reduction, shifting from state 29 to state 38
yydebug: state 38, shifting to state 43
yydebug: state 43, reducing by rule 8 ($$2 :)
yydebug: after reduction, shifting from state 43 to state 72
yydebug: state 72, reading 123 ('{')
yydebug: state 72, shifting to state 39
yydebug: state 39, reading 259 (IDENTIF)
yydebug: state 39, shifting to state 47
yydebug: state 47, reading 287 (ATRIB)
yydebug: state 47, reducing by rule 95 (left_value : IDENTIF)
yydebug: after reduction, shifting from state 39 to state 62
yydebug: state 62, shifting to state 94
yydebug: state 94, reading 259 (IDENTIF)
yydebug: state 94, shifting to state 47
yydebug: state 47, reading 40 ('(')
yydebug: state 47, shifting to state 74
yydebug: state 74, reading 41 (')')
yydebug: state 74, shifting to state 120
yydebug: state 120, reducing by rule 70 (expressao : IDENTIF '(' ')')
1
yydebug: after reduction, shifting from state 94 to state 130
yydebug: state 130, reading 59 (';')
yydebug: state 130, reducing by rule 72 (expressao : left_value ATRIB expressao)
yydebug: after reduction, shifting from state 39 to state 63
yydebug: state 63, shifting to state 110
yydebug: state 110, reducing by rule 51 (instrucao : expressao ';')
yydebug: after reduction, shifting from state 39 to state 65
yydebug: state 65, reducing by rule 42 (instrucoes : instrucao)
yydebug: after reduction, shifting from state 39 to state 66
yydebug: state 66, reading 262 (IF)
yydebug: state 66, shifting to state 49
yydebug: state 49, reading 259 (IDENTIF)
yydebug: state 49, shifting to state 47
yydebug: state 47, reading 62 ('>')
yydebug: state 47, reducing by rule 95 (left_value : IDENTIF)
yydebug: after reduction, shifting from state 49 to state 76
yydebug: state 76, reducing by rule 68 (expressao : left_value)
yydebug: after reduction, shifting from state 49 to state 77
yydebug: state 77, shifting to state 102
yydebug: state 102, reading 257 (INT)
yydebug: state 102, shifting to state 45
yydebug: state 45, reducing by rule 65 (expressao : INT)
yydebug: after reduction, shifting from state 102 to state 138
yydebug: state 138, reading 268 (THEN)
yydebug: state 138, reducing by rule 83 (expressao : expressao '>' expressao)
yydebug: after reduction, shifting from state 49 to state 77
yydebug: state 77, shifting to state 124
yydebug: state 124, reading 270 (DO)
yydebug: state 124, shifting to state 50
yydebug: state 50, reducing by rule 46 ($$4 :)
yydebug: after reduction, shifting from state 50 to state 78
yydebug: state 78, reading 123 ('{')
yydebug: state 78, shifting to state 39
yydebug: state 39, reading 259 (IDENTIF)
yydebug: state 39, shifting to state 47
yydebug: state 47, reading 40 ('(')
yydebug: state 47, shifting to state 74
yydebug: state 74, reading 259 (IDENTIF)
yydebug: state 74, shifting to state 47
yydebug: state 47, reading 41 (')')
yydebug: state 47, reducing by rule 95 (left_value : IDENTIF)
yydebug: after reduction, shifting from state 74 to state 76
yydebug: state 76, reducing by rule 68 (expressao : left_value)
yydebug: after reduction, shifting from state 74 to state 121
yydebug: state 121, reducing by rule 64 (expressoes : expressao)
yydebug: after reduction, shifting from state 74 to state 122
yydebug: state 122, shifting to state 148
yydebug: state 148, reducing by rule 69 (expressao : IDENTIF '(' expressoes ')')
0
yydebug: after reduction, shifting from state 39 to state 63
yydebug: state 63, reading 59 (';')
yydebug: state 63, shifting to state 110
yydebug: state 110, reducing by rule 51 (instrucao : expressao ';')
yydebug: after reduction, shifting from state 39 to state 65
yydebug: state 65, reducing by rule 42 (instrucoes : instrucao)
yydebug: after reduction, shifting from state 39 to state 66
yydebug: state 66, reading 259 (IDENTIF)
yydebug: state 66, shifting to state 47
yydebug: state 47, reading 40 ('(')
yydebug: state 47, shifting to state 74
yydebug: state 74, reading 41 (')')
yydebug: state 74, shifting to state 120
yydebug: state 120, reducing by rule 70 (expressao : IDENTIF '(' ')')
0
yydebug: after reduction, shifting from state 66 to state 63
yydebug: state 63, reading 59 (';')
yydebug: state 63, shifting to state 110
yydebug: state 110, reducing by rule 51 (instrucao : expressao ';')
yydebug: after reduction, shifting from state 66 to state 112
yydebug: state 112, reducing by rule 43 (instrucoes : instrucoes instrucao)
yydebug: after reduction, shifting from state 39 to state 66
yydebug: state 66, reading 262 (IF)
yydebug: state 66, shifting to state 49
yydebug: state 49, reading 259 (IDENTIF)
yydebug: state 49, shifting to state 47
yydebug: state 47, reading 281 (GE)
yydebug: state 47, reducing by rule 95 (left_value : IDENTIF)
yydebug: after reduction, shifting from state 49 to state 76
yydebug: state 76, reducing by rule 68 (expressao : left_value)
yydebug: after reduction, shifting from state 49 to state 77
yydebug: state 77, shifting to state 96
yydebug: state 96, reading 259 (IDENTIF)
yydebug: state 96, shifting to state 47
yydebug: state 47, reading 268 (THEN)
yydebug: state 47, reducing by rule 95 (left_value : IDENTIF)
yydebug: after reduction, shifting from state 96 to state 76
yydebug: state 76, reducing by rule 68 (expressao : left_value)
yydebug: after reduction, shifting from state 96 to state 132
yydebug: state 132, reducing by rule 87 (expressao : expressao GE expressao)
yydebug: after reduction, shifting from state 49 to state 77
yydebug: state 77, shifting to state 124
yydebug: state 124, reading 276 (BREAK)
yydebug: state 124, shifting to state 52
yydebug: state 52, reading 59 (';')
yydebug: state 52, shifting to state 82
yydebug: state 82, reducing by rule 55 (instrucao : BREAK ';')
yydebug: after reduction, shifting from state 124 to state 151
yydebug: state 151, reading 259 (IDENTIF)
yydebug: state 151, reducing by rule 44 (instrucao : IF expressao THEN instrucao)
yydebug: after reduction, shifting from state 66 to state 112
yydebug: state 112, reducing by rule 43 (instrucoes : instrucoes instrucao)
yydebug: after reduction, shifting from state 39 to state 66
yydebug: state 66, shifting to state 47
yydebug: state 47, reading 287 (ATRIB)
yydebug: state 47, reducing by rule 95 (left_value : IDENTIF)
yydebug: after reduction, shifting from state 66 to state 62
yydebug: state 62, shifting to state 94
yydebug: state 94, reading 259 (IDENTIF)
yydebug: state 94, shifting to state 47
yydebug: state 47, reading 43 ('+')
yydebug: state 47, reducing by rule 95 (left_value : IDENTIF)
yydebug: after reduction, shifting from state 94 to state 76
yydebug: state 76, reducing by rule 68 (expressao : left_value)
yydebug: after reduction, shifting from state 94 to state 130
yydebug: state 130, shifting to state 104
yydebug: state 104, reading 257 (INT)
yydebug: state 104, shifting to state 45
yydebug: state 45, reducing by rule 65 (expressao : INT)
yydebug: after reduction, shifting from state 104 to state 140
yydebug: state 140, reading 59 (';')
yydebug: state 140, reducing by rule 81 (expressao : expressao '+' expressao)
yydebug: after reduction, shifting from state 94 to state 130
yydebug: state 130, reducing by rule 72 (expressao : left_value ATRIB expressao)
yydebug: after reduction, shifting from state 66 to state 63
yydebug: state 63, shifting to state 110
yydebug: state 110, reducing by rule 51 (instrucao : expressao ';')
yydebug: after reduction, shifting from state 66 to state 112
yydebug: state 112, reducing by rule 43 (instrucoes : instrucoes instrucao)
yydebug: after reduction, shifting from state 39 to state 66
yydebug: state 66, reading 125 ('}')
yydebug: state 66, shifting to state 111
yydebug: state 111, reducing by rule 40 (corpo : '{' instrucoes '}')
yydebug: after reduction, shifting from state 78 to state 64
yydebug: state 64, reducing by rule 52 (instrucao : corpo)
yydebug: after reduction, shifting from state 78 to state 125
yydebug: state 125, reducing by rule 47 ($$5 :)
yydebug: after reduction, shifting from state 125 to state 152
yydebug: state 152, reading 261 (WHILE)
yydebug: state 152, shifting to state 157
yydebug: state 157, reading 259 (IDENTIF)
yydebug: state 157, shifting to state 47
yydebug: state 47, reading 60 ('<')
yydebug: state 47, reducing by rule 95 (left_value : IDENTIF)
yydebug: after reduction, shifting from state 157 to state 76
yydebug: state 76, reducing by rule 68 (expressao : left_value)
yydebug: after reduction, shifting from state 157 to state 162
yydebug: state 162, shifting to state 103
yydebug: state 103, reading 257 (INT)
yydebug: state 103, shifting to state 45
yydebug: state 45, reducing by rule 65 (expressao : INT)
yydebug: after reduction, shifting from state 103 to state 139
yydebug: state 139, reading 59 (';')
yydebug: state 139, reducing by rule 84 (expressao : expressao '<' expressao)
yydebug: after reduction, shifting from state 157 to state 162
yydebug: state 162, shifting to state 164
yydebug: state 164, reducing by rule 48 (instrucao : DO $$4 instrucao $$5 WHILE expressao ';')
yydebug: after reduction, shifting from state 124 to state 151
yydebug: state 151, reading 259 (IDENTIF)
yydebug: state 151, reducing by rule 44 (instrucao : IF expressao THEN instrucao)
yydebug: after reduction, shifting from state 66 to state 112
yydebug: state 112, reducing by rule 43 (instrucoes : instrucoes instrucao)
yydebug: after reduction, shifting from state 39 to state 66
yydebug: state 66, shifting to state 47
yydebug: state 47, reading 287 (ATRIB)
yydebug: state 47, reducing by rule 95 (left_value : IDENTIF)
yydebug: after reduction, shifting from state 66 to state 62
yydebug: state 62, shifting to state 94
yydebug: state 94, reading 257 (INT)
yydebug: state 94, shifting to state 45
yydebug: state 45, reducing by rule 65 (expressao : INT)
yydebug: after reduction, shifting from state 94 to state 130
yydebug: state 130, reading 59 (';')
yydebug: state 130, reducing by rule 72 (expressao : left_value ATRIB expressao)
yydebug: after reduction, shifting from state 66 to state 63
yydebug: state 63, shifting to state 110
yydebug: state 110, reducing by rule 51 (instrucao : expressao ';')
yydebug: after reduction, shifting from state 66 to state 112
yydebug: state 112, reducing by rule 43 (instrucoes : instrucoes instrucao)
yydebug: after reduction, shifting from state 39 to state 66
yydebug: state 66, reading 125 ('}')
yydebug: state 66, shifting to state 111
yydebug: state 111, reducing by rule 40 (corpo : '{' instrucoes '}')
yydebug: after reduction, shifting from state 72 to state 118
yydebug: state 118, reducing by rule 15 (corpop : corpo)
yydebug: after reduction, shifting from state 72 to state 119
yydebug: state 119, reading 59 (';')
yydebug: state 119, shifting to state 147
yydebug: state 147, reducing by rule 9 (declaracao : pub cons tipo ptr IDENTIF '(' $$1 parametros ')' $$2 corpop ';')
yydebug: after reduction, shifting from state 4 to state 8
yydebug: state 8, reducing by rule 4 (declaracoes : declaracoes declaracao)
yydebug: after reduction, shifting from state 0 to state 4
yydebug: state 4, reading 0 (end-of-file)
yydebug: state 4, reducing by rule 1 (ficheiro : declaracoes)

 ( PROG:
  ( DECLS:
    ( DECLS:
      ( DECLS:
        ( DECLS:
          ( DECLS:
            ( DECL: IDENTIF:"printi"
              ( BODY:
                ( PARAMS: IDENTIF:"i" NIL:) NIL:))
            ( DECL: IDENTIF:"println" NIL:))
          ( DECL: IDENTIF:"readi" NIL:))
        ( DECL: IDENTIF:"m"))
      ( DECL: IDENTIF:"x"))
    ( DECL: IDENTIF:"entry"
      ( BODY:
        ( PARAMS: IDENTIF:"argc"
          ( PARS:
            ( PARS: NIL: IDENTIF:"argv") IDENTIF:"envp"))
        ( INTRS:
          ( INTRS:
            ( INTRS:
              ( ATRIB: IDENTIF:"m"
                ( CALL: IDENTIF:"readi"))
              ( IFX:
                ( JZ:
                  ( GT: IDENTIF:"m" INT:0) ETIQ:"_i4")
                ( IFX:
                  ( WHILE: JMP:"_i2"
                    ( WHILE: LABEL:"_i3"
                      ( WHILE:
                        ( INTRS:
                          ( INTRS:
                            ( INTRS:
                              ( INTRS:
                                ( CALL: IDENTIF:"printi" IDENTIF:"x")
                                ( CALL: IDENTIF:"println"))
                              ( IFX:
                                ( JZ:
                                  ( GE: IDENTIF:"x" IDENTIF:"m") ETIQ:"_i1")
                                ( IFX:
                                  ( BREAK:) LABEL:"_i1")))
                            ( ATRIB: IDENTIF:"x"
                              ( ADD: IDENTIF:"x" INT:1))))
                        ( WHILE: LABEL:"_i2"
                          ( JNZ:
                            ( LT: IDENTIF:"x" INT:20) ETIQ:"_i3"))))) LABEL:"_i4")))
            ( ATRIB: IDENTIF:"entry" INT:0)))))))
[#86]
yydebug: after reduction, shifting from state 0 to state 3
