yydebug: state 0, reading 266 (PUBLIC)
yydebug: state 0, shifting to state 2
yydebug: state 2, reducing by rule 21 (pub : PUBLIC)
yydebug: after reduction, shifting from state 0 to state 4
yydebug: state 4, reading 265 (VOID)
yydebug: state 4, reducing by rule 18 (cons :)
yydebug: after reduction, shifting from state 4 to state 9
yydebug: state 9, shifting to state 11
yydebug: state 11, reducing by rule 22 (tipo : VOID)
yydebug: after reduction, shifting from state 9 to state 15
yydebug: state 15, reading 259 (IDENTIF)
yydebug: state 15, reducing by rule 16 (ptr :)
yydebug: after reduction, shifting from state 15 to state 17
yydebug: state 17, shifting to state 18
yydebug: state 18, reading 40 ('(')
yydebug: state 18, shifting to state 20
yydebug: state 20, reading 279 (STRING)
yydebug: state 20, reducing by rule 7 ($$1 :)
yydebug: after reduction, shifting from state 20 to state 28
yydebug: state 28, shifting to state 13
yydebug: state 13, reducing by rule 24 (tipo : STRING)
yydebug: after reduction, shifting from state 28 to state 33
yydebug: state 33, reading 259 (IDENTIF)
yydebug: state 33, reducing by rule 16 (ptr :)
yydebug: after reduction, shifting from state 33 to state 38
yydebug: state 38, shifting to state 67
yydebug: state 67, reducing by rule 33 (parametro : tipo ptr IDENTIF)
yydebug: after reduction, shifting from state 28 to state 34
yydebug: state 34, reducing by rule 31 (pars :)
yydebug: after reduction, shifting from state 34 to state 39
yydebug: state 39, reading 41 (')')
yydebug: state 39, reducing by rule 32 (parametros : parametro pars)
yydebug: after reduction, shifting from state 28 to state 35
yydebug: state 35, shifting to state 40
yydebug: state 40, reducing by rule 8 ($$2 :)
yydebug: after reduction, shifting from state 40 to state 69
yydebug: state 69, reading 59 (';')
yydebug: state 69, reducing by rule 14 (corpop :)
yydebug: after reduction, shifting from state 69 to state 115
yydebug: state 115, shifting to state 144
yydebug: state 144, reducing by rule 9 (declaracao : pub cons tipo ptr IDENTIF '(' $$1 parametros ')' $$2 corpop ';')
yydebug: after reduction, shifting from state 0 to state 5
yydebug: state 5, reducing by rule 3 (declaracoes : declaracao)
yydebug: after reduction, shifting from state 0 to state 6
yydebug: state 6, reading 266 (PUBLIC)
yydebug: state 6, shifting to state 2
yydebug: state 2, reducing by rule 21 (pub : PUBLIC)
yydebug: after reduction, shifting from state 6 to state 4
yydebug: state 4, reading 265 (VOID)
yydebug: state 4, reducing by rule 18 (cons :)
yydebug: after reduction, shifting from state 4 to state 9
yydebug: state 9, shifting to state 11
yydebug: state 11, reducing by rule 22 (tipo : VOID)
yydebug: after reduction, shifting from state 9 to state 15
yydebug: state 15, reading 259 (IDENTIF)
yydebug: state 15, reducing by rule 16 (ptr :)
yydebug: after reduction, shifting from state 15 to state 17
yydebug: state 17, shifting to state 18
yydebug: state 18, reading 40 ('(')
yydebug: state 18, shifting to state 20
yydebug: state 20, reading 278 (INTEGER)
yydebug: state 20, reducing by rule 7 ($$1 :)
yydebug: after reduction, shifting from state 20 to state 28
yydebug: state 28, shifting to state 12
yydebug: state 12, reducing by rule 23 (tipo : INTEGER)
yydebug: after reduction, shifting from state 28 to state 33
yydebug: state 33, reading 259 (IDENTIF)
yydebug: state 33, reducing by rule 16 (ptr :)
yydebug: after reduction, shifting from state 33 to state 38
yydebug: state 38, shifting to state 67
yydebug: state 67, reducing by rule 33 (parametro : tipo ptr IDENTIF)
yydebug: after reduction, shifting from state 28 to state 34
yydebug: state 34, reducing by rule 31 (pars :)
yydebug: after reduction, shifting from state 34 to state 39
yydebug: state 39, reading 41 (')')
yydebug: state 39, reducing by rule 32 (parametros : parametro pars)
yydebug: after reduction, shifting from state 28 to state 35
yydebug: state 35, shifting to state 40
yydebug: state 40, reducing by rule 8 ($$2 :)
yydebug: after reduction, shifting from state 40 to state 69
yydebug: state 69, reading 59 (';')
yydebug: state 69, reducing by rule 14 (corpop :)
yydebug: after reduction, shifting from state 69 to state 115
yydebug: state 115, shifting to state 144
yydebug: state 144, reducing by rule 9 (declaracao : pub cons tipo ptr IDENTIF '(' $$1 parametros ')' $$2 corpop ';')
yydebug: after reduction, shifting from state 6 to state 10
yydebug: state 10, reducing by rule 4 (declaracoes : declaracoes declaracao)
yydebug: after reduction, shifting from state 0 to state 6
yydebug: state 6, reading 266 (PUBLIC)
yydebug: state 6, shifting to state 2
yydebug: state 2, reducing by rule 21 (pub : PUBLIC)
yydebug: after reduction, shifting from state 6 to state 4
yydebug: state 4, reading 265 (VOID)
yydebug: state 4, reducing by rule 18 (cons :)
yydebug: after reduction, shifting from state 4 to state 9
yydebug: state 9, shifting to state 11
yydebug: state 11, reducing by rule 22 (tipo : VOID)
yydebug: after reduction, shifting from state 9 to state 15
yydebug: state 15, reading 259 (IDENTIF)
yydebug: state 15, reducing by rule 16 (ptr :)
yydebug: after reduction, shifting from state 15 to state 17
yydebug: state 17, shifting to state 18
yydebug: state 18, reading 40 ('(')
yydebug: state 18, shifting to state 20
yydebug: state 20, reading 280 (NUMBER)
yydebug: state 20, reducing by rule 7 ($$1 :)
yydebug: after reduction, shifting from state 20 to state 28
yydebug: state 28, shifting to state 14
yydebug: state 14, reducing by rule 25 (tipo : NUMBER)
yydebug: after reduction, shifting from state 28 to state 33
yydebug: state 33, reading 259 (IDENTIF)
yydebug: state 33, reducing by rule 16 (ptr :)
yydebug: after reduction, shifting from state 33 to state 38
yydebug: state 38, shifting to state 67
yydebug: state 67, reducing by rule 33 (parametro : tipo ptr IDENTIF)
yydebug: after reduction, shifting from state 28 to state 34
yydebug: state 34, reducing by rule 31 (pars :)
yydebug: after reduction, shifting from state 34 to state 39
yydebug: state 39, reading 41 (')')
yydebug: state 39, reducing by rule 32 (parametros : parametro pars)
yydebug: after reduction, shifting from state 28 to state 35
yydebug: state 35, shifting to state 40
yydebug: state 40, reducing by rule 8 ($$2 :)
yydebug: after reduction, shifting from state 40 to state 69
yydebug: state 69, reading 59 (';')
yydebug: state 69, reducing by rule 14 (corpop :)
yydebug: after reduction, shifting from state 69 to state 115
yydebug: state 115, shifting to state 144
yydebug: state 144, reducing by rule 9 (declaracao : pub cons tipo ptr IDENTIF '(' $$1 parametros ')' $$2 corpop ';')
yydebug: after reduction, shifting from state 6 to state 10
yydebug: state 10, reducing by rule 4 (declaracoes : declaracoes declaracao)
yydebug: after reduction, shifting from state 0 to state 6
yydebug: state 6, reading 266 (PUBLIC)
yydebug: state 6, shifting to state 2
yydebug: state 2, reducing by rule 21 (pub : PUBLIC)
yydebug: after reduction, shifting from state 6 to state 4
yydebug: state 4, reading 265 (VOID)
yydebug: state 4, reducing by rule 18 (cons :)
yydebug: after reduction, shifting from state 4 to state 9
yydebug: state 9, shifting to state 11
yydebug: state 11, reducing by rule 22 (tipo : VOID)
yydebug: after reduction, shifting from state 9 to state 15
yydebug: state 15, reading 259 (IDENTIF)
yydebug: state 15, reducing by rule 16 (ptr :)
yydebug: after reduction, shifting from state 15 to state 17
yydebug: state 17, shifting to state 18
yydebug: state 18, reading 40 ('(')
yydebug: state 18, shifting to state 20
yydebug: state 20, reading 41 (')')
yydebug: state 20, shifting to state 27
yydebug: state 27, reading 59 (';')
yydebug: state 27, shifting to state 31
yydebug: state 31, reducing by rule 12 (declaracao : pub cons tipo ptr IDENTIF '(' ')' ';')
yydebug: after reduction, shifting from state 6 to state 10
yydebug: state 10, reducing by rule 4 (declaracoes : declaracoes declaracao)
yydebug: after reduction, shifting from state 0 to state 6
yydebug: state 6, reading 266 (PUBLIC)
yydebug: state 6, shifting to state 2
yydebug: state 2, reducing by rule 21 (pub : PUBLIC)
yydebug: after reduction, shifting from state 6 to state 4
yydebug: state 4, reading 278 (INTEGER)
yydebug: state 4, reducing by rule 18 (cons :)
yydebug: after reduction, shifting from state 4 to state 9
yydebug: state 9, shifting to state 12
yydebug: state 12, reducing by rule 23 (tipo : INTEGER)
yydebug: after reduction, shifting from state 9 to state 15
yydebug: state 15, reading 259 (IDENTIF)
yydebug: state 15, reducing by rule 16 (ptr :)
yydebug: after reduction, shifting from state 15 to state 17
yydebug: state 17, shifting to state 18
yydebug: state 18, reading 40 ('(')
yydebug: state 18, shifting to state 20
yydebug: state 20, reading 41 (')')
yydebug: state 20, shifting to state 27
yydebug: state 27, reading 59 (';')
yydebug: state 27, shifting to state 31
yydebug: state 31, reducing by rule 12 (declaracao : pub cons tipo ptr IDENTIF '(' ')' ';')
yydebug: after reduction, shifting from state 6 to state 10
yydebug: state 10, reducing by rule 4 (declaracoes : declaracoes declaracao)
yydebug: after reduction, shifting from state 0 to state 6
yydebug: state 6, reading 266 (PUBLIC)
yydebug: state 6, shifting to state 2
yydebug: state 2, reducing by rule 21 (pub : PUBLIC)
yydebug: after reduction, shifting from state 6 to state 4
yydebug: state 4, reading 280 (NUMBER)
yydebug: state 4, reducing by rule 18 (cons :)
yydebug: after reduction, shifting from state 4 to state 9
yydebug: state 9, shifting to state 14
yydebug: state 14, reducing by rule 25 (tipo : NUMBER)
yydebug: after reduction, shifting from state 9 to state 15
yydebug: state 15, reading 259 (IDENTIF)
yydebug: state 15, reducing by rule 16 (ptr :)
yydebug: after reduction, shifting from state 15 to state 17
yydebug: state 17, shifting to state 18
yydebug: state 18, reading 40 ('(')
yydebug: state 18, shifting to state 20
yydebug: state 20, reading 41 (')')
yydebug: state 20, shifting to state 27
yydebug: state 27, reading 59 (';')
yydebug: state 27, shifting to state 31
yydebug: state 31, reducing by rule 12 (declaracao : pub cons tipo ptr IDENTIF '(' ')' ';')
yydebug: after reduction, shifting from state 6 to state 10
yydebug: state 10, reducing by rule 4 (declaracoes : declaracoes declaracao)
yydebug: after reduction, shifting from state 0 to state 6
yydebug: state 6, reading 266 (PUBLIC)
yydebug: state 6, shifting to state 2
yydebug: state 2, reducing by rule 21 (pub : PUBLIC)
yydebug: after reduction, shifting from state 6 to state 4
yydebug: state 4, reading 279 (STRING)
yydebug: state 4, reducing by rule 18 (cons :)
yydebug: after reduction, shifting from state 4 to state 9
yydebug: state 9, shifting to state 13
yydebug: state 13, reducing by rule 24 (tipo : STRING)
yydebug: after reduction, shifting from state 9 to state 15
yydebug: state 15, reading 259 (IDENTIF)
yydebug: state 15, reducing by rule 16 (ptr :)
yydebug: after reduction, shifting from state 15 to state 17
yydebug: state 17, shifting to state 18
yydebug: state 18, reading 40 ('(')
yydebug: state 18, shifting to state 20
yydebug: state 20, reading 41 (')')
yydebug: state 20, shifting to state 27
yydebug: state 27, reading 59 (';')
yydebug: state 27, shifting to state 31
yydebug: state 31, reducing by rule 12 (declaracao : pub cons tipo ptr IDENTIF '(' ')' ';')
yydebug: after reduction, shifting from state 6 to state 10
yydebug: state 10, reducing by rule 4 (declaracoes : declaracoes declaracao)
yydebug: after reduction, shifting from state 0 to state 6
yydebug: state 6, reading 266 (PUBLIC)
yydebug: state 6, shifting to state 2
yydebug: state 2, reducing by rule 21 (pub : PUBLIC)
yydebug: after reduction, shifting from state 6 to state 4
yydebug: state 4, reading 278 (INTEGER)
yydebug: state 4, reducing by rule 18 (cons :)
yydebug: after reduction, shifting from state 4 to state 9
yydebug: state 9, shifting to state 12
yydebug: state 12, reducing by rule 23 (tipo : INTEGER)
yydebug: after reduction, shifting from state 9 to state 15
yydebug: state 15, reading 259 (IDENTIF)
yydebug: state 15, reducing by rule 16 (ptr :)
yydebug: after reduction, shifting from state 15 to state 17
yydebug: state 17, shifting to state 18
yydebug: state 18, reading 40 ('(')
yydebug: state 18, shifting to state 20
yydebug: state 20, reading 279 (STRING)
yydebug: state 20, reducing by rule 7 ($$1 :)
yydebug: after reduction, shifting from state 20 to state 28
yydebug: state 28, shifting to state 13
yydebug: state 13, reducing by rule 24 (tipo : STRING)
yydebug: after reduction, shifting from state 28 to state 33
yydebug: state 33, reading 259 (IDENTIF)
yydebug: state 33, reducing by rule 16 (ptr :)
yydebug: after reduction, shifting from state 33 to state 38
yydebug: state 38, shifting to state 67
yydebug: state 67, reducing by rule 33 (parametro : tipo ptr IDENTIF)
yydebug: after reduction, shifting from state 28 to state 34
yydebug: state 34, reducing by rule 31 (pars :)
yydebug: after reduction, shifting from state 34 to state 39
yydebug: state 39, reading 41 (')')
yydebug: state 39, reducing by rule 32 (parametros : parametro pars)
yydebug: after reduction, shifting from state 28 to state 35
yydebug: state 35, shifting to state 40
yydebug: state 40, reducing by rule 8 ($$2 :)
yydebug: after reduction, shifting from state 40 to state 69
yydebug: state 69, reading 59 (';')
yydebug: state 69, reducing by rule 14 (corpop :)
yydebug: after reduction, shifting from state 69 to state 115
yydebug: state 115, shifting to state 144
yydebug: state 144, reducing by rule 9 (declaracao : pub cons tipo ptr IDENTIF '(' $$1 parametros ')' $$2 corpop ';')
yydebug: after reduction, shifting from state 6 to state 10
yydebug: state 10, reducing by rule 4 (declaracoes : declaracoes declaracao)
yydebug: after reduction, shifting from state 0 to state 6
yydebug: state 6, reading 266 (PUBLIC)
yydebug: state 6, shifting to state 2
yydebug: state 2, reducing by rule 21 (pub : PUBLIC)
yydebug: after reduction, shifting from state 6 to state 4
yydebug: state 4, reading 278 (INTEGER)
yydebug: state 4, reducing by rule 18 (cons :)
yydebug: after reduction, shifting from state 4 to state 9
yydebug: state 9, shifting to state 12
yydebug: state 12, reducing by rule 23 (tipo : INTEGER)
yydebug: after reduction, shifting from state 9 to state 15
yydebug: state 15, reading 259 (IDENTIF)
yydebug: state 15, reducing by rule 16 (ptr :)
yydebug: after reduction, shifting from state 15 to state 17
yydebug: state 17, shifting to state 18
yydebug: state 18, reading 40 ('(')
yydebug: state 18, shifting to state 20
yydebug: state 20, reading 279 (STRING)
yydebug: state 20, reducing by rule 7 ($$1 :)
yydebug: after reduction, shifting from state 20 to state 28
yydebug: state 28, shifting to state 13
yydebug: state 13, reducing by rule 24 (tipo : STRING)
yydebug: after reduction, shifting from state 28 to state 33
yydebug: state 33, reading 259 (IDENTIF)
yydebug: state 33, reducing by rule 16 (ptr :)
yydebug: after reduction, shifting from state 33 to state 38
yydebug: state 38, shifting to state 67
yydebug: state 67, reducing by rule 33 (parametro : tipo ptr IDENTIF)
yydebug: after reduction, shifting from state 28 to state 34
yydebug: state 34, reducing by rule 31 (pars :)
yydebug: after reduction, shifting from state 34 to state 39
yydebug: state 39, reading 41 (')')
yydebug: state 39, reducing by rule 32 (parametros : parametro pars)
yydebug: after reduction, shifting from state 28 to state 35
yydebug: state 35, shifting to state 40
yydebug: state 40, reducing by rule 8 ($$2 :)
yydebug: after reduction, shifting from state 40 to state 69
yydebug: state 69, reading 59 (';')
yydebug: state 69, reducing by rule 14 (corpop :)
yydebug: after reduction, shifting from state 69 to state 115
yydebug: state 115, shifting to state 144
yydebug: state 144, reducing by rule 9 (declaracao : pub cons tipo ptr IDENTIF '(' $$1 parametros ')' $$2 corpop ';')
yydebug: after reduction, shifting from state 6 to state 10
yydebug: state 10, reducing by rule 4 (declaracoes : declaracoes declaracao)
yydebug: after reduction, shifting from state 0 to state 6
yydebug: state 6, reading 266 (PUBLIC)
yydebug: state 6, shifting to state 2
yydebug: state 2, reducing by rule 21 (pub : PUBLIC)
yydebug: after reduction, shifting from state 6 to state 4
yydebug: state 4, reading 279 (STRING)
yydebug: state 4, reducing by rule 18 (cons :)
yydebug: after reduction, shifting from state 4 to state 9
yydebug: state 9, shifting to state 13
yydebug: state 13, reducing by rule 24 (tipo : STRING)
yydebug: after reduction, shifting from state 9 to state 15
yydebug: state 15, reading 259 (IDENTIF)
yydebug: state 15, reducing by rule 16 (ptr :)
yydebug: after reduction, shifting from state 15 to state 17
yydebug: state 17, shifting to state 18
yydebug: state 18, reading 40 ('(')
yydebug: state 18, shifting to state 20
yydebug: state 20, reading 278 (INTEGER)
yydebug: state 20, reducing by rule 7 ($$1 :)
yydebug: after reduction, shifting from state 20 to state 28
yydebug: state 28, shifting to state 12
yydebug: state 12, reducing by rule 23 (tipo : INTEGER)
yydebug: after reduction, shifting from state 28 to state 33
yydebug: state 33, reading 259 (IDENTIF)
yydebug: state 33, reducing by rule 16 (ptr :)
yydebug: after reduction, shifting from state 33 to state 38
yydebug: state 38, shifting to state 67
yydebug: state 67, reducing by rule 33 (parametro : tipo ptr IDENTIF)
yydebug: after reduction, shifting from state 28 to state 34
yydebug: state 34, reducing by rule 31 (pars :)
yydebug: after reduction, shifting from state 34 to state 39
yydebug: state 39, reading 41 (')')
yydebug: state 39, reducing by rule 32 (parametros : parametro pars)
yydebug: after reduction, shifting from state 28 to state 35
yydebug: state 35, shifting to state 40
yydebug: state 40, reducing by rule 8 ($$2 :)
yydebug: after reduction, shifting from state 40 to state 69
yydebug: state 69, reading 59 (';')
yydebug: state 69, reducing by rule 14 (corpop :)
yydebug: after reduction, shifting from state 69 to state 115
yydebug: state 115, shifting to state 144
yydebug: state 144, reducing by rule 9 (declaracao : pub cons tipo ptr IDENTIF '(' $$1 parametros ')' $$2 corpop ';')
yydebug: after reduction, shifting from state 6 to state 10
yydebug: state 10, reducing by rule 4 (declaracoes : declaracoes declaracao)
yydebug: after reduction, shifting from state 0 to state 6
yydebug: state 6, reading 266 (PUBLIC)
yydebug: state 6, shifting to state 2
yydebug: state 2, reducing by rule 21 (pub : PUBLIC)
yydebug: after reduction, shifting from state 6 to state 4
yydebug: state 4, reading 280 (NUMBER)
yydebug: state 4, reducing by rule 18 (cons :)
yydebug: after reduction, shifting from state 4 to state 9
yydebug: state 9, shifting to state 14
yydebug: state 14, reducing by rule 25 (tipo : NUMBER)
yydebug: after reduction, shifting from state 9 to state 15
yydebug: state 15, reading 259 (IDENTIF)
yydebug: state 15, reducing by rule 16 (ptr :)
yydebug: after reduction, shifting from state 15 to state 17
yydebug: state 17, shifting to state 18
yydebug: state 18, reading 40 ('(')
yydebug: state 18, shifting to state 20
yydebug: state 20, reading 279 (STRING)
yydebug: state 20, reducing by rule 7 ($$1 :)
yydebug: after reduction, shifting from state 20 to state 28
yydebug: state 28, shifting to state 13
yydebug: state 13, reducing by rule 24 (tipo : STRING)
yydebug: after reduction, shifting from state 28 to state 33
yydebug: state 33, reading 259 (IDENTIF)
yydebug: state 33, reducing by rule 16 (ptr :)
yydebug: after reduction, shifting from state 33 to state 38
yydebug: state 38, shifting to state 67
yydebug: state 67, reducing by rule 33 (parametro : tipo ptr IDENTIF)
yydebug: after reduction, shifting from state 28 to state 34
yydebug: state 34, reducing by rule 31 (pars :)
yydebug: after reduction, shifting from state 34 to state 39
yydebug: state 39, reading 41 (')')
yydebug: state 39, reducing by rule 32 (parametros : parametro pars)
yydebug: after reduction, shifting from state 28 to state 35
yydebug: state 35, shifting to state 40
yydebug: state 40, reducing by rule 8 ($$2 :)
yydebug: after reduction, shifting from state 40 to state 69
yydebug: state 69, reading 59 (';')
yydebug: state 69, reducing by rule 14 (corpop :)
yydebug: after reduction, shifting from state 69 to state 115
yydebug: state 115, shifting to state 144
yydebug: state 144, reducing by rule 9 (declaracao : pub cons tipo ptr IDENTIF '(' $$1 parametros ')' $$2 corpop ';')
yydebug: after reduction, shifting from state 6 to state 10
yydebug: state 10, reducing by rule 4 (declaracoes : declaracoes declaracao)
yydebug: after reduction, shifting from state 0 to state 6
yydebug: state 6, reading 266 (PUBLIC)
yydebug: state 6, shifting to state 2
yydebug: state 2, reducing by rule 21 (pub : PUBLIC)
yydebug: after reduction, shifting from state 6 to state 4
yydebug: state 4, reading 279 (STRING)
yydebug: state 4, reducing by rule 18 (cons :)
yydebug: after reduction, shifting from state 4 to state 9
yydebug: state 9, shifting to state 13
yydebug: state 13, reducing by rule 24 (tipo : STRING)
yydebug: after reduction, shifting from state 9 to state 15
yydebug: state 15, reading 259 (IDENTIF)
yydebug: state 15, reducing by rule 16 (ptr :)
yydebug: after reduction, shifting from state 15 to state 17
yydebug: state 17, shifting to state 18
yydebug: state 18, reading 40 ('(')
yydebug: state 18, shifting to state 20
yydebug: state 20, reading 280 (NUMBER)
yydebug: state 20, reducing by rule 7 ($$1 :)
yydebug: after reduction, shifting from state 20 to state 28
yydebug: state 28, shifting to state 14
yydebug: state 14, reducing by rule 25 (tipo : NUMBER)
yydebug: after reduction, shifting from state 28 to state 33
yydebug: state 33, reading 259 (IDENTIF)
yydebug: state 33, reducing by rule 16 (ptr :)
yydebug: after reduction, shifting from state 33 to state 38
yydebug: state 38, shifting to state 67
yydebug: state 67, reducing by rule 33 (parametro : tipo ptr IDENTIF)
yydebug: after reduction, shifting from state 28 to state 34
yydebug: state 34, reducing by rule 31 (pars :)
yydebug: after reduction, shifting from state 34 to state 39
yydebug: state 39, reading 41 (')')
yydebug: state 39, reducing by rule 32 (parametros : parametro pars)
yydebug: after reduction, shifting from state 28 to state 35
yydebug: state 35, shifting to state 40
yydebug: state 40, reducing by rule 8 ($$2 :)
yydebug: after reduction, shifting from state 40 to state 69
yydebug: state 69, reading 59 (';')
yydebug: state 69, reducing by rule 14 (corpop :)
yydebug: after reduction, shifting from state 69 to state 115
yydebug: state 115, shifting to state 144
yydebug: state 144, reducing by rule 9 (declaracao : pub cons tipo ptr IDENTIF '(' $$1 parametros ')' $$2 corpop ';')
yydebug: after reduction, shifting from state 6 to state 10
yydebug: state 10, reducing by rule 4 (declaracoes : declaracoes declaracao)
yydebug: after reduction, shifting from state 0 to state 6
yydebug: state 6, reading 0 (end-of-file)
yydebug: state 6, reducing by rule 1 (ficheiro : declaracoes)
yydebug: after reduction, shifting from state 0 to state 3
