yydebug: state 0, reading 266 (PUBLIC)
yydebug: state 0, shifting to state 2
yydebug: state 2, reducing by rule 21 (pub : PUBLIC)
yydebug: after reduction, shifting from state 0 to state 6
yydebug: state 6, reading 265 (VOID)
yydebug: state 6, reducing by rule 18 (cons :)
yydebug: after reduction, shifting from state 6 to state 10
yydebug: state 10, shifting to state 11
yydebug: state 11, reducing by rule 22 (tipo : VOID)
yydebug: after reduction, shifting from state 10 to state 15
yydebug: state 15, reading 259 (IDENTIF)
yydebug: state 15, reducing by rule 16 (ptr :)
yydebug: after reduction, shifting from state 15 to state 17
yydebug: state 17, shifting to state 18
yydebug: state 18, reading 40 ('(')
yydebug: state 18, shifting to state 20
yydebug: state 20, reading 279 (STRING)
yydebug: state 20, reducing by rule 7 ($$1 :)
yydebug: after reduction, shifting from state 20 to state 29
yydebug: state 29, shifting to state 13
yydebug: state 13, reducing by rule 24 (tipo : STRING)
yydebug: after reduction, shifting from state 29 to state 36
yydebug: state 36, reading 259 (IDENTIF)
yydebug: state 36, reducing by rule 16 (ptr :)
yydebug: after reduction, shifting from state 36 to state 41
yydebug: state 41, shifting to state 70
yydebug: state 70, reducing by rule 34 (parametro : tipo ptr IDENTIF)
yydebug: after reduction, shifting from state 29 to state 37
yydebug: state 37, reducing by rule 33 (parametros : parametro)
yydebug: after reduction, shifting from state 29 to state 38
yydebug: state 38, reading 41 (')')
yydebug: state 38, shifting to state 42
yydebug: state 42, reducing by rule 8 ($$2 :)
yydebug: after reduction, shifting from state 42 to state 71
yydebug: state 71, reading 59 (';')
yydebug: state 71, reducing by rule 14 (corpop :)
yydebug: after reduction, shifting from state 71 to state 118
yydebug: state 118, shifting to state 146
yydebug: state 146, reducing by rule 9 (declaracao : pub cons tipo ptr IDENTIF '(' $$1 parametros ')' $$2 corpop ';')
yydebug: after reduction, shifting from state 0 to state 5
yydebug: state 5, reducing by rule 3 (declaracoes : declaracao)
yydebug: after reduction, shifting from state 0 to state 4
yydebug: state 4, reading 266 (PUBLIC)
yydebug: state 4, shifting to state 2
yydebug: state 2, reducing by rule 21 (pub : PUBLIC)
yydebug: after reduction, shifting from state 4 to state 6
yydebug: state 6, reading 265 (VOID)
yydebug: state 6, reducing by rule 18 (cons :)
yydebug: after reduction, shifting from state 6 to state 10
yydebug: state 10, shifting to state 11
yydebug: state 11, reducing by rule 22 (tipo : VOID)
yydebug: after reduction, shifting from state 10 to state 15
yydebug: state 15, reading 259 (IDENTIF)
yydebug: state 15, reducing by rule 16 (ptr :)
yydebug: after reduction, shifting from state 15 to state 17
yydebug: state 17, shifting to state 18
yydebug: state 18, reading 40 ('(')
yydebug: state 18, shifting to state 20
yydebug: state 20, reading 278 (INTEGER)
yydebug: state 20, reducing by rule 7 ($$1 :)
yydebug: after reduction, shifting from state 20 to state 29
yydebug: state 29, shifting to state 12
yydebug: state 12, reducing by rule 23 (tipo : INTEGER)
yydebug: after reduction, shifting from state 29 to state 36
yydebug: state 36, reading 259 (IDENTIF)
yydebug: state 36, reducing by rule 16 (ptr :)
yydebug: after reduction, shifting from state 36 to state 41
yydebug: state 41, shifting to state 70
yydebug: state 70, reducing by rule 34 (parametro : tipo ptr IDENTIF)
yydebug: after reduction, shifting from state 29 to state 37
yydebug: state 37, reducing by rule 33 (parametros : parametro)
yydebug: after reduction, shifting from state 29 to state 38
yydebug: state 38, reading 41 (')')
yydebug: state 38, shifting to state 42
yydebug: state 42, reducing by rule 8 ($$2 :)
yydebug: after reduction, shifting from state 42 to state 71
yydebug: state 71, reading 59 (';')
yydebug: state 71, reducing by rule 14 (corpop :)
yydebug: after reduction, shifting from state 71 to state 118
yydebug: state 118, shifting to state 146
yydebug: state 146, reducing by rule 9 (declaracao : pub cons tipo ptr IDENTIF '(' $$1 parametros ')' $$2 corpop ';')
yydebug: after reduction, shifting from state 4 to state 8
yydebug: state 8, reducing by rule 4 (declaracoes : declaracoes declaracao)
yydebug: after reduction, shifting from state 0 to state 4
yydebug: state 4, reading 266 (PUBLIC)
yydebug: state 4, shifting to state 2
yydebug: state 2, reducing by rule 21 (pub : PUBLIC)
yydebug: after reduction, shifting from state 4 to state 6
yydebug: state 6, reading 265 (VOID)
yydebug: state 6, reducing by rule 18 (cons :)
yydebug: after reduction, shifting from state 6 to state 10
yydebug: state 10, shifting to state 11
yydebug: state 11, reducing by rule 22 (tipo : VOID)
yydebug: after reduction, shifting from state 10 to state 15
yydebug: state 15, reading 259 (IDENTIF)
yydebug: state 15, reducing by rule 16 (ptr :)
yydebug: after reduction, shifting from state 15 to state 17
yydebug: state 17, shifting to state 18
yydebug: state 18, reading 40 ('(')
yydebug: state 18, shifting to state 20
yydebug: state 20, reading 41 (')')
yydebug: state 20, shifting to state 28
yydebug: state 28, reading 59 (';')
yydebug: state 28, shifting to state 34
yydebug: state 34, reducing by rule 12 (declaracao : pub cons tipo ptr IDENTIF '(' ')' ';')
yydebug: after reduction, shifting from state 4 to state 8
yydebug: state 8, reducing by rule 4 (declaracoes : declaracoes declaracao)
yydebug: after reduction, shifting from state 0 to state 4
yydebug: state 4, reading 266 (PUBLIC)
yydebug: state 4, shifting to state 2
yydebug: state 2, reducing by rule 21 (pub : PUBLIC)
yydebug: after reduction, shifting from state 4 to state 6
yydebug: state 6, reading 278 (INTEGER)
yydebug: state 6, reducing by rule 18 (cons :)
yydebug: after reduction, shifting from state 6 to state 10
yydebug: state 10, shifting to state 12
yydebug: state 12, reducing by rule 23 (tipo : INTEGER)
yydebug: after reduction, shifting from state 10 to state 15
yydebug: state 15, reading 259 (IDENTIF)
yydebug: state 15, reducing by rule 16 (ptr :)
yydebug: after reduction, shifting from state 15 to state 17
yydebug: state 17, shifting to state 18
yydebug: state 18, reading 40 ('(')
yydebug: state 18, shifting to state 20
yydebug: state 20, reading 41 (')')
yydebug: state 20, shifting to state 28
yydebug: state 28, reading 59 (';')
yydebug: state 28, shifting to state 34
yydebug: state 34, reducing by rule 12 (declaracao : pub cons tipo ptr IDENTIF '(' ')' ';')
yydebug: after reduction, shifting from state 4 to state 8
yydebug: state 8, reducing by rule 4 (declaracoes : declaracoes declaracao)
yydebug: after reduction, shifting from state 0 to state 4
yydebug: state 4, reading 278 (INTEGER)
yydebug: state 4, reducing by rule 20 (pub :)
yydebug: after reduction, shifting from state 4 to state 6
yydebug: state 6, reducing by rule 18 (cons :)
yydebug: after reduction, shifting from state 6 to state 10
yydebug: state 10, shifting to state 12
yydebug: state 12, reducing by rule 23 (tipo : INTEGER)
yydebug: after reduction, shifting from state 10 to state 15
yydebug: state 15, reading 259 (IDENTIF)
yydebug: state 15, reducing by rule 16 (ptr :)
yydebug: after reduction, shifting from state 15 to state 17
yydebug: state 17, shifting to state 18
yydebug: state 18, reading 59 (';')
yydebug: state 18, shifting to state 21
yydebug: state 21, reducing by rule 6 (declaracao : pub cons tipo ptr IDENTIF ';')
yydebug: after reduction, shifting from state 4 to state 8
yydebug: state 8, reducing by rule 4 (declaracoes : declaracoes declaracao)
yydebug: after reduction, shifting from state 0 to state 4
yydebug: state 4, reading 278 (INTEGER)
yydebug: state 4, reducing by rule 20 (pub :)
yydebug: after reduction, shifting from state 4 to state 6
yydebug: state 6, reducing by rule 18 (cons :)
yydebug: after reduction, shifting from state 6 to state 10
yydebug: state 10, shifting to state 12
yydebug: state 12, reducing by rule 23 (tipo : INTEGER)
yydebug: after reduction, shifting from state 10 to state 15
yydebug: state 15, reading 259 (IDENTIF)
yydebug: state 15, reducing by rule 16 (ptr :)
yydebug: after reduction, shifting from state 15 to state 17
yydebug: state 17, shifting to state 18
yydebug: state 18, reading 40 ('(')
yydebug: state 18, shifting to state 20
yydebug: state 20, reading 278 (INTEGER)
yydebug: state 20, reducing by rule 7 ($$1 :)
yydebug: after reduction, shifting from state 20 to state 29
yydebug: state 29, shifting to state 12
yydebug: state 12, reducing by rule 23 (tipo : INTEGER)
yydebug: after reduction, shifting from state 29 to state 36
yydebug: state 36, reading 259 (IDENTIF)
yydebug: state 36, reducing by rule 16 (ptr :)
yydebug: after reduction, shifting from state 36 to state 41
yydebug: state 41, shifting to state 70
yydebug: state 70, reducing by rule 34 (parametro : tipo ptr IDENTIF)
yydebug: after reduction, shifting from state 29 to state 37
yydebug: state 37, reducing by rule 33 (parametros : parametro)
yydebug: after reduction, shifting from state 29 to state 38
yydebug: state 38, reading 41 (')')
yydebug: state 38, shifting to state 42
yydebug: state 42, reducing by rule 8 ($$2 :)
yydebug: after reduction, shifting from state 42 to state 71
yydebug: state 71, reading 123 ('{')
yydebug: state 71, shifting to state 39
yydebug: state 39, reading 259 (IDENTIF)
yydebug: state 39, shifting to state 47
yydebug: state 47, reading 287 (ATRIB)
yydebug: state 47, reducing by rule 94 (left_value : IDENTIF)
yydebug: after reduction, shifting from state 39 to state 62
yydebug: state 62, shifting to state 94
yydebug: state 94, reading 259 (IDENTIF)
yydebug: state 94, shifting to state 47
yydebug: state 47, reading 43 ('+')
yydebug: state 47, reducing by rule 94 (left_value : IDENTIF)
yydebug: after reduction, shifting from state 94 to state 76
yydebug: state 76, reducing by rule 67 (expressao : left_value)
yydebug: after reduction, shifting from state 94 to state 129
yydebug: state 129, shifting to state 104
yydebug: state 104, reading 257 (INT)
yydebug: state 104, shifting to state 45
yydebug: state 45, reducing by rule 64 (expressao : INT)
yydebug: after reduction, shifting from state 104 to state 139
yydebug: state 139, reading 59 (';')
yydebug: state 139, reducing by rule 80 (expressao : expressao '+' expressao)
yydebug: after reduction, shifting from state 94 to state 129
yydebug: state 129, reducing by rule 71 (expressao : left_value ATRIB expressao)
yydebug: after reduction, shifting from state 39 to state 63
yydebug: state 63, shifting to state 110
yydebug: state 110, reducing by rule 50 (instrucao : expressao ';')
yydebug: after reduction, shifting from state 39 to state 65
yydebug: state 65, reducing by rule 41 (instrucoes : instrucao)
yydebug: after reduction, shifting from state 39 to state 66
yydebug: state 66, reading 262 (IF)
yydebug: state 66, shifting to state 49
yydebug: state 49, reading 259 (IDENTIF)
yydebug: state 49, shifting to state 47
yydebug: state 47, reading 282 (LE)
yydebug: state 47, reducing by rule 94 (left_value : IDENTIF)
yydebug: after reduction, shifting from state 49 to state 76
yydebug: state 76, reducing by rule 67 (expressao : left_value)
yydebug: after reduction, shifting from state 49 to state 77
yydebug: state 77, shifting to state 97
yydebug: state 97, reading 257 (INT)
yydebug: state 97, shifting to state 45
yydebug: state 45, reducing by rule 64 (expressao : INT)
yydebug: after reduction, shifting from state 97 to state 132
yydebug: state 132, reading 268 (THEN)
yydebug: state 132, reducing by rule 87 (expressao : expressao LE expressao)
yydebug: after reduction, shifting from state 49 to state 77
yydebug: state 77, shifting to state 123
yydebug: state 123, reading 259 (IDENTIF)
yydebug: state 123, shifting to state 47
yydebug: state 47, reading 287 (ATRIB)
yydebug: state 47, reducing by rule 94 (left_value : IDENTIF)
yydebug: after reduction, shifting from state 123 to state 62
yydebug: state 62, shifting to state 94
yydebug: state 94, reading 259 (IDENTIF)
yydebug: state 94, shifting to state 47
yydebug: state 47, reading 59 (';')
yydebug: state 47, reducing by rule 94 (left_value : IDENTIF)
yydebug: after reduction, shifting from state 94 to state 76
yydebug: state 76, reducing by rule 67 (expressao : left_value)
yydebug: after reduction, shifting from state 94 to state 129
yydebug: state 129, reducing by rule 71 (expressao : left_value ATRIB expressao)
yydebug: after reduction, shifting from state 123 to state 63
yydebug: state 63, shifting to state 110
yydebug: state 110, reducing by rule 50 (instrucao : expressao ';')
yydebug: after reduction, shifting from state 123 to state 150
yydebug: state 150, reading 269 (ELSE)
yydebug: state 150, shifting to state 155
yydebug: state 155, reading 259 (IDENTIF)
yydebug: state 155, shifting to state 47
yydebug: state 47, reading 287 (ATRIB)
yydebug: state 47, reducing by rule 94 (left_value : IDENTIF)
yydebug: after reduction, shifting from state 155 to state 62
yydebug: state 62, shifting to state 94
yydebug: state 94, reading 259 (IDENTIF)
yydebug: state 94, shifting to state 47
yydebug: state 47, reading 40 ('(')
yydebug: state 47, shifting to state 74
yydebug: state 74, reading 259 (IDENTIF)
yydebug: state 74, shifting to state 47
yydebug: state 47, reading 45 ('-')
yydebug: state 47, reducing by rule 94 (left_value : IDENTIF)
yydebug: after reduction, shifting from state 74 to state 76
yydebug: state 76, reducing by rule 67 (expressao : left_value)
yydebug: after reduction, shifting from state 74 to state 120
yydebug: state 120, shifting to state 105
yydebug: state 105, reading 257 (INT)
yydebug: state 105, shifting to state 45
yydebug: state 45, reducing by rule 64 (expressao : INT)
yydebug: after reduction, shifting from state 105 to state 140
yydebug: state 140, reading 41 (')')
yydebug: state 140, reducing by rule 81 (expressao : expressao '-' expressao)
yydebug: after reduction, shifting from state 74 to state 120
yydebug: state 120, reducing by rule 63 (expressoes : expressao)
yydebug: after reduction, shifting from state 74 to state 121
yydebug: state 121, shifting to state 147
yydebug: state 147, reducing by rule 68 (expressao : IDENTIF '(' expressoes ')')
yydebug: after reduction, shifting from state 94 to state 129
yydebug: state 129, reading 43 ('+')
yydebug: state 129, shifting to state 104
yydebug: state 104, reading 259 (IDENTIF)
yydebug: state 104, shifting to state 47
yydebug: state 47, reading 40 ('(')
yydebug: state 47, shifting to state 74
yydebug: state 74, reading 259 (IDENTIF)
yydebug: state 74, shifting to state 47
yydebug: state 47, reading 45 ('-')
yydebug: state 47, reducing by rule 94 (left_value : IDENTIF)
yydebug: after reduction, shifting from state 74 to state 76
yydebug: state 76, reducing by rule 67 (expressao : left_value)
yydebug: after reduction, shifting from state 74 to state 120
yydebug: state 120, shifting to state 105
yydebug: state 105, reading 257 (INT)
yydebug: state 105, shifting to state 45
yydebug: state 45, reducing by rule 64 (expressao : INT)
yydebug: after reduction, shifting from state 105 to state 140
yydebug: state 140, reading 41 (')')
yydebug: state 140, reducing by rule 81 (expressao : expressao '-' expressao)
yydebug: after reduction, shifting from state 74 to state 120
yydebug: state 120, reducing by rule 63 (expressoes : expressao)
yydebug: after reduction, shifting from state 74 to state 121
yydebug: state 121, shifting to state 147
yydebug: state 147, reducing by rule 68 (expressao : IDENTIF '(' expressoes ')')
yydebug: after reduction, shifting from state 104 to state 139
yydebug: state 139, reading 59 (';')
yydebug: state 139, reducing by rule 80 (expressao : expressao '+' expressao)
yydebug: after reduction, shifting from state 94 to state 129
yydebug: state 129, reducing by rule 71 (expressao : left_value ATRIB expressao)
yydebug: after reduction, shifting from state 155 to state 63
yydebug: state 63, shifting to state 110
yydebug: state 110, reducing by rule 50 (instrucao : expressao ';')
yydebug: after reduction, shifting from state 155 to state 160
yydebug: state 160, reducing by rule 44 (instrucao : IF expressao THEN instrucao ELSE instrucao)
yydebug: after reduction, shifting from state 66 to state 112
yydebug: state 112, reducing by rule 42 (instrucoes : instrucoes instrucao)
yydebug: after reduction, shifting from state 39 to state 66
yydebug: state 66, reading 125 ('}')
yydebug: state 66, shifting to state 111
yydebug: state 111, reducing by rule 39 (corpo : '{' instrucoes '}')
yydebug: after reduction, shifting from state 71 to state 117
yydebug: state 117, reducing by rule 15 (corpop : corpo)
yydebug: after reduction, shifting from state 71 to state 118
yydebug: state 118, reading 59 (';')
yydebug: state 118, shifting to state 146
yydebug: state 146, reducing by rule 9 (declaracao : pub cons tipo ptr IDENTIF '(' $$1 parametros ')' $$2 corpop ';')
yydebug: after reduction, shifting from state 4 to state 8
yydebug: state 8, reducing by rule 4 (declaracoes : declaracoes declaracao)
yydebug: after reduction, shifting from state 0 to state 4
yydebug: state 4, reading 266 (PUBLIC)
yydebug: state 4, shifting to state 2
yydebug: state 2, reducing by rule 21 (pub : PUBLIC)
yydebug: after reduction, shifting from state 4 to state 6
yydebug: state 6, reading 278 (INTEGER)
yydebug: state 6, reducing by rule 18 (cons :)
yydebug: after reduction, shifting from state 6 to state 10
yydebug: state 10, shifting to state 12
yydebug: state 12, reducing by rule 23 (tipo : INTEGER)
yydebug: after reduction, shifting from state 10 to state 15
yydebug: state 15, reading 259 (IDENTIF)
yydebug: state 15, reducing by rule 16 (ptr :)
yydebug: after reduction, shifting from state 15 to state 17
yydebug: state 17, shifting to state 18
yydebug: state 18, reading 40 ('(')
yydebug: state 18, shifting to state 20
yydebug: state 20, reading 278 (INTEGER)
yydebug: state 20, reducing by rule 7 ($$1 :)
yydebug: after reduction, shifting from state 20 to state 29
yydebug: state 29, shifting to state 12
yydebug: state 12, reducing by rule 23 (tipo : INTEGER)
yydebug: after reduction, shifting from state 29 to state 36
yydebug: state 36, reading 259 (IDENTIF)
yydebug: state 36, reducing by rule 16 (ptr :)
yydebug: after reduction, shifting from state 36 to state 41
yydebug: state 41, shifting to state 70
yydebug: state 70, reducing by rule 34 (parametro : tipo ptr IDENTIF)
yydebug: after reduction, shifting from state 29 to state 37
yydebug: state 37, reducing by rule 33 (parametros : parametro)
yydebug: after reduction, shifting from state 29 to state 38
yydebug: state 38, reading 44 (',')
yydebug: state 38, shifting to state 43
yydebug: state 43, reading 279 (STRING)
yydebug: state 43, shifting to state 13
yydebug: state 13, reducing by rule 24 (tipo : STRING)
yydebug: after reduction, shifting from state 43 to state 36
yydebug: state 36, reading 42 ('*')
yydebug: state 36, shifting to state 16
yydebug: state 16, reducing by rule 17 (ptr : '*')
yydebug: after reduction, shifting from state 36 to state 41
yydebug: state 41, reading 259 (IDENTIF)
yydebug: state 41, shifting to state 70
yydebug: state 70, reducing by rule 34 (parametro : tipo ptr IDENTIF)
yydebug: after reduction, shifting from state 43 to state 72
yydebug: state 72, reducing by rule 32 (parametros : parametros ',' parametro)
yydebug: after reduction, shifting from state 29 to state 38
yydebug: state 38, reading 44 (',')
yydebug: state 38, shifting to state 43
yydebug: state 43, reading 279 (STRING)
yydebug: state 43, shifting to state 13
yydebug: state 13, reducing by rule 24 (tipo : STRING)
yydebug: after reduction, shifting from state 43 to state 36
yydebug: state 36, reading 42 ('*')
yydebug: state 36, shifting to state 16
yydebug: state 16, reducing by rule 17 (ptr : '*')
yydebug: after reduction, shifting from state 36 to state 41
yydebug: state 41, reading 259 (IDENTIF)
yydebug: state 41, shifting to state 70
yydebug: state 70, reducing by rule 34 (parametro : tipo ptr IDENTIF)
yydebug: after reduction, shifting from state 43 to state 72
yydebug: state 72, reducing by rule 32 (parametros : parametros ',' parametro)
yydebug: after reduction, shifting from state 29 to state 38
yydebug: state 38, reading 41 (')')
yydebug: state 38, shifting to state 42
yydebug: state 42, reducing by rule 8 ($$2 :)
yydebug: after reduction, shifting from state 42 to state 71
yydebug: state 71, reading 123 ('{')
yydebug: state 71, shifting to state 39
yydebug: state 39, reading 278 (INTEGER)
yydebug: state 39, shifting to state 12
yydebug: state 12, reducing by rule 23 (tipo : INTEGER)
yydebug: after reduction, shifting from state 39 to state 36
yydebug: state 36, reading 259 (IDENTIF)
yydebug: state 36, reducing by rule 16 (ptr :)
yydebug: after reduction, shifting from state 36 to state 41
yydebug: state 41, shifting to state 70
yydebug: state 70, reducing by rule 34 (parametro : tipo ptr IDENTIF)
yydebug: after reduction, shifting from state 39 to state 68
yydebug: state 68, reading 59 (';')
yydebug: state 68, shifting to state 116
yydebug: state 116, reducing by rule 35 (pars2 : parametro ';')
yydebug: after reduction, shifting from state 39 to state 67
yydebug: state 67, reading 259 (IDENTIF)
yydebug: state 67, shifting to state 47
yydebug: state 47, reading 40 ('(')
yydebug: state 47, shifting to state 74
yydebug: state 74, reading 260 (STRN)
yydebug: state 74, shifting to state 48
yydebug: state 48, reducing by rule 66 (expressao : STRN)
yydebug: after reduction, shifting from state 74 to state 120
yydebug: state 120, reading 41 (')')
yydebug: state 120, reducing by rule 63 (expressoes : expressao)
yydebug: after reduction, shifting from state 74 to state 121
yydebug: state 121, shifting to state 147
yydebug: state 147, reducing by rule 68 (expressao : IDENTIF '(' expressoes ')')
yydebug: after reduction, shifting from state 67 to state 63
yydebug: state 63, reading 59 (';')
yydebug: state 63, shifting to state 110
yydebug: state 110, reducing by rule 50 (instrucao : expressao ';')
yydebug: after reduction, shifting from state 67 to state 65
yydebug: state 65, reducing by rule 41 (instrucoes : instrucao)
yydebug: after reduction, shifting from state 67 to state 114
yydebug: state 114, reading 259 (IDENTIF)
yydebug: state 114, shifting to state 47
yydebug: state 47, reading 287 (ATRIB)
yydebug: state 47, reducing by rule 94 (left_value : IDENTIF)
yydebug: after reduction, shifting from state 114 to state 62
yydebug: state 62, shifting to state 94
yydebug: state 94, reading 259 (IDENTIF)
yydebug: state 94, shifting to state 47
yydebug: state 47, reading 40 ('(')
yydebug: state 47, shifting to state 74
yydebug: state 74, reading 41 (')')
yydebug: state 74, shifting to state 119
yydebug: state 119, reducing by rule 69 (expressao : IDENTIF '(' ')')
yydebug: after reduction, shifting from state 94 to state 129
yydebug: state 129, reading 59 (';')
yydebug: state 129, reducing by rule 71 (expressao : left_value ATRIB expressao)
yydebug: after reduction, shifting from state 114 to state 63
yydebug: state 63, shifting to state 110
yydebug: state 110, reducing by rule 50 (instrucao : expressao ';')
yydebug: after reduction, shifting from state 114 to state 112
yydebug: state 112, reducing by rule 42 (instrucoes : instrucoes instrucao)
yydebug: after reduction, shifting from state 67 to state 114
yydebug: state 114, reading 259 (IDENTIF)
yydebug: state 114, shifting to state 47
yydebug: state 47, reading 287 (ATRIB)
yydebug: state 47, reducing by rule 94 (left_value : IDENTIF)
yydebug: after reduction, shifting from state 114 to state 62
yydebug: state 62, shifting to state 94
yydebug: state 94, reading 259 (IDENTIF)
yydebug: state 94, shifting to state 47
yydebug: state 47, reading 40 ('(')
yydebug: state 47, shifting to state 74
yydebug: state 74, reading 259 (IDENTIF)
yydebug: state 74, shifting to state 47
yydebug: state 47, reading 41 (')')
yydebug: state 47, reducing by rule 94 (left_value : IDENTIF)
yydebug: after reduction, shifting from state 74 to state 76
yydebug: state 76, reducing by rule 67 (expressao : left_value)
yydebug: after reduction, shifting from state 74 to state 120
yydebug: state 120, reducing by rule 63 (expressoes : expressao)
yydebug: after reduction, shifting from state 74 to state 121
yydebug: state 121, shifting to state 147
yydebug: state 147, reducing by rule 68 (expressao : IDENTIF '(' expressoes ')')
yydebug: after reduction, shifting from state 94 to state 129
yydebug: state 129, reading 59 (';')
yydebug: state 129, reducing by rule 71 (expressao : left_value ATRIB expressao)
yydebug: after reduction, shifting from state 114 to state 63
yydebug: state 63, shifting to state 110
yydebug: state 110, reducing by rule 50 (instrucao : expressao ';')
yydebug: after reduction, shifting from state 114 to state 112
yydebug: state 112, reducing by rule 42 (instrucoes : instrucoes instrucao)
yydebug: after reduction, shifting from state 67 to state 114
yydebug: state 114, reading 259 (IDENTIF)
yydebug: state 114, shifting to state 47
yydebug: state 47, reading 40 ('(')
yydebug: state 47, shifting to state 74
yydebug: state 74, reading 259 (IDENTIF)
yydebug: state 74, shifting to state 47
yydebug: state 47, reading 41 (')')
yydebug: state 47, reducing by rule 94 (left_value : IDENTIF)
yydebug: after reduction, shifting from state 74 to state 76
yydebug: state 76, reducing by rule 67 (expressao : left_value)
yydebug: after reduction, shifting from state 74 to state 120
yydebug: state 120, reducing by rule 63 (expressoes : expressao)
yydebug: after reduction, shifting from state 74 to state 121
yydebug: state 121, shifting to state 147
yydebug: state 147, reducing by rule 68 (expressao : IDENTIF '(' expressoes ')')
yydebug: after reduction, shifting from state 114 to state 63
yydebug: state 63, reading 59 (';')
yydebug: state 63, shifting to state 110
yydebug: state 110, reducing by rule 50 (instrucao : expressao ';')
yydebug: after reduction, shifting from state 114 to state 112
yydebug: state 112, reducing by rule 42 (instrucoes : instrucoes instrucao)
yydebug: after reduction, shifting from state 67 to state 114
yydebug: state 114, reading 259 (IDENTIF)
yydebug: state 114, shifting to state 47
yydebug: state 47, reading 40 ('(')
yydebug: state 47, shifting to state 74
yydebug: state 74, reading 41 (')')
yydebug: state 74, shifting to state 119
yydebug: state 119, reducing by rule 69 (expressao : IDENTIF '(' ')')
yydebug: after reduction, shifting from state 114 to state 63
yydebug: state 63, reading 59 (';')
yydebug: state 63, shifting to state 110
yydebug: state 110, reducing by rule 50 (instrucao : expressao ';')
yydebug: after reduction, shifting from state 114 to state 112
yydebug: state 112, reducing by rule 42 (instrucoes : instrucoes instrucao)
yydebug: after reduction, shifting from state 67 to state 114
yydebug: state 114, reading 259 (IDENTIF)
yydebug: state 114, shifting to state 47
yydebug: state 47, reading 40 ('(')
yydebug: state 47, shifting to state 74
yydebug: state 74, reading 259 (IDENTIF)
yydebug: state 74, shifting to state 47
yydebug: state 47, reading 41 (')')
yydebug: state 47, reducing by rule 94 (left_value : IDENTIF)
yydebug: after reduction, shifting from state 74 to state 76
yydebug: state 76, reducing by rule 67 (expressao : left_value)
yydebug: after reduction, shifting from state 74 to state 120
yydebug: state 120, reducing by rule 63 (expressoes : expressao)
yydebug: after reduction, shifting from state 74 to state 121
yydebug: state 121, shifting to state 147
yydebug: state 147, reducing by rule 68 (expressao : IDENTIF '(' expressoes ')')
yydebug: after reduction, shifting from state 114 to state 63
yydebug: state 63, reading 59 (';')
yydebug: state 63, shifting to state 110
yydebug: state 110, reducing by rule 50 (instrucao : expressao ';')
yydebug: after reduction, shifting from state 114 to state 112
yydebug: state 112, reducing by rule 42 (instrucoes : instrucoes instrucao)
yydebug: after reduction, shifting from state 67 to state 114
yydebug: state 114, reading 259 (IDENTIF)
yydebug: state 114, shifting to state 47
yydebug: state 47, reading 40 ('(')
yydebug: state 47, shifting to state 74
yydebug: state 74, reading 41 (')')
yydebug: state 74, shifting to state 119
yydebug: state 119, reducing by rule 69 (expressao : IDENTIF '(' ')')
yydebug: after reduction, shifting from state 114 to state 63
yydebug: state 63, reading 59 (';')
yydebug: state 63, shifting to state 110
yydebug: state 110, reducing by rule 50 (instrucao : expressao ';')
yydebug: after reduction, shifting from state 114 to state 112
yydebug: state 112, reducing by rule 42 (instrucoes : instrucoes instrucao)
yydebug: after reduction, shifting from state 67 to state 114
yydebug: state 114, reading 259 (IDENTIF)
yydebug: state 114, shifting to state 47
yydebug: state 47, reading 287 (ATRIB)
yydebug: state 47, reducing by rule 94 (left_value : IDENTIF)
yydebug: after reduction, shifting from state 114 to state 62
yydebug: state 62, shifting to state 94
yydebug: state 94, reading 257 (INT)
yydebug: state 94, shifting to state 45
yydebug: state 45, reducing by rule 64 (expressao : INT)
yydebug: after reduction, shifting from state 94 to state 129
yydebug: state 129, reading 59 (';')
yydebug: state 129, reducing by rule 71 (expressao : left_value ATRIB expressao)
yydebug: after reduction, shifting from state 114 to state 63
yydebug: state 63, shifting to state 110
yydebug: state 110, reducing by rule 50 (instrucao : expressao ';')
yydebug: after reduction, shifting from state 114 to state 112
yydebug: state 112, reducing by rule 42 (instrucoes : instrucoes instrucao)
yydebug: after reduction, shifting from state 67 to state 114
yydebug: state 114, reading 125 ('}')
yydebug: state 114, shifting to state 144
yydebug: state 144, reducing by rule 40 (corpo : '{' pars2 instrucoes '}')
yydebug: after reduction, shifting from state 71 to state 117
yydebug: state 117, reducing by rule 15 (corpop : corpo)
yydebug: after reduction, shifting from state 71 to state 118
yydebug: state 118, reading 59 (';')
yydebug: state 118, shifting to state 146
yydebug: state 146, reducing by rule 9 (declaracao : pub cons tipo ptr IDENTIF '(' $$1 parametros ')' $$2 corpop ';')
yydebug: after reduction, shifting from state 4 to state 8
yydebug: state 8, reducing by rule 4 (declaracoes : declaracoes declaracao)
yydebug: after reduction, shifting from state 0 to state 4
yydebug: state 4, reading 0 (end-of-file)
yydebug: state 4, reducing by rule 1 (ficheiro : declaracoes)

 ( PROG:
  ( DECLS:
    ( DECLS:
      ( DECLS:
        ( DECLS:
          ( DECLS:
            ( DECLS:
              ( DECL: IDENTIF:"prints"
                ( BODY:
                  ( PARAMS: IDENTIF:"s") NIL:))
              ( DECL: IDENTIF:"printi"
                ( BODY:
                  ( PARAMS: IDENTIF:"i") NIL:)))
            ( DECL: IDENTIF:"println" NIL:))
          ( DECL: IDENTIF:"readi" NIL:))
        ( DECL: IDENTIF:"cnt"))
      ( DECL: IDENTIF:"fibonacci"
        ( BODY:
          ( PARAMS: IDENTIF:"n")
          ( INTRS:
            ( INTRS:
              ( ATRIB: IDENTIF:"cnt"
                ( ADD: IDENTIF:"cnt" INT:1))
              ( ELSE:
                ( JZ:
                  ( LE: IDENTIF:"n" INT:1) ETIQ:"_i1")
                ( ELSE:
                  ( ATRIB: IDENTIF:"fibonacci" IDENTIF:"n")
                  ( ELSE: JMP:"_i2"
                    ( ELSE: LABEL:"_i1"
                      ( ELSE:
                        ( ATRIB: IDENTIF:"fibonacci"
                          ( ADD:
                            ( CALL: IDENTIF:"fibonacci"
                              ( SUBT: IDENTIF:"n" INT:1))
                            ( CALL: IDENTIF:"fibonacci"
                              ( SUBT: IDENTIF:"n" INT:2)))) LABEL:"_i2"))))))))))
    ( DECL: IDENTIF:"entry"
      ( BODY:
        ( PARAMS:
          ( PARAMS:
            ( PARAMS: IDENTIF:"argc") IDENTIF:"argv") IDENTIF:"envp")
        ( PINTR: IDENTIF:"n"
          ( INTRS:
            ( INTRS:
              ( INTRS:
                ( INTRS:
                  ( INTRS:
                    ( INTRS:
                      ( INTRS:
                        ( CALL: IDENTIF:"prints" STRN:"Qual o termo da série de Fibonacci a calcular? ")
                        ( ATRIB: IDENTIF:"n"
                          ( CALL: IDENTIF:"readi")))
                      ( ATRIB: IDENTIF:"n"
                        ( CALL: IDENTIF:"fibonacci" IDENTIF:"n")))
                    ( CALL: IDENTIF:"printi" IDENTIF:"n"))
                  ( CALL: IDENTIF:"println"))
                ( CALL: IDENTIF:"printi" IDENTIF:"cnt"))
              ( CALL: IDENTIF:"println"))
            ( ATRIB: IDENTIF:"entry" INT:0)))))))
[#111]
yydebug: after reduction, shifting from state 0 to state 3
