yydebug: state 0, reading 266 (PUBLIC)
yydebug: state 0, shifting to state 2
yydebug: state 2, reducing by rule 21 (pub : PUBLIC)
yydebug: after reduction, shifting from state 0 to state 6
yydebug: state 6, reading 265 (VOID)
yydebug: state 6, reducing by rule 18 (cons :)
yydebug: after reduction, shifting from state 6 to state 10
yydebug: state 10, shifting to state 11
yydebug: state 11, reducing by rule 22 (tipo : VOID)
yydebug: after reduction, shifting from state 10 to state 15
yydebug: state 15, reading 259 (IDENTIF)
yydebug: state 15, reducing by rule 16 (ptr :)
yydebug: after reduction, shifting from state 15 to state 17
yydebug: state 17, shifting to state 18
yydebug: state 18, reading 40 ('(')
yydebug: state 18, shifting to state 20
yydebug: state 20, reading 279 (STRING)
yydebug: state 20, reducing by rule 7 ($$1 :)
yydebug: after reduction, shifting from state 20 to state 29
yydebug: state 29, shifting to state 13
yydebug: state 13, reducing by rule 24 (tipo : STRING)
yydebug: after reduction, shifting from state 29 to state 36
yydebug: state 36, reading 259 (IDENTIF)
yydebug: state 36, reducing by rule 16 (ptr :)
yydebug: after reduction, shifting from state 36 to state 41
yydebug: state 41, shifting to state 70
yydebug: state 70, reducing by rule 34 (parametro : tipo ptr IDENTIF)
8 -- yacc
yydebug: after reduction, shifting from state 29 to state 37
yydebug: state 37, reducing by rule 33 (parametros : parametro)
yydebug: after reduction, shifting from state 29 to state 38
yydebug: state 38, reading 41 (')')
yydebug: state 38, shifting to state 42
yydebug: state 42, reducing by rule 8 ($$2 :)
yydebug: after reduction, shifting from state 42 to state 71
yydebug: state 71, reading 59 (';')
yydebug: state 71, reducing by rule 14 (corpop :)
yydebug: after reduction, shifting from state 71 to state 118
yydebug: state 118, shifting to state 146
yydebug: state 146, reducing by rule 9 (declaracao : pub cons tipo ptr IDENTIF '(' $$1 parametros ')' $$2 corpop ';')
yydebug: after reduction, shifting from state 0 to state 5
yydebug: state 5, reducing by rule 3 (declaracoes : declaracao)
yydebug: after reduction, shifting from state 0 to state 4
yydebug: state 4, reading 266 (PUBLIC)
yydebug: state 4, shifting to state 2
yydebug: state 2, reducing by rule 21 (pub : PUBLIC)
yydebug: after reduction, shifting from state 4 to state 6
yydebug: state 6, reading 265 (VOID)
yydebug: state 6, reducing by rule 18 (cons :)
yydebug: after reduction, shifting from state 6 to state 10
yydebug: state 10, shifting to state 11
yydebug: state 11, reducing by rule 22 (tipo : VOID)
yydebug: after reduction, shifting from state 10 to state 15
yydebug: state 15, reading 259 (IDENTIF)
yydebug: state 15, reducing by rule 16 (ptr :)
yydebug: after reduction, shifting from state 15 to state 17
yydebug: state 17, shifting to state 18
yydebug: state 18, reading 40 ('(')
yydebug: state 18, shifting to state 20
yydebug: state 20, reading 278 (INTEGER)
yydebug: state 20, reducing by rule 7 ($$1 :)
yydebug: after reduction, shifting from state 20 to state 29
yydebug: state 29, shifting to state 12
yydebug: state 12, reducing by rule 23 (tipo : INTEGER)
yydebug: after reduction, shifting from state 29 to state 36
yydebug: state 36, reading 259 (IDENTIF)
yydebug: state 36, reducing by rule 16 (ptr :)
yydebug: after reduction, shifting from state 36 to state 41
yydebug: state 41, shifting to state 70
yydebug: state 70, reducing by rule 34 (parametro : tipo ptr IDENTIF)
8 -- yacc
yydebug: after reduction, shifting from state 29 to state 37
yydebug: state 37, reducing by rule 33 (parametros : parametro)
yydebug: after reduction, shifting from state 29 to state 38
yydebug: state 38, reading 41 (')')
yydebug: state 38, shifting to state 42
yydebug: state 42, reducing by rule 8 ($$2 :)
yydebug: after reduction, shifting from state 42 to state 71
yydebug: state 71, reading 59 (';')
yydebug: state 71, reducing by rule 14 (corpop :)
yydebug: after reduction, shifting from state 71 to state 118
yydebug: state 118, shifting to state 146
yydebug: state 146, reducing by rule 9 (declaracao : pub cons tipo ptr IDENTIF '(' $$1 parametros ')' $$2 corpop ';')
yydebug: after reduction, shifting from state 4 to state 8
yydebug: state 8, reducing by rule 4 (declaracoes : declaracoes declaracao)
yydebug: after reduction, shifting from state 0 to state 4
yydebug: state 4, reading 266 (PUBLIC)
yydebug: state 4, shifting to state 2
yydebug: state 2, reducing by rule 21 (pub : PUBLIC)
yydebug: after reduction, shifting from state 4 to state 6
yydebug: state 6, reading 265 (VOID)
yydebug: state 6, reducing by rule 18 (cons :)
yydebug: after reduction, shifting from state 6 to state 10
yydebug: state 10, shifting to state 11
yydebug: state 11, reducing by rule 22 (tipo : VOID)
yydebug: after reduction, shifting from state 10 to state 15
yydebug: state 15, reading 259 (IDENTIF)
yydebug: state 15, reducing by rule 16 (ptr :)
yydebug: after reduction, shifting from state 15 to state 17
yydebug: state 17, shifting to state 18
yydebug: state 18, reading 40 ('(')
yydebug: state 18, shifting to state 20
yydebug: state 20, reading 41 (')')
yydebug: state 20, shifting to state 28
yydebug: state 28, reading 59 (';')
yydebug: state 28, shifting to state 34
yydebug: state 34, reducing by rule 12 (declaracao : pub cons tipo ptr IDENTIF '(' ')' ';')
yydebug: after reduction, shifting from state 4 to state 8
yydebug: state 8, reducing by rule 4 (declaracoes : declaracoes declaracao)
yydebug: after reduction, shifting from state 0 to state 4
yydebug: state 4, reading 266 (PUBLIC)
yydebug: state 4, shifting to state 2
yydebug: state 2, reducing by rule 21 (pub : PUBLIC)
yydebug: after reduction, shifting from state 4 to state 6
yydebug: state 6, reading 278 (INTEGER)
yydebug: state 6, reducing by rule 18 (cons :)
yydebug: after reduction, shifting from state 6 to state 10
yydebug: state 10, shifting to state 12
yydebug: state 12, reducing by rule 23 (tipo : INTEGER)
yydebug: after reduction, shifting from state 10 to state 15
yydebug: state 15, reading 259 (IDENTIF)
yydebug: state 15, reducing by rule 16 (ptr :)
yydebug: after reduction, shifting from state 15 to state 17
yydebug: state 17, shifting to state 18
yydebug: state 18, reading 40 ('(')
yydebug: state 18, shifting to state 20
yydebug: state 20, reading 41 (')')
yydebug: state 20, shifting to state 28
yydebug: state 28, reading 59 (';')
yydebug: state 28, shifting to state 34
yydebug: state 34, reducing by rule 12 (declaracao : pub cons tipo ptr IDENTIF '(' ')' ';')
yydebug: after reduction, shifting from state 4 to state 8
yydebug: state 8, reducing by rule 4 (declaracoes : declaracoes declaracao)
yydebug: after reduction, shifting from state 0 to state 4
yydebug: state 4, reading 278 (INTEGER)
yydebug: state 4, reducing by rule 20 (pub :)
yydebug: after reduction, shifting from state 4 to state 6
yydebug: state 6, reducing by rule 18 (cons :)
yydebug: after reduction, shifting from state 6 to state 10
yydebug: state 10, shifting to state 12
yydebug: state 12, reducing by rule 23 (tipo : INTEGER)
yydebug: after reduction, shifting from state 10 to state 15
yydebug: state 15, reading 259 (IDENTIF)
yydebug: state 15, reducing by rule 16 (ptr :)
yydebug: after reduction, shifting from state 15 to state 17
yydebug: state 17, shifting to state 18
yydebug: state 18, reading 59 (';')
yydebug: state 18, shifting to state 21
yydebug: state 21, reducing by rule 6 (declaracao : pub cons tipo ptr IDENTIF ';')
yydebug: after reduction, shifting from state 4 to state 8
yydebug: state 8, reducing by rule 4 (declaracoes : declaracoes declaracao)
yydebug: after reduction, shifting from state 0 to state 4
yydebug: state 4, reading 278 (INTEGER)
yydebug: state 4, reducing by rule 20 (pub :)
yydebug: after reduction, shifting from state 4 to state 6
yydebug: state 6, reducing by rule 18 (cons :)
yydebug: after reduction, shifting from state 6 to state 10
yydebug: state 10, shifting to state 12
yydebug: state 12, reducing by rule 23 (tipo : INTEGER)
yydebug: after reduction, shifting from state 10 to state 15
yydebug: state 15, reading 259 (IDENTIF)
yydebug: state 15, reducing by rule 16 (ptr :)
yydebug: after reduction, shifting from state 15 to state 17
yydebug: state 17, shifting to state 18
yydebug: state 18, reading 59 (';')
yydebug: state 18, shifting to state 21
yydebug: state 21, reducing by rule 6 (declaracao : pub cons tipo ptr IDENTIF ';')
yydebug: after reduction, shifting from state 4 to state 8
yydebug: state 8, reducing by rule 4 (declaracoes : declaracoes declaracao)
yydebug: after reduction, shifting from state 0 to state 4
yydebug: state 4, reading 266 (PUBLIC)
yydebug: state 4, shifting to state 2
yydebug: state 2, reducing by rule 21 (pub : PUBLIC)
yydebug: after reduction, shifting from state 4 to state 6
yydebug: state 6, reading 278 (INTEGER)
yydebug: state 6, reducing by rule 18 (cons :)
yydebug: after reduction, shifting from state 6 to state 10
yydebug: state 10, shifting to state 12
yydebug: state 12, reducing by rule 23 (tipo : INTEGER)
yydebug: after reduction, shifting from state 10 to state 15
yydebug: state 15, reading 259 (IDENTIF)
yydebug: state 15, reducing by rule 16 (ptr :)
yydebug: after reduction, shifting from state 15 to state 17
yydebug: state 17, shifting to state 18
yydebug: state 18, reading 40 ('(')
yydebug: state 18, shifting to state 20
yydebug: state 20, reading 278 (INTEGER)
yydebug: state 20, reducing by rule 7 ($$1 :)
yydebug: after reduction, shifting from state 20 to state 29
yydebug: state 29, shifting to state 12
yydebug: state 12, reducing by rule 23 (tipo : INTEGER)
yydebug: after reduction, shifting from state 29 to state 36
yydebug: state 36, reading 259 (IDENTIF)
yydebug: state 36, reducing by rule 16 (ptr :)
yydebug: after reduction, shifting from state 36 to state 41
yydebug: state 41, shifting to state 70
yydebug: state 70, reducing by rule 34 (parametro : tipo ptr IDENTIF)
8 -- yacc
yydebug: after reduction, shifting from state 29 to state 37
yydebug: state 37, reducing by rule 33 (parametros : parametro)
yydebug: after reduction, shifting from state 29 to state 38
yydebug: state 38, reading 44 (',')
yydebug: state 38, shifting to state 43
yydebug: state 43, reading 279 (STRING)
yydebug: state 43, shifting to state 13
yydebug: state 13, reducing by rule 24 (tipo : STRING)
yydebug: after reduction, shifting from state 43 to state 36
yydebug: state 36, reading 42 ('*')
yydebug: state 36, shifting to state 16
yydebug: state 16, reducing by rule 17 (ptr : '*')
yydebug: after reduction, shifting from state 36 to state 41
yydebug: state 41, reading 259 (IDENTIF)
yydebug: state 41, shifting to state 70
yydebug: state 70, reducing by rule 34 (parametro : tipo ptr IDENTIF)
12 -- yacc
yydebug: after reduction, shifting from state 43 to state 72
yydebug: state 72, reducing by rule 32 (parametros : parametros ',' parametro)
yydebug: after reduction, shifting from state 29 to state 38
yydebug: state 38, reading 44 (',')
yydebug: state 38, shifting to state 43
yydebug: state 43, reading 279 (STRING)
yydebug: state 43, shifting to state 13
yydebug: state 13, reducing by rule 24 (tipo : STRING)
yydebug: after reduction, shifting from state 43 to state 36
yydebug: state 36, reading 42 ('*')
yydebug: state 36, shifting to state 16
yydebug: state 16, reducing by rule 17 (ptr : '*')
yydebug: after reduction, shifting from state 36 to state 41
yydebug: state 41, reading 259 (IDENTIF)
yydebug: state 41, shifting to state 70
yydebug: state 70, reducing by rule 34 (parametro : tipo ptr IDENTIF)
16 -- yacc
yydebug: after reduction, shifting from state 43 to state 72
yydebug: state 72, reducing by rule 32 (parametros : parametros ',' parametro)
yydebug: after reduction, shifting from state 29 to state 38
yydebug: state 38, reading 41 (')')
yydebug: state 38, shifting to state 42
yydebug: state 42, reducing by rule 8 ($$2 :)
yydebug: after reduction, shifting from state 42 to state 71
yydebug: state 71, reading 123 ('{')
yydebug: state 71, shifting to state 39
yydebug: state 39, reading 259 (IDENTIF)
yydebug: state 39, shifting to state 47
yydebug: state 47, reading 40 ('(')
yydebug: state 47, shifting to state 74
yydebug: state 74, reading 260 (STRN)
yydebug: state 74, shifting to state 48
yydebug: state 48, reducing by rule 66 (expressao : STRN)
yydebug: after reduction, shifting from state 74 to state 120
yydebug: state 120, reading 41 (')')
yydebug: state 120, reducing by rule 63 (expressoes : expressao)
yydebug: after reduction, shifting from state 74 to state 121
yydebug: state 121, shifting to state 147
yydebug: state 147, reducing by rule 68 (expressao : IDENTIF '(' expressoes ')')
yydebug: after reduction, shifting from state 39 to state 63
yydebug: state 63, reading 59 (';')
yydebug: state 63, shifting to state 110
yydebug: state 110, reducing by rule 50 (instrucao : expressao ';')
yydebug: after reduction, shifting from state 39 to state 65
yydebug: state 65, reducing by rule 41 (instrucoes : instrucao)
yydebug: after reduction, shifting from state 39 to state 66
yydebug: state 66, reading 259 (IDENTIF)
yydebug: state 66, shifting to state 47
yydebug: state 47, reading 40 ('(')
yydebug: state 47, shifting to state 74
yydebug: state 74, reading 260 (STRN)
yydebug: state 74, shifting to state 48
yydebug: state 48, reducing by rule 66 (expressao : STRN)
yydebug: after reduction, shifting from state 74 to state 120
yydebug: state 120, reading 41 (')')
yydebug: state 120, reducing by rule 63 (expressoes : expressao)
yydebug: after reduction, shifting from state 74 to state 121
yydebug: state 121, shifting to state 147
yydebug: state 147, reducing by rule 68 (expressao : IDENTIF '(' expressoes ')')
yydebug: after reduction, shifting from state 66 to state 63
yydebug: state 63, reading 59 (';')
yydebug: state 63, shifting to state 110
yydebug: state 110, reducing by rule 50 (instrucao : expressao ';')
yydebug: after reduction, shifting from state 66 to state 112
yydebug: state 112, reducing by rule 42 (instrucoes : instrucoes instrucao)
yydebug: after reduction, shifting from state 39 to state 66
yydebug: state 66, reading 259 (IDENTIF)
yydebug: state 66, shifting to state 47
yydebug: state 47, reading 287 (ATRIB)
yydebug: state 47, reducing by rule 94 (left_value : IDENTIF)
yydebug: after reduction, shifting from state 66 to state 62
yydebug: state 62, shifting to state 94
yydebug: state 94, reading 259 (IDENTIF)
yydebug: state 94, shifting to state 47
yydebug: state 47, reading 40 ('(')
yydebug: state 47, shifting to state 74
yydebug: state 74, reading 41 (')')
yydebug: state 74, shifting to state 119
yydebug: state 119, reducing by rule 69 (expressao : IDENTIF '(' ')')
yydebug: after reduction, shifting from state 94 to state 129
yydebug: state 129, reading 59 (';')
yydebug: state 129, reducing by rule 71 (expressao : left_value ATRIB expressao)
yydebug: after reduction, shifting from state 66 to state 63
yydebug: state 63, shifting to state 110
yydebug: state 110, reducing by rule 50 (instrucao : expressao ';')
yydebug: after reduction, shifting from state 66 to state 112
yydebug: state 112, reducing by rule 42 (instrucoes : instrucoes instrucao)
yydebug: after reduction, shifting from state 39 to state 66
yydebug: state 66, reading 259 (IDENTIF)
yydebug: state 66, shifting to state 47
yydebug: state 47, reading 287 (ATRIB)
yydebug: state 47, reducing by rule 94 (left_value : IDENTIF)
yydebug: after reduction, shifting from state 66 to state 62
yydebug: state 62, shifting to state 94
yydebug: state 94, reading 259 (IDENTIF)
yydebug: state 94, shifting to state 47
yydebug: state 47, reading 40 ('(')
yydebug: state 47, shifting to state 74
yydebug: state 74, reading 41 (')')
yydebug: state 74, shifting to state 119
yydebug: state 119, reducing by rule 69 (expressao : IDENTIF '(' ')')
yydebug: after reduction, shifting from state 94 to state 129
yydebug: state 129, reading 59 (';')
yydebug: state 129, reducing by rule 71 (expressao : left_value ATRIB expressao)
yydebug: after reduction, shifting from state 66 to state 63
yydebug: state 63, shifting to state 110
yydebug: state 110, reducing by rule 50 (instrucao : expressao ';')
yydebug: after reduction, shifting from state 66 to state 112
yydebug: state 112, reducing by rule 42 (instrucoes : instrucoes instrucao)
yydebug: after reduction, shifting from state 39 to state 66
yydebug: state 66, reading 259 (IDENTIF)
yydebug: state 66, shifting to state 47
yydebug: state 47, reading 40 ('(')
yydebug: state 47, shifting to state 74
yydebug: state 74, reading 259 (IDENTIF)
yydebug: state 74, shifting to state 47
yydebug: state 47, reading 62 ('>')
yydebug: state 47, reducing by rule 94 (left_value : IDENTIF)
yydebug: after reduction, shifting from state 74 to state 76
yydebug: state 76, reducing by rule 67 (expressao : left_value)
yydebug: after reduction, shifting from state 74 to state 120
yydebug: state 120, shifting to state 102
yydebug: state 102, reading 259 (IDENTIF)
yydebug: state 102, shifting to state 47
yydebug: state 47, reading 41 (')')
yydebug: state 47, reducing by rule 94 (left_value : IDENTIF)
yydebug: after reduction, shifting from state 102 to state 76
yydebug: state 76, reducing by rule 67 (expressao : left_value)
yydebug: after reduction, shifting from state 102 to state 137
yydebug: state 137, reducing by rule 82 (expressao : expressao '>' expressao)
yydebug: after reduction, shifting from state 74 to state 120
yydebug: state 120, reducing by rule 63 (expressoes : expressao)
yydebug: after reduction, shifting from state 74 to state 121
yydebug: state 121, shifting to state 147
yydebug: state 147, reducing by rule 68 (expressao : IDENTIF '(' expressoes ')')
yydebug: after reduction, shifting from state 66 to state 63
yydebug: state 63, reading 59 (';')
yydebug: state 63, shifting to state 110
yydebug: state 110, reducing by rule 50 (instrucao : expressao ';')
yydebug: after reduction, shifting from state 66 to state 112
yydebug: state 112, reducing by rule 42 (instrucoes : instrucoes instrucao)
yydebug: after reduction, shifting from state 39 to state 66
yydebug: state 66, reading 259 (IDENTIF)
yydebug: state 66, shifting to state 47
yydebug: state 47, reading 40 ('(')
yydebug: state 47, shifting to state 74
yydebug: state 74, reading 41 (')')
yydebug: state 74, shifting to state 119
yydebug: state 119, reducing by rule 69 (expressao : IDENTIF '(' ')')
yydebug: after reduction, shifting from state 66 to state 63
yydebug: state 63, reading 59 (';')
yydebug: state 63, shifting to state 110
yydebug: state 110, reducing by rule 50 (instrucao : expressao ';')
yydebug: after reduction, shifting from state 66 to state 112
yydebug: state 112, reducing by rule 42 (instrucoes : instrucoes instrucao)
yydebug: after reduction, shifting from state 39 to state 66
yydebug: state 66, reading 259 (IDENTIF)
yydebug: state 66, shifting to state 47
yydebug: state 47, reading 287 (ATRIB)
yydebug: state 47, reducing by rule 94 (left_value : IDENTIF)
yydebug: after reduction, shifting from state 66 to state 62
yydebug: state 62, shifting to state 94
yydebug: state 94, reading 257 (INT)
yydebug: state 94, shifting to state 45
yydebug: state 45, reducing by rule 64 (expressao : INT)
yydebug: after reduction, shifting from state 94 to state 129
yydebug: state 129, reading 59 (';')
yydebug: state 129, reducing by rule 71 (expressao : left_value ATRIB expressao)
yydebug: after reduction, shifting from state 66 to state 63
yydebug: state 63, shifting to state 110
yydebug: state 110, reducing by rule 50 (instrucao : expressao ';')
yydebug: after reduction, shifting from state 66 to state 112
yydebug: state 112, reducing by rule 42 (instrucoes : instrucoes instrucao)
yydebug: after reduction, shifting from state 39 to state 66
yydebug: state 66, reading 125 ('}')
yydebug: state 66, shifting to state 111
yydebug: state 111, reducing by rule 39 (corpo : '{' instrucoes '}')
yydebug: after reduction, shifting from state 71 to state 117
yydebug: state 117, reducing by rule 15 (corpop : corpo)
yydebug: after reduction, shifting from state 71 to state 118
yydebug: state 118, reading 59 (';')
yydebug: state 118, shifting to state 146
yydebug: state 146, reducing by rule 9 (declaracao : pub cons tipo ptr IDENTIF '(' $$1 parametros ')' $$2 corpop ';')
0 - call- 2 args
0 - call- 2 args
0 - call
0 - call
0 - call- 2 args
0 - call
yydebug: after reduction, shifting from state 4 to state 8
yydebug: state 8, reducing by rule 4 (declaracoes : declaracoes declaracao)
yydebug: after reduction, shifting from state 0 to state 4
yydebug: state 4, reading 0 (end-of-file)
yydebug: state 4, reducing by rule 1 (ficheiro : declaracoes)
 0:
 ( PROG: 0:
  ( DECLS: 0:
    ( DECLS: 0:
      ( DECLS: 0:
        ( DECLS: 0:
          ( DECLS: 0:
            ( DECLS: 0:
              ( DECL: 0: IDENTIF:"prints" 0:
                ( BODY: 0:
                  ( PARAMS: 8: IDENTIF:"s") 0: NIL:)) 0:
              ( DECL: 0: IDENTIF:"printi" 0:
                ( BODY: 0:
                  ( PARAMS: 8: IDENTIF:"i") 0: NIL:))) 0:
            ( DECL: 0: IDENTIF:"println" 0: NIL:)) 0:
          ( DECL: 0: IDENTIF:"readi" 0: NIL:)) 0:
        ( DECL: 0: IDENTIF:"a")) 0:
      ( DECL: 0: IDENTIF:"b")) 0:
    ( DECL: 0: IDENTIF:"entry" 0:
      ( BODY: 0:
        ( PARAMS: 0:
          ( PARAMS: 0:
            ( PARAMS: 8: IDENTIF:"argc") 12: IDENTIF:"argv") 16: IDENTIF:"envp") 0:
        ( INSTRS: 0:
          ( INSTRS: 0:
            ( INSTRS: 0:
              ( INSTRS: 0:
                ( INSTRS: 0:
                  ( INSTRS: 0:
                    ( CALL2: 0: IDENTIF:"prints" 0: STRN:"Comparador: maior que
") 0:
                    ( CALL2: 0: IDENTIF:"prints" 0: STRN:"Introduza dois numeros: ")) 0:
                  ( ATRIB: 0: IDENTIF:"a" 0:
                    ( CALL: 0: IDENTIF:"readi"))) 0:
                ( ATRIB: 0: IDENTIF:"b" 0:
                  ( CALL: 0: IDENTIF:"readi"))) 0:
              ( CALL2: 0: IDENTIF:"printi" 0:
                ( GT: 0: IDENTIF:"a" 0: IDENTIF:"b"))) 0:
            ( CALL: 0: IDENTIF:"println")) 0:
          ( ATRIB: 0: IDENTIF:"entry" 0: INT:0))))))
[#68]
yydebug: after reduction, shifting from state 0 to state 3
