yydebug: state 0, reading 266 (PUBLIC)
yydebug: state 0, shifting to state 2
yydebug: state 2, reducing by rule 21 (pub : PUBLIC)
yydebug: after reduction, shifting from state 0 to state 6
yydebug: state 6, reading 265 (VOID)
yydebug: state 6, reducing by rule 18 (cons :)
yydebug: after reduction, shifting from state 6 to state 10
yydebug: state 10, shifting to state 11
yydebug: state 11, reducing by rule 22 (tipo : VOID)
yydebug: after reduction, shifting from state 10 to state 15
yydebug: state 15, reading 259 (IDENTIF)
yydebug: state 15, reducing by rule 16 (ptr :)
yydebug: after reduction, shifting from state 15 to state 17
yydebug: state 17, shifting to state 18
yydebug: state 18, reading 40 ('(')
yydebug: state 18, shifting to state 20
yydebug: state 20, reading 279 (STRING)
yydebug: state 20, reducing by rule 7 ($$1 :)
yydebug: after reduction, shifting from state 20 to state 29
yydebug: state 29, shifting to state 13
yydebug: state 13, reducing by rule 24 (tipo : STRING)
yydebug: after reduction, shifting from state 29 to state 36
yydebug: state 36, reading 259 (IDENTIF)
yydebug: state 36, reducing by rule 16 (ptr :)
yydebug: after reduction, shifting from state 36 to state 41
yydebug: state 41, shifting to state 70
yydebug: state 70, reducing by rule 34 (parametro : tipo ptr IDENTIF)
8 -- yacc
yydebug: after reduction, shifting from state 29 to state 37
yydebug: state 37, reducing by rule 33 (parametros : parametro)
yydebug: after reduction, shifting from state 29 to state 38
yydebug: state 38, reading 41 (')')
yydebug: state 38, shifting to state 42
yydebug: state 42, reducing by rule 8 ($$2 :)
yydebug: after reduction, shifting from state 42 to state 71
yydebug: state 71, reading 59 (';')
yydebug: state 71, reducing by rule 14 (corpop :)
yydebug: after reduction, shifting from state 71 to state 118
yydebug: state 118, shifting to state 146
yydebug: state 146, reducing by rule 9 (declaracao : pub cons tipo ptr IDENTIF '(' $$1 parametros ')' $$2 corpop ';')
yydebug: after reduction, shifting from state 0 to state 5
yydebug: state 5, reducing by rule 3 (declaracoes : declaracao)
yydebug: after reduction, shifting from state 0 to state 4
yydebug: state 4, reading 266 (PUBLIC)
yydebug: state 4, shifting to state 2
yydebug: state 2, reducing by rule 21 (pub : PUBLIC)
yydebug: after reduction, shifting from state 4 to state 6
yydebug: state 6, reading 265 (VOID)
yydebug: state 6, reducing by rule 18 (cons :)
yydebug: after reduction, shifting from state 6 to state 10
yydebug: state 10, shifting to state 11
yydebug: state 11, reducing by rule 22 (tipo : VOID)
yydebug: after reduction, shifting from state 10 to state 15
yydebug: state 15, reading 259 (IDENTIF)
yydebug: state 15, reducing by rule 16 (ptr :)
yydebug: after reduction, shifting from state 15 to state 17
yydebug: state 17, shifting to state 18
yydebug: state 18, reading 40 ('(')
yydebug: state 18, shifting to state 20
yydebug: state 20, reading 278 (INTEGER)
yydebug: state 20, reducing by rule 7 ($$1 :)
yydebug: after reduction, shifting from state 20 to state 29
yydebug: state 29, shifting to state 12
yydebug: state 12, reducing by rule 23 (tipo : INTEGER)
yydebug: after reduction, shifting from state 29 to state 36
yydebug: state 36, reading 259 (IDENTIF)
yydebug: state 36, reducing by rule 16 (ptr :)
yydebug: after reduction, shifting from state 36 to state 41
yydebug: state 41, shifting to state 70
yydebug: state 70, reducing by rule 34 (parametro : tipo ptr IDENTIF)
8 -- yacc
yydebug: after reduction, shifting from state 29 to state 37
yydebug: state 37, reducing by rule 33 (parametros : parametro)
yydebug: after reduction, shifting from state 29 to state 38
yydebug: state 38, reading 41 (')')
yydebug: state 38, shifting to state 42
yydebug: state 42, reducing by rule 8 ($$2 :)
yydebug: after reduction, shifting from state 42 to state 71
yydebug: state 71, reading 59 (';')
yydebug: state 71, reducing by rule 14 (corpop :)
yydebug: after reduction, shifting from state 71 to state 118
yydebug: state 118, shifting to state 146
yydebug: state 146, reducing by rule 9 (declaracao : pub cons tipo ptr IDENTIF '(' $$1 parametros ')' $$2 corpop ';')
yydebug: after reduction, shifting from state 4 to state 8
yydebug: state 8, reducing by rule 4 (declaracoes : declaracoes declaracao)
yydebug: after reduction, shifting from state 0 to state 4
yydebug: state 4, reading 266 (PUBLIC)
yydebug: state 4, shifting to state 2
yydebug: state 2, reducing by rule 21 (pub : PUBLIC)
yydebug: after reduction, shifting from state 4 to state 6
yydebug: state 6, reading 265 (VOID)
yydebug: state 6, reducing by rule 18 (cons :)
yydebug: after reduction, shifting from state 6 to state 10
yydebug: state 10, shifting to state 11
yydebug: state 11, reducing by rule 22 (tipo : VOID)
yydebug: after reduction, shifting from state 10 to state 15
yydebug: state 15, reading 259 (IDENTIF)
yydebug: state 15, reducing by rule 16 (ptr :)
yydebug: after reduction, shifting from state 15 to state 17
yydebug: state 17, shifting to state 18
yydebug: state 18, reading 40 ('(')
yydebug: state 18, shifting to state 20
yydebug: state 20, reading 41 (')')
yydebug: state 20, shifting to state 28
yydebug: state 28, reading 59 (';')
yydebug: state 28, shifting to state 34
yydebug: state 34, reducing by rule 12 (declaracao : pub cons tipo ptr IDENTIF '(' ')' ';')
yydebug: after reduction, shifting from state 4 to state 8
yydebug: state 8, reducing by rule 4 (declaracoes : declaracoes declaracao)
yydebug: after reduction, shifting from state 0 to state 4
yydebug: state 4, reading 266 (PUBLIC)
yydebug: state 4, shifting to state 2
yydebug: state 2, reducing by rule 21 (pub : PUBLIC)
yydebug: after reduction, shifting from state 4 to state 6
yydebug: state 6, reading 278 (INTEGER)
yydebug: state 6, reducing by rule 18 (cons :)
yydebug: after reduction, shifting from state 6 to state 10
yydebug: state 10, shifting to state 12
yydebug: state 12, reducing by rule 23 (tipo : INTEGER)
yydebug: after reduction, shifting from state 10 to state 15
yydebug: state 15, reading 259 (IDENTIF)
yydebug: state 15, reducing by rule 16 (ptr :)
yydebug: after reduction, shifting from state 15 to state 17
yydebug: state 17, shifting to state 18
yydebug: state 18, reading 40 ('(')
yydebug: state 18, shifting to state 20
yydebug: state 20, reading 41 (')')
yydebug: state 20, shifting to state 28
yydebug: state 28, reading 59 (';')
yydebug: state 28, shifting to state 34
yydebug: state 34, reducing by rule 12 (declaracao : pub cons tipo ptr IDENTIF '(' ')' ';')
yydebug: after reduction, shifting from state 4 to state 8
yydebug: state 8, reducing by rule 4 (declaracoes : declaracoes declaracao)
yydebug: after reduction, shifting from state 0 to state 4
yydebug: state 4, reading 278 (INTEGER)
yydebug: state 4, reducing by rule 20 (pub :)
yydebug: after reduction, shifting from state 4 to state 6
yydebug: state 6, reducing by rule 18 (cons :)
yydebug: after reduction, shifting from state 6 to state 10
yydebug: state 10, shifting to state 12
yydebug: state 12, reducing by rule 23 (tipo : INTEGER)
yydebug: after reduction, shifting from state 10 to state 15
yydebug: state 15, reading 259 (IDENTIF)
yydebug: state 15, reducing by rule 16 (ptr :)
yydebug: after reduction, shifting from state 15 to state 17
yydebug: state 17, shifting to state 18
yydebug: state 18, reading 287 (ATRIB)
yydebug: state 18, shifting to state 19
yydebug: state 19, reading 257 (INT)
yydebug: state 19, shifting to state 23
yydebug: state 23, reducing by rule 26 (init : ATRIB INT)
yydebug: after reduction, shifting from state 18 to state 22
yydebug: state 22, reading 59 (';')
yydebug: state 22, shifting to state 30
yydebug: state 30, reducing by rule 5 (declaracao : pub cons tipo ptr IDENTIF init ';')
yydebug: after reduction, shifting from state 4 to state 8
yydebug: state 8, reducing by rule 4 (declaracoes : declaracoes declaracao)
yydebug: after reduction, shifting from state 0 to state 4
yydebug: state 4, reading 278 (INTEGER)
yydebug: state 4, reducing by rule 20 (pub :)
yydebug: after reduction, shifting from state 4 to state 6
yydebug: state 6, reducing by rule 18 (cons :)
yydebug: after reduction, shifting from state 6 to state 10
yydebug: state 10, shifting to state 12
yydebug: state 12, reducing by rule 23 (tipo : INTEGER)
yydebug: after reduction, shifting from state 10 to state 15
yydebug: state 15, reading 259 (IDENTIF)
yydebug: state 15, reducing by rule 16 (ptr :)
yydebug: after reduction, shifting from state 15 to state 17
yydebug: state 17, shifting to state 18
yydebug: state 18, reading 287 (ATRIB)
yydebug: state 18, shifting to state 19
yydebug: state 19, reading 257 (INT)
yydebug: state 19, shifting to state 23
yydebug: state 23, reducing by rule 26 (init : ATRIB INT)
yydebug: after reduction, shifting from state 18 to state 22
yydebug: state 22, reading 59 (';')
yydebug: state 22, shifting to state 30
yydebug: state 30, reducing by rule 5 (declaracao : pub cons tipo ptr IDENTIF init ';')
yydebug: after reduction, shifting from state 4 to state 8
yydebug: state 8, reducing by rule 4 (declaracoes : declaracoes declaracao)
yydebug: after reduction, shifting from state 0 to state 4
yydebug: state 4, reading 278 (INTEGER)
yydebug: state 4, reducing by rule 20 (pub :)
yydebug: after reduction, shifting from state 4 to state 6
yydebug: state 6, reducing by rule 18 (cons :)
yydebug: after reduction, shifting from state 6 to state 10
yydebug: state 10, shifting to state 12
yydebug: state 12, reducing by rule 23 (tipo : INTEGER)
yydebug: after reduction, shifting from state 10 to state 15
yydebug: state 15, reading 259 (IDENTIF)
yydebug: state 15, reducing by rule 16 (ptr :)
yydebug: after reduction, shifting from state 15 to state 17
yydebug: state 17, shifting to state 18
yydebug: state 18, reading 287 (ATRIB)
yydebug: state 18, shifting to state 19
yydebug: state 19, reading 257 (INT)
yydebug: state 19, shifting to state 23
yydebug: state 23, reducing by rule 26 (init : ATRIB INT)
yydebug: after reduction, shifting from state 18 to state 22
yydebug: state 22, reading 59 (';')
yydebug: state 22, shifting to state 30
yydebug: state 30, reducing by rule 5 (declaracao : pub cons tipo ptr IDENTIF init ';')
yydebug: after reduction, shifting from state 4 to state 8
yydebug: state 8, reducing by rule 4 (declaracoes : declaracoes declaracao)
yydebug: after reduction, shifting from state 0 to state 4
yydebug: state 4, reading 278 (INTEGER)
yydebug: state 4, reducing by rule 20 (pub :)
yydebug: after reduction, shifting from state 4 to state 6
yydebug: state 6, reducing by rule 18 (cons :)
yydebug: after reduction, shifting from state 6 to state 10
yydebug: state 10, shifting to state 12
yydebug: state 12, reducing by rule 23 (tipo : INTEGER)
yydebug: after reduction, shifting from state 10 to state 15
yydebug: state 15, reading 259 (IDENTIF)
yydebug: state 15, reducing by rule 16 (ptr :)
yydebug: after reduction, shifting from state 15 to state 17
yydebug: state 17, shifting to state 18
yydebug: state 18, reading 287 (ATRIB)
yydebug: state 18, shifting to state 19
yydebug: state 19, reading 257 (INT)
yydebug: state 19, shifting to state 23
yydebug: state 23, reducing by rule 26 (init : ATRIB INT)
yydebug: after reduction, shifting from state 18 to state 22
yydebug: state 22, reading 59 (';')
yydebug: state 22, shifting to state 30
yydebug: state 30, reducing by rule 5 (declaracao : pub cons tipo ptr IDENTIF init ';')
yydebug: after reduction, shifting from state 4 to state 8
yydebug: state 8, reducing by rule 4 (declaracoes : declaracoes declaracao)
yydebug: after reduction, shifting from state 0 to state 4
yydebug: state 4, reading 278 (INTEGER)
yydebug: state 4, reducing by rule 20 (pub :)
yydebug: after reduction, shifting from state 4 to state 6
yydebug: state 6, reducing by rule 18 (cons :)
yydebug: after reduction, shifting from state 6 to state 10
yydebug: state 10, shifting to state 12
yydebug: state 12, reducing by rule 23 (tipo : INTEGER)
yydebug: after reduction, shifting from state 10 to state 15
yydebug: state 15, reading 259 (IDENTIF)
yydebug: state 15, reducing by rule 16 (ptr :)
yydebug: after reduction, shifting from state 15 to state 17
yydebug: state 17, shifting to state 18
yydebug: state 18, reading 287 (ATRIB)
yydebug: state 18, shifting to state 19
yydebug: state 19, reading 257 (INT)
yydebug: state 19, shifting to state 23
yydebug: state 23, reducing by rule 26 (init : ATRIB INT)
yydebug: after reduction, shifting from state 18 to state 22
yydebug: state 22, reading 59 (';')
yydebug: state 22, shifting to state 30
yydebug: state 30, reducing by rule 5 (declaracao : pub cons tipo ptr IDENTIF init ';')
yydebug: after reduction, shifting from state 4 to state 8
yydebug: state 8, reducing by rule 4 (declaracoes : declaracoes declaracao)
yydebug: after reduction, shifting from state 0 to state 4
yydebug: state 4, reading 278 (INTEGER)
yydebug: state 4, reducing by rule 20 (pub :)
yydebug: after reduction, shifting from state 4 to state 6
yydebug: state 6, reducing by rule 18 (cons :)
yydebug: after reduction, shifting from state 6 to state 10
yydebug: state 10, shifting to state 12
yydebug: state 12, reducing by rule 23 (tipo : INTEGER)
yydebug: after reduction, shifting from state 10 to state 15
yydebug: state 15, reading 259 (IDENTIF)
yydebug: state 15, reducing by rule 16 (ptr :)
yydebug: after reduction, shifting from state 15 to state 17
yydebug: state 17, shifting to state 18
yydebug: state 18, reading 287 (ATRIB)
yydebug: state 18, shifting to state 19
yydebug: state 19, reading 257 (INT)
yydebug: state 19, shifting to state 23
yydebug: state 23, reducing by rule 26 (init : ATRIB INT)
yydebug: after reduction, shifting from state 18 to state 22
yydebug: state 22, reading 59 (';')
yydebug: state 22, shifting to state 30
yydebug: state 30, reducing by rule 5 (declaracao : pub cons tipo ptr IDENTIF init ';')
yydebug: after reduction, shifting from state 4 to state 8
yydebug: state 8, reducing by rule 4 (declaracoes : declaracoes declaracao)
yydebug: after reduction, shifting from state 0 to state 4
yydebug: state 4, reading 278 (INTEGER)
yydebug: state 4, reducing by rule 20 (pub :)
yydebug: after reduction, shifting from state 4 to state 6
yydebug: state 6, reducing by rule 18 (cons :)
yydebug: after reduction, shifting from state 6 to state 10
yydebug: state 10, shifting to state 12
yydebug: state 12, reducing by rule 23 (tipo : INTEGER)
yydebug: after reduction, shifting from state 10 to state 15
yydebug: state 15, reading 42 ('*')
yydebug: state 15, shifting to state 16
yydebug: state 16, reducing by rule 17 (ptr : '*')
yydebug: after reduction, shifting from state 15 to state 17
yydebug: state 17, reading 259 (IDENTIF)
yydebug: state 17, shifting to state 18
yydebug: state 18, reading 287 (ATRIB)
yydebug: state 18, shifting to state 19
yydebug: state 19, reading 259 (IDENTIF)
yydebug: state 19, shifting to state 25
yydebug: state 25, reducing by rule 31 (init : ATRIB IDENTIF)
yydebug: after reduction, shifting from state 18 to state 22
yydebug: state 22, reading 59 (';')
yydebug: state 22, shifting to state 30
yydebug: state 30, reducing by rule 5 (declaracao : pub cons tipo ptr IDENTIF init ';')
yydebug: after reduction, shifting from state 4 to state 8
yydebug: state 8, reducing by rule 4 (declaracoes : declaracoes declaracao)
yydebug: after reduction, shifting from state 0 to state 4
yydebug: state 4, reading 266 (PUBLIC)
yydebug: state 4, shifting to state 2
yydebug: state 2, reducing by rule 21 (pub : PUBLIC)
yydebug: after reduction, shifting from state 4 to state 6
yydebug: state 6, reading 278 (INTEGER)
yydebug: state 6, reducing by rule 18 (cons :)
yydebug: after reduction, shifting from state 6 to state 10
yydebug: state 10, shifting to state 12
yydebug: state 12, reducing by rule 23 (tipo : INTEGER)
yydebug: after reduction, shifting from state 10 to state 15
yydebug: state 15, reading 259 (IDENTIF)
yydebug: state 15, reducing by rule 16 (ptr :)
yydebug: after reduction, shifting from state 15 to state 17
yydebug: state 17, shifting to state 18
yydebug: state 18, reading 40 ('(')
yydebug: state 18, shifting to state 20
yydebug: state 20, reading 278 (INTEGER)
yydebug: state 20, reducing by rule 7 ($$1 :)
yydebug: after reduction, shifting from state 20 to state 29
yydebug: state 29, shifting to state 12
yydebug: state 12, reducing by rule 23 (tipo : INTEGER)
yydebug: after reduction, shifting from state 29 to state 36
yydebug: state 36, reading 259 (IDENTIF)
yydebug: state 36, reducing by rule 16 (ptr :)
yydebug: after reduction, shifting from state 36 to state 41
yydebug: state 41, shifting to state 70
yydebug: state 70, reducing by rule 34 (parametro : tipo ptr IDENTIF)
8 -- yacc
yydebug: after reduction, shifting from state 29 to state 37
yydebug: state 37, reducing by rule 33 (parametros : parametro)
yydebug: after reduction, shifting from state 29 to state 38
yydebug: state 38, reading 44 (',')
yydebug: state 38, shifting to state 43
yydebug: state 43, reading 279 (STRING)
yydebug: state 43, shifting to state 13
yydebug: state 13, reducing by rule 24 (tipo : STRING)
yydebug: after reduction, shifting from state 43 to state 36
yydebug: state 36, reading 42 ('*')
yydebug: state 36, shifting to state 16
yydebug: state 16, reducing by rule 17 (ptr : '*')
yydebug: after reduction, shifting from state 36 to state 41
yydebug: state 41, reading 259 (IDENTIF)
yydebug: state 41, shifting to state 70
yydebug: state 70, reducing by rule 34 (parametro : tipo ptr IDENTIF)
12 -- yacc
yydebug: after reduction, shifting from state 43 to state 72
yydebug: state 72, reducing by rule 32 (parametros : parametros ',' parametro)
yydebug: after reduction, shifting from state 29 to state 38
yydebug: state 38, reading 44 (',')
yydebug: state 38, shifting to state 43
yydebug: state 43, reading 279 (STRING)
yydebug: state 43, shifting to state 13
yydebug: state 13, reducing by rule 24 (tipo : STRING)
yydebug: after reduction, shifting from state 43 to state 36
yydebug: state 36, reading 42 ('*')
yydebug: state 36, shifting to state 16
yydebug: state 16, reducing by rule 17 (ptr : '*')
yydebug: after reduction, shifting from state 36 to state 41
yydebug: state 41, reading 259 (IDENTIF)
yydebug: state 41, shifting to state 70
yydebug: state 70, reducing by rule 34 (parametro : tipo ptr IDENTIF)
16 -- yacc
yydebug: after reduction, shifting from state 43 to state 72
yydebug: state 72, reducing by rule 32 (parametros : parametros ',' parametro)
yydebug: after reduction, shifting from state 29 to state 38
yydebug: state 38, reading 41 (')')
yydebug: state 38, shifting to state 42
yydebug: state 42, reducing by rule 8 ($$2 :)
yydebug: after reduction, shifting from state 42 to state 71
yydebug: state 71, reading 123 ('{')
yydebug: state 71, shifting to state 39
yydebug: state 39, reading 278 (INTEGER)
yydebug: state 39, shifting to state 12
yydebug: state 12, reducing by rule 23 (tipo : INTEGER)
yydebug: after reduction, shifting from state 39 to state 36
yydebug: state 36, reading 259 (IDENTIF)
yydebug: state 36, reducing by rule 16 (ptr :)
yydebug: after reduction, shifting from state 36 to state 41
yydebug: state 41, shifting to state 70
yydebug: state 70, reducing by rule 34 (parametro : tipo ptr IDENTIF)
-4 -- yacc
yydebug: after reduction, shifting from state 39 to state 68
yydebug: state 68, reading 59 (';')
yydebug: state 68, shifting to state 116
yydebug: state 116, reducing by rule 35 (pars2 : parametro ';')
yydebug: after reduction, shifting from state 39 to state 67
yydebug: state 67, reading 259 (IDENTIF)
yydebug: state 67, shifting to state 47
yydebug: state 47, reading 287 (ATRIB)
yydebug: state 47, reducing by rule 94 (left_value : IDENTIF)
yydebug: after reduction, shifting from state 67 to state 62
yydebug: state 62, shifting to state 94
yydebug: state 94, reading 259 (IDENTIF)
yydebug: state 94, shifting to state 47
yydebug: state 47, reading 40 ('(')
yydebug: state 47, shifting to state 74
yydebug: state 74, reading 41 (')')
yydebug: state 74, shifting to state 119
yydebug: state 119, reducing by rule 69 (expressao : IDENTIF '(' ')')
yydebug: after reduction, shifting from state 94 to state 129
yydebug: state 129, reading 59 (';')
yydebug: state 129, reducing by rule 71 (expressao : left_value ATRIB expressao)
yydebug: after reduction, shifting from state 67 to state 63
yydebug: state 63, shifting to state 110
yydebug: state 110, reducing by rule 50 (instrucao : expressao ';')
yydebug: after reduction, shifting from state 67 to state 65
yydebug: state 65, reducing by rule 41 (instrucoes : instrucao)
yydebug: after reduction, shifting from state 67 to state 114
yydebug: state 114, reading 259 (IDENTIF)
yydebug: state 114, shifting to state 47
yydebug: state 47, reading 40 ('(')
yydebug: state 47, shifting to state 74
yydebug: state 74, reading 260 (STRN)
yydebug: state 74, shifting to state 48
yydebug: state 48, reducing by rule 66 (expressao : STRN)
yydebug: after reduction, shifting from state 74 to state 120
yydebug: state 120, reading 41 (')')
yydebug: state 120, reducing by rule 63 (expressoes : expressao)
yydebug: after reduction, shifting from state 74 to state 121
yydebug: state 121, shifting to state 147
yydebug: state 147, reducing by rule 68 (expressao : IDENTIF '(' expressoes ')')
yydebug: after reduction, shifting from state 114 to state 63
yydebug: state 63, reading 59 (';')
yydebug: state 63, shifting to state 110
yydebug: state 110, reducing by rule 50 (instrucao : expressao ';')
yydebug: after reduction, shifting from state 114 to state 112
yydebug: state 112, reducing by rule 42 (instrucoes : instrucoes instrucao)
yydebug: after reduction, shifting from state 67 to state 114
yydebug: state 114, reading 259 (IDENTIF)
yydebug: state 114, shifting to state 47
yydebug: state 47, reading 40 ('(')
yydebug: state 47, shifting to state 74
yydebug: state 74, reading 259 (IDENTIF)
yydebug: state 74, shifting to state 47
yydebug: state 47, reading 41 (')')
yydebug: state 47, reducing by rule 94 (left_value : IDENTIF)
yydebug: after reduction, shifting from state 74 to state 76
yydebug: state 76, reducing by rule 67 (expressao : left_value)
yydebug: after reduction, shifting from state 74 to state 120
yydebug: state 120, reducing by rule 63 (expressoes : expressao)
yydebug: after reduction, shifting from state 74 to state 121
yydebug: state 121, shifting to state 147
yydebug: state 147, reducing by rule 68 (expressao : IDENTIF '(' expressoes ')')
yydebug: after reduction, shifting from state 114 to state 63
yydebug: state 63, reading 59 (';')
yydebug: state 63, shifting to state 110
yydebug: state 110, reducing by rule 50 (instrucao : expressao ';')
yydebug: after reduction, shifting from state 114 to state 112
yydebug: state 112, reducing by rule 42 (instrucoes : instrucoes instrucao)
yydebug: after reduction, shifting from state 67 to state 114
yydebug: state 114, reading 259 (IDENTIF)
yydebug: state 114, shifting to state 47
yydebug: state 47, reading 40 ('(')
yydebug: state 47, shifting to state 74
yydebug: state 74, reading 260 (STRN)
yydebug: state 74, shifting to state 48
yydebug: state 48, reducing by rule 66 (expressao : STRN)
yydebug: after reduction, shifting from state 74 to state 120
yydebug: state 120, reading 41 (')')
yydebug: state 120, reducing by rule 63 (expressoes : expressao)
yydebug: after reduction, shifting from state 74 to state 121
yydebug: state 121, shifting to state 147
yydebug: state 147, reducing by rule 68 (expressao : IDENTIF '(' expressoes ')')
yydebug: after reduction, shifting from state 114 to state 63
yydebug: state 63, reading 59 (';')
yydebug: state 63, shifting to state 110
yydebug: state 110, reducing by rule 50 (instrucao : expressao ';')
yydebug: after reduction, shifting from state 114 to state 112
yydebug: state 112, reducing by rule 42 (instrucoes : instrucoes instrucao)
yydebug: after reduction, shifting from state 67 to state 114
yydebug: state 114, reading 259 (IDENTIF)
yydebug: state 114, shifting to state 47
yydebug: state 47, reading 40 ('(')
yydebug: state 47, shifting to state 74
yydebug: state 74, reading 259 (IDENTIF)
yydebug: state 74, shifting to state 47
yydebug: state 47, reading 91 ('[')
yydebug: state 47, shifting to state 75
yydebug: state 75, reading 259 (IDENTIF)
yydebug: state 75, shifting to state 47
yydebug: state 47, reading 93 (']')
yydebug: state 47, reducing by rule 94 (left_value : IDENTIF)
yydebug: after reduction, shifting from state 75 to state 76
yydebug: state 76, reducing by rule 67 (expressao : left_value)
yydebug: after reduction, shifting from state 75 to state 122
yydebug: state 122, shifting to state 149
yydebug: state 149, reducing by rule 95 (left_value : IDENTIF '[' expressao ']')
yydebug: after reduction, shifting from state 74 to state 76
yydebug: state 76, reading 41 (')')
yydebug: state 76, reducing by rule 67 (expressao : left_value)
yydebug: after reduction, shifting from state 74 to state 120
yydebug: state 120, reducing by rule 63 (expressoes : expressao)
yydebug: after reduction, shifting from state 74 to state 121
yydebug: state 121, shifting to state 147
yydebug: state 147, reducing by rule 68 (expressao : IDENTIF '(' expressoes ')')
yydebug: after reduction, shifting from state 114 to state 63
yydebug: state 63, reading 59 (';')
yydebug: state 63, shifting to state 110
yydebug: state 110, reducing by rule 50 (instrucao : expressao ';')
yydebug: after reduction, shifting from state 114 to state 112
yydebug: state 112, reducing by rule 42 (instrucoes : instrucoes instrucao)
yydebug: after reduction, shifting from state 67 to state 114
yydebug: state 114, reading 259 (IDENTIF)
yydebug: state 114, shifting to state 47
yydebug: state 47, reading 40 ('(')
yydebug: state 47, shifting to state 74
yydebug: state 74, reading 41 (')')
yydebug: state 74, shifting to state 119
yydebug: state 119, reducing by rule 69 (expressao : IDENTIF '(' ')')
yydebug: after reduction, shifting from state 114 to state 63
yydebug: state 63, reading 59 (';')
yydebug: state 63, shifting to state 110
yydebug: state 110, reducing by rule 50 (instrucao : expressao ';')
yydebug: after reduction, shifting from state 114 to state 112
yydebug: state 112, reducing by rule 42 (instrucoes : instrucoes instrucao)
yydebug: after reduction, shifting from state 67 to state 114
yydebug: state 114, reading 259 (IDENTIF)
yydebug: state 114, shifting to state 47
yydebug: state 47, reading 287 (ATRIB)
yydebug: state 47, reducing by rule 94 (left_value : IDENTIF)
yydebug: after reduction, shifting from state 114 to state 62
yydebug: state 62, shifting to state 94
yydebug: state 94, reading 257 (INT)
yydebug: state 94, shifting to state 45
yydebug: state 45, reducing by rule 64 (expressao : INT)
yydebug: after reduction, shifting from state 94 to state 129
yydebug: state 129, reading 59 (';')
yydebug: state 129, reducing by rule 71 (expressao : left_value ATRIB expressao)
yydebug: after reduction, shifting from state 114 to state 63
yydebug: state 63, shifting to state 110
yydebug: state 110, reducing by rule 50 (instrucao : expressao ';')
yydebug: after reduction, shifting from state 114 to state 112
yydebug: state 112, reducing by rule 42 (instrucoes : instrucoes instrucao)
yydebug: after reduction, shifting from state 67 to state 114
yydebug: state 114, reading 125 ('}')
yydebug: state 114, shifting to state 144
yydebug: state 144, reducing by rule 40 (corpo : '{' pars2 instrucoes '}')
yydebug: after reduction, shifting from state 71 to state 117
yydebug: state 117, reducing by rule 15 (corpop : corpo)
yydebug: after reduction, shifting from state 71 to state 118
yydebug: state 118, reading 59 (';')
yydebug: state 118, shifting to state 146
yydebug: state 146, reducing by rule 9 (declaracao : pub cons tipo ptr IDENTIF '(' $$1 parametros ')' $$2 corpop ';')
yydebug: after reduction, shifting from state 4 to state 8
yydebug: state 8, reducing by rule 4 (declaracoes : declaracoes declaracao)
yydebug: after reduction, shifting from state 0 to state 4
yydebug: state 4, reading 0 (end-of-file)
yydebug: state 4, reducing by rule 1 (ficheiro : declaracoes)
 0:
 ( PROG: 0:
  ( DECLS: 0:
    ( DECLS: 0:
      ( DECLS: 0:
        ( DECLS: 0:
          ( DECLS: 0:
            ( DECLS: 0:
              ( DECLS: 0:
                ( DECLS: 0:
                  ( DECLS: 0:
                    ( DECLS: 0:
                      ( DECLS: 0:
                        ( DECL: 0: IDENTIF:"prints" 0:
                          ( BODY: 0:
                            ( PARAMS: 8: IDENTIF:"s") 0: NIL:)) 0:
                        ( DECL: 0: IDENTIF:"printi" 0:
                          ( BODY: 0:
                            ( PARAMS: 8: IDENTIF:"i") 0: NIL:))) 0:
                      ( DECL: 0: IDENTIF:"println" 0: NIL:)) 0:
                    ( DECL: 0: IDENTIF:"readi" 0: NIL:)) 0:
                  ( INIT: 0: IDENTIF:"x0" 0: INT:1)) 0:
                ( INIT: 0: IDENTIF:"x1" 0: INT:2)) 0:
              ( INIT: 0: IDENTIF:"x2" 0: INT:3)) 0:
            ( INIT: 0: IDENTIF:"x3" 0: INT:5)) 0:
          ( INIT: 0: IDENTIF:"x4" 0: INT:7)) 0:
        ( INIT: 0: IDENTIF:"x5" 0: INT:9)) 0:
      ( INIT: 0: IDENTIF:"x" 0: IDENTIF:"x0")) 0:
    ( DECL: 0: IDENTIF:"entry" 0:
      ( BODY: 0:
        ( PARAMS: 0:
          ( PARAMS: 0:
            ( PARAMS: 8: IDENTIF:"argc") 12: IDENTIF:"argv") 16: IDENTIF:"envp") 0:
        ( PINTR: -4: IDENTIF:"i" 0:
          ( INSTRS: 0:
            ( INSTRS: 0:
              ( INSTRS: 0:
                ( INSTRS: 0:
                  ( INSTRS: 0:
                    ( INSTRS: 0:
                      ( ATRIB: 0: IDENTIF:"i" 0:
                        ( CALL: 0: IDENTIF:"readi")) 0:
                      ( CALL2: 0: IDENTIF:"prints" 0: STRN:"x[")) 0:
                    ( CALL2: 0: IDENTIF:"printi" 0: IDENTIF:"i")) 0:
                  ( CALL2: 0: IDENTIF:"prints" 0: STRN:"] = ")) 0:
                ( CALL2: 0: IDENTIF:"printi" 0:
                  ( POINTER: 0: IDENTIF:"x" 0: IDENTIF:"i"))) 0:
              ( CALL: 0: IDENTIF:"println")) 0:
            ( ATRIB: 0: IDENTIF:"entry" 0: INT:0)))))))
[#91]
yydebug: after reduction, shifting from state 0 to state 3
