yydebug: state 0, reading 266 (PUBLIC)
yydebug: state 0, shifting to state 2
yydebug: state 2, reducing by rule 21 (pub : PUBLIC)
yydebug: after reduction, shifting from state 0 to state 4
yydebug: state 4, reading 265 (VOID)
yydebug: state 4, reducing by rule 18 (cons :)
yydebug: after reduction, shifting from state 4 to state 9
yydebug: state 9, shifting to state 11
yydebug: state 11, reducing by rule 22 (tipo : VOID)
yydebug: after reduction, shifting from state 9 to state 15
yydebug: state 15, reading 259 (IDENTIF)
yydebug: state 15, reducing by rule 16 (ptr :)
yydebug: after reduction, shifting from state 15 to state 17
yydebug: state 17, shifting to state 18
yydebug: state 18, reading 40 ('(')
yydebug: state 18, shifting to state 20
yydebug: state 20, reading 279 (STRING)
yydebug: state 20, reducing by rule 7 ($$1 :)
yydebug: after reduction, shifting from state 20 to state 28
yydebug: state 28, shifting to state 13
yydebug: state 13, reducing by rule 24 (tipo : STRING)
yydebug: after reduction, shifting from state 28 to state 33
yydebug: state 33, reading 259 (IDENTIF)
yydebug: state 33, reducing by rule 16 (ptr :)
yydebug: after reduction, shifting from state 33 to state 38
yydebug: state 38, shifting to state 67
yydebug: state 67, reducing by rule 33 (parametro : tipo ptr IDENTIF)
yydebug: after reduction, shifting from state 28 to state 34
yydebug: state 34, reducing by rule 31 (pars :)
yydebug: after reduction, shifting from state 34 to state 39
yydebug: state 39, reading 41 (')')
yydebug: state 39, reducing by rule 32 (parametros : parametro pars)
yydebug: after reduction, shifting from state 28 to state 35
yydebug: state 35, shifting to state 40
yydebug: state 40, reducing by rule 8 ($$2 :)
yydebug: after reduction, shifting from state 40 to state 69
yydebug: state 69, reading 59 (';')
yydebug: state 69, reducing by rule 14 (corpop :)
yydebug: after reduction, shifting from state 69 to state 115
yydebug: state 115, shifting to state 144
yydebug: state 144, reducing by rule 9 (declaracao : pub cons tipo ptr IDENTIF '(' $$1 parametros ')' $$2 corpop ';')
yydebug: after reduction, shifting from state 0 to state 5
yydebug: state 5, reducing by rule 3 (declaracoes : declaracao)
yydebug: after reduction, shifting from state 0 to state 6
yydebug: state 6, reading 266 (PUBLIC)
yydebug: state 6, shifting to state 2
yydebug: state 2, reducing by rule 21 (pub : PUBLIC)
yydebug: after reduction, shifting from state 6 to state 4
yydebug: state 4, reading 265 (VOID)
yydebug: state 4, reducing by rule 18 (cons :)
yydebug: after reduction, shifting from state 4 to state 9
yydebug: state 9, shifting to state 11
yydebug: state 11, reducing by rule 22 (tipo : VOID)
yydebug: after reduction, shifting from state 9 to state 15
yydebug: state 15, reading 259 (IDENTIF)
yydebug: state 15, reducing by rule 16 (ptr :)
yydebug: after reduction, shifting from state 15 to state 17
yydebug: state 17, shifting to state 18
yydebug: state 18, reading 40 ('(')
yydebug: state 18, shifting to state 20
yydebug: state 20, reading 278 (INTEGER)
yydebug: state 20, reducing by rule 7 ($$1 :)
yydebug: after reduction, shifting from state 20 to state 28
yydebug: state 28, shifting to state 12
yydebug: state 12, reducing by rule 23 (tipo : INTEGER)
yydebug: after reduction, shifting from state 28 to state 33
yydebug: state 33, reading 259 (IDENTIF)
yydebug: state 33, reducing by rule 16 (ptr :)
yydebug: after reduction, shifting from state 33 to state 38
yydebug: state 38, shifting to state 67
yydebug: state 67, reducing by rule 33 (parametro : tipo ptr IDENTIF)
yydebug: after reduction, shifting from state 28 to state 34
yydebug: state 34, reducing by rule 31 (pars :)
yydebug: after reduction, shifting from state 34 to state 39
yydebug: state 39, reading 41 (')')
yydebug: state 39, reducing by rule 32 (parametros : parametro pars)
yydebug: after reduction, shifting from state 28 to state 35
yydebug: state 35, shifting to state 40
yydebug: state 40, reducing by rule 8 ($$2 :)
yydebug: after reduction, shifting from state 40 to state 69
yydebug: state 69, reading 59 (';')
yydebug: state 69, reducing by rule 14 (corpop :)
yydebug: after reduction, shifting from state 69 to state 115
yydebug: state 115, shifting to state 144
yydebug: state 144, reducing by rule 9 (declaracao : pub cons tipo ptr IDENTIF '(' $$1 parametros ')' $$2 corpop ';')
yydebug: after reduction, shifting from state 6 to state 10
yydebug: state 10, reducing by rule 4 (declaracoes : declaracoes declaracao)
yydebug: after reduction, shifting from state 0 to state 6
yydebug: state 6, reading 266 (PUBLIC)
yydebug: state 6, shifting to state 2
yydebug: state 2, reducing by rule 21 (pub : PUBLIC)
yydebug: after reduction, shifting from state 6 to state 4
yydebug: state 4, reading 265 (VOID)
yydebug: state 4, reducing by rule 18 (cons :)
yydebug: after reduction, shifting from state 4 to state 9
yydebug: state 9, shifting to state 11
yydebug: state 11, reducing by rule 22 (tipo : VOID)
yydebug: after reduction, shifting from state 9 to state 15
yydebug: state 15, reading 259 (IDENTIF)
yydebug: state 15, reducing by rule 16 (ptr :)
yydebug: after reduction, shifting from state 15 to state 17
yydebug: state 17, shifting to state 18
yydebug: state 18, reading 40 ('(')
yydebug: state 18, shifting to state 20
yydebug: state 20, reading 41 (')')
yydebug: state 20, shifting to state 27
yydebug: state 27, reading 59 (';')
yydebug: state 27, shifting to state 31
yydebug: state 31, reducing by rule 12 (declaracao : pub cons tipo ptr IDENTIF '(' ')' ';')
yydebug: after reduction, shifting from state 6 to state 10
yydebug: state 10, reducing by rule 4 (declaracoes : declaracoes declaracao)
yydebug: after reduction, shifting from state 0 to state 6
yydebug: state 6, reading 266 (PUBLIC)
yydebug: state 6, shifting to state 2
yydebug: state 2, reducing by rule 21 (pub : PUBLIC)
yydebug: after reduction, shifting from state 6 to state 4
yydebug: state 4, reading 278 (INTEGER)
yydebug: state 4, reducing by rule 18 (cons :)
yydebug: after reduction, shifting from state 4 to state 9
yydebug: state 9, shifting to state 12
yydebug: state 12, reducing by rule 23 (tipo : INTEGER)
yydebug: after reduction, shifting from state 9 to state 15
yydebug: state 15, reading 259 (IDENTIF)
yydebug: state 15, reducing by rule 16 (ptr :)
yydebug: after reduction, shifting from state 15 to state 17
yydebug: state 17, shifting to state 18
yydebug: state 18, reading 40 ('(')
yydebug: state 18, shifting to state 20
yydebug: state 20, reading 278 (INTEGER)
yydebug: state 20, reducing by rule 7 ($$1 :)
yydebug: after reduction, shifting from state 20 to state 28
yydebug: state 28, shifting to state 12
yydebug: state 12, reducing by rule 23 (tipo : INTEGER)
yydebug: after reduction, shifting from state 28 to state 33
yydebug: state 33, reading 259 (IDENTIF)
yydebug: state 33, reducing by rule 16 (ptr :)
yydebug: after reduction, shifting from state 33 to state 38
yydebug: state 38, shifting to state 67
yydebug: state 67, reducing by rule 33 (parametro : tipo ptr IDENTIF)
yydebug: after reduction, shifting from state 28 to state 34
yydebug: state 34, reducing by rule 31 (pars :)
yydebug: after reduction, shifting from state 34 to state 39
yydebug: state 39, reading 44 (',')
yydebug: state 39, shifting to state 68
yydebug: state 68, reading 279 (STRING)
yydebug: state 68, shifting to state 13
yydebug: state 13, reducing by rule 24 (tipo : STRING)
yydebug: after reduction, shifting from state 68 to state 33
yydebug: state 33, reading 42 ('*')
yydebug: state 33, shifting to state 16
yydebug: state 16, reducing by rule 17 (ptr : '*')
yydebug: after reduction, shifting from state 33 to state 38
yydebug: state 38, reading 259 (IDENTIF)
yydebug: state 38, shifting to state 67
yydebug: state 67, reducing by rule 33 (parametro : tipo ptr IDENTIF)
yydebug: after reduction, shifting from state 68 to state 114
yydebug: state 114, reducing by rule 30 (pars : pars ',' parametro)
yydebug: after reduction, shifting from state 34 to state 39
yydebug: state 39, reading 44 (',')
yydebug: state 39, shifting to state 68
yydebug: state 68, reading 279 (STRING)
yydebug: state 68, shifting to state 13
yydebug: state 13, reducing by rule 24 (tipo : STRING)
yydebug: after reduction, shifting from state 68 to state 33
yydebug: state 33, reading 42 ('*')
yydebug: state 33, shifting to state 16
yydebug: state 16, reducing by rule 17 (ptr : '*')
yydebug: after reduction, shifting from state 33 to state 38
yydebug: state 38, reading 259 (IDENTIF)
yydebug: state 38, shifting to state 67
yydebug: state 67, reducing by rule 33 (parametro : tipo ptr IDENTIF)
yydebug: after reduction, shifting from state 68 to state 114
yydebug: state 114, reducing by rule 30 (pars : pars ',' parametro)
yydebug: after reduction, shifting from state 34 to state 39
yydebug: state 39, reading 41 (')')
yydebug: state 39, reducing by rule 32 (parametros : parametro pars)
yydebug: after reduction, shifting from state 28 to state 35
yydebug: state 35, shifting to state 40
yydebug: state 40, reducing by rule 8 ($$2 :)
yydebug: after reduction, shifting from state 40 to state 69
yydebug: state 69, reading 123 ('{')
yydebug: state 69, shifting to state 36
yydebug: state 36, reading 278 (INTEGER)
yydebug: state 36, shifting to state 12
yydebug: state 12, reducing by rule 23 (tipo : INTEGER)
yydebug: after reduction, shifting from state 36 to state 33
yydebug: state 33, reading 259 (IDENTIF)
yydebug: state 33, reducing by rule 16 (ptr :)
yydebug: after reduction, shifting from state 33 to state 38
yydebug: state 38, shifting to state 67
yydebug: state 67, reducing by rule 33 (parametro : tipo ptr IDENTIF)
yydebug: after reduction, shifting from state 36 to state 60
yydebug: state 60, reading 59 (';')
yydebug: state 60, shifting to state 93
yydebug: state 93, reducing by rule 34 (pars2 : parametro ';')
yydebug: after reduction, shifting from state 36 to state 61
yydebug: state 61, reading 259 (IDENTIF)
yydebug: state 61, shifting to state 44
yydebug: state 44, reading 287 (ATRIB)
yydebug: state 44, reducing by rule 93 (left_value : IDENTIF)
yydebug: after reduction, shifting from state 61 to state 59
yydebug: state 59, shifting to state 91
yydebug: state 91, reading 257 (INT)
yydebug: state 91, shifting to state 42
yydebug: state 42, reducing by rule 63 (expressao : INT)
yydebug: after reduction, shifting from state 91 to state 127
yydebug: state 127, reading 59 (';')
yydebug: state 127, reducing by rule 70 (expressao : left_value ATRIB expressao)
yydebug: after reduction, shifting from state 61 to state 62
yydebug: state 62, shifting to state 111
yydebug: state 111, reducing by rule 49 (instrucao : expressao ';')
yydebug: after reduction, shifting from state 61 to state 65
yydebug: state 65, reducing by rule 40 (instrucoes : instrucao)
yydebug: after reduction, shifting from state 61 to state 96
yydebug: state 96, reading 259 (IDENTIF)
yydebug: state 96, shifting to state 44
yydebug: state 44, reading 40 ('(')
yydebug: state 44, shifting to state 71
yydebug: state 71, reading 260 (STRN)
yydebug: state 71, shifting to state 45
yydebug: state 45, reducing by rule 65 (expressao : STRN)
yydebug: after reduction, shifting from state 71 to state 118
yydebug: state 118, reading 41 (')')
yydebug: state 118, reducing by rule 62 (expressoes : expressao)
yydebug: after reduction, shifting from state 71 to state 119
yydebug: state 119, shifting to state 145
yydebug: state 145, reducing by rule 67 (expressao : IDENTIF '(' expressoes ')')
yydebug: after reduction, shifting from state 96 to state 62
yydebug: state 62, reading 59 (';')
yydebug: state 62, shifting to state 111
yydebug: state 111, reducing by rule 49 (instrucao : expressao ';')
yydebug: after reduction, shifting from state 96 to state 113
yydebug: state 113, reducing by rule 41 (instrucoes : instrucoes instrucao)
yydebug: after reduction, shifting from state 61 to state 96
yydebug: state 96, reading 259 (IDENTIF)
yydebug: state 96, shifting to state 44
yydebug: state 44, reading 40 ('(')
yydebug: state 44, shifting to state 71
yydebug: state 71, reading 259 (IDENTIF)
yydebug: state 71, shifting to state 44
yydebug: state 44, reading 41 (')')
yydebug: state 44, reducing by rule 93 (left_value : IDENTIF)
yydebug: after reduction, shifting from state 71 to state 73
yydebug: state 73, reducing by rule 66 (expressao : left_value)
yydebug: after reduction, shifting from state 71 to state 118
yydebug: state 118, reducing by rule 62 (expressoes : expressao)
yydebug: after reduction, shifting from state 71 to state 119
yydebug: state 119, shifting to state 145
yydebug: state 145, reducing by rule 67 (expressao : IDENTIF '(' expressoes ')')
yydebug: after reduction, shifting from state 96 to state 62
yydebug: state 62, reading 59 (';')
yydebug: state 62, shifting to state 111
yydebug: state 111, reducing by rule 49 (instrucao : expressao ';')
yydebug: after reduction, shifting from state 96 to state 113
yydebug: state 113, reducing by rule 41 (instrucoes : instrucoes instrucao)
yydebug: after reduction, shifting from state 61 to state 96
yydebug: state 96, reading 259 (IDENTIF)
yydebug: state 96, shifting to state 44
yydebug: state 44, reading 40 ('(')
yydebug: state 44, shifting to state 71
yydebug: state 71, reading 41 (')')
yydebug: state 71, shifting to state 117
yydebug: state 117, reducing by rule 68 (expressao : IDENTIF '(' ')')
yydebug: after reduction, shifting from state 96 to state 62
yydebug: state 62, reading 59 (';')
yydebug: state 62, shifting to state 111
yydebug: state 111, reducing by rule 49 (instrucao : expressao ';')
yydebug: after reduction, shifting from state 96 to state 113
yydebug: state 113, reducing by rule 41 (instrucoes : instrucoes instrucao)
yydebug: after reduction, shifting from state 61 to state 96
yydebug: state 96, reading 259 (IDENTIF)
yydebug: state 96, shifting to state 44
yydebug: state 44, reading 287 (ATRIB)
yydebug: state 44, reducing by rule 93 (left_value : IDENTIF)
yydebug: after reduction, shifting from state 96 to state 59
yydebug: state 59, shifting to state 91
yydebug: state 91, reading 257 (INT)
yydebug: state 91, shifting to state 42
yydebug: state 42, reducing by rule 63 (expressao : INT)
yydebug: after reduction, shifting from state 91 to state 127
yydebug: state 127, reading 59 (';')
yydebug: state 127, reducing by rule 70 (expressao : left_value ATRIB expressao)
yydebug: after reduction, shifting from state 96 to state 62
yydebug: state 62, shifting to state 111
yydebug: state 111, reducing by rule 49 (instrucao : expressao ';')
yydebug: after reduction, shifting from state 96 to state 113
yydebug: state 113, reducing by rule 41 (instrucoes : instrucoes instrucao)
yydebug: after reduction, shifting from state 61 to state 96
yydebug: state 96, reading 125 ('}')
yydebug: state 96, shifting to state 130
yydebug: state 130, reducing by rule 39 (corpo : '{' pars2 instrucoes '}')
yydebug: after reduction, shifting from state 69 to state 116
yydebug: state 116, reducing by rule 15 (corpop : corpo)
yydebug: after reduction, shifting from state 69 to state 115
yydebug: state 115, reading 59 (';')
yydebug: state 115, shifting to state 144
yydebug: state 144, reducing by rule 9 (declaracao : pub cons tipo ptr IDENTIF '(' $$1 parametros ')' $$2 corpop ';')
yydebug: after reduction, shifting from state 6 to state 10
yydebug: state 10, reducing by rule 4 (declaracoes : declaracoes declaracao)
yydebug: after reduction, shifting from state 0 to state 6
yydebug: state 6, reading 0 (end-of-file)
yydebug: state 6, reducing by rule 1 (ficheiro : declaracoes)
yydebug: after reduction, shifting from state 0 to state 3
