yydebug: state 0, reading 266 (PUBLIC)
yydebug: state 0, shifting to state 2
yydebug: state 2, reducing by rule 21 (pub : PUBLIC)
yydebug: after reduction, shifting from state 0 to state 4
yydebug: state 4, reading 265 (VOID)
yydebug: state 4, reducing by rule 18 (cons :)
yydebug: after reduction, shifting from state 4 to state 9
yydebug: state 9, shifting to state 11
yydebug: state 11, reducing by rule 22 (tipo : VOID)
yydebug: after reduction, shifting from state 9 to state 15
yydebug: state 15, reading 259 (IDENTIF)
yydebug: state 15, reducing by rule 16 (ptr :)
yydebug: after reduction, shifting from state 15 to state 17
yydebug: state 17, shifting to state 18
yydebug: state 18, reading 40 ('(')
yydebug: state 18, shifting to state 20
yydebug: state 20, reading 279 (STRING)
yydebug: state 20, reducing by rule 7 ($$1 :)
yydebug: after reduction, shifting from state 20 to state 29
yydebug: state 29, shifting to state 13
yydebug: state 13, reducing by rule 24 (tipo : STRING)
yydebug: after reduction, shifting from state 29 to state 35
yydebug: state 35, reading 259 (IDENTIF)
yydebug: state 35, reducing by rule 16 (ptr :)
yydebug: after reduction, shifting from state 35 to state 40
yydebug: state 40, shifting to state 48
yydebug: state 48, reducing by rule 34 (parametro : tipo ptr IDENTIF)
yydebug: after reduction, shifting from state 29 to state 36
yydebug: state 36, reducing by rule 32 (pars :)
yydebug: after reduction, shifting from state 36 to state 41
yydebug: state 41, reading 41 (')')
yydebug: state 41, reducing by rule 33 (parametros : parametro pars)
yydebug: after reduction, shifting from state 29 to state 37
yydebug: state 37, shifting to state 42
yydebug: state 42, reducing by rule 8 ($$2 :)
yydebug: after reduction, shifting from state 42 to state 50
yydebug: state 50, reading 59 (';')
yydebug: state 50, reducing by rule 14 (corpop :)
yydebug: after reduction, shifting from state 50 to state 78
yydebug: state 78, shifting to state 122
yydebug: state 122, reducing by rule 9 (declaracao : pub cons tipo ptr IDENTIF '(' $$1 parametros ')' $$2 corpop ';')
yydebug: after reduction, shifting from state 0 to state 5
yydebug: state 5, reducing by rule 3 (declaracoes : declaracao)
yydebug: after reduction, shifting from state 0 to state 6
yydebug: state 6, reading 266 (PUBLIC)
yydebug: state 6, shifting to state 2
yydebug: state 2, reducing by rule 21 (pub : PUBLIC)
yydebug: after reduction, shifting from state 6 to state 4
yydebug: state 4, reading 265 (VOID)
yydebug: state 4, reducing by rule 18 (cons :)
yydebug: after reduction, shifting from state 4 to state 9
yydebug: state 9, shifting to state 11
yydebug: state 11, reducing by rule 22 (tipo : VOID)
yydebug: after reduction, shifting from state 9 to state 15
yydebug: state 15, reading 259 (IDENTIF)
yydebug: state 15, reducing by rule 16 (ptr :)
yydebug: after reduction, shifting from state 15 to state 17
yydebug: state 17, shifting to state 18
yydebug: state 18, reading 40 ('(')
yydebug: state 18, shifting to state 20
yydebug: state 20, reading 280 (NUMBER)
yydebug: state 20, reducing by rule 7 ($$1 :)
yydebug: after reduction, shifting from state 20 to state 29
yydebug: state 29, shifting to state 14
yydebug: state 14, reducing by rule 25 (tipo : NUMBER)
yydebug: after reduction, shifting from state 29 to state 35
yydebug: state 35, reading 259 (IDENTIF)
yydebug: state 35, reducing by rule 16 (ptr :)
yydebug: after reduction, shifting from state 35 to state 40
yydebug: state 40, shifting to state 48
yydebug: state 48, reducing by rule 34 (parametro : tipo ptr IDENTIF)
yydebug: after reduction, shifting from state 29 to state 36
yydebug: state 36, reducing by rule 32 (pars :)
yydebug: after reduction, shifting from state 36 to state 41
yydebug: state 41, reading 41 (')')
yydebug: state 41, reducing by rule 33 (parametros : parametro pars)
yydebug: after reduction, shifting from state 29 to state 37
yydebug: state 37, shifting to state 42
yydebug: state 42, reducing by rule 8 ($$2 :)
yydebug: after reduction, shifting from state 42 to state 50
yydebug: state 50, reading 59 (';')
yydebug: state 50, reducing by rule 14 (corpop :)
yydebug: after reduction, shifting from state 50 to state 78
yydebug: state 78, shifting to state 122
yydebug: state 122, reducing by rule 9 (declaracao : pub cons tipo ptr IDENTIF '(' $$1 parametros ')' $$2 corpop ';')
yydebug: after reduction, shifting from state 6 to state 10
yydebug: state 10, reducing by rule 4 (declaracoes : declaracoes declaracao)
yydebug: after reduction, shifting from state 0 to state 6
yydebug: state 6, reading 266 (PUBLIC)
yydebug: state 6, shifting to state 2
yydebug: state 2, reducing by rule 21 (pub : PUBLIC)
yydebug: after reduction, shifting from state 6 to state 4
yydebug: state 4, reading 265 (VOID)
yydebug: state 4, reducing by rule 18 (cons :)
yydebug: after reduction, shifting from state 4 to state 9
yydebug: state 9, shifting to state 11
yydebug: state 11, reducing by rule 22 (tipo : VOID)
yydebug: after reduction, shifting from state 9 to state 15
yydebug: state 15, reading 259 (IDENTIF)
yydebug: state 15, reducing by rule 16 (ptr :)
yydebug: after reduction, shifting from state 15 to state 17
yydebug: state 17, shifting to state 18
yydebug: state 18, reading 40 ('(')
yydebug: state 18, shifting to state 20
yydebug: state 20, reading 41 (')')
yydebug: state 20, shifting to state 28
yydebug: state 28, reading 59 (';')
yydebug: state 28, shifting to state 33
yydebug: state 33, reducing by rule 12 (declaracao : pub cons tipo ptr IDENTIF '(' ')' ';')
yydebug: after reduction, shifting from state 6 to state 10
yydebug: state 10, reducing by rule 4 (declaracoes : declaracoes declaracao)
yydebug: after reduction, shifting from state 0 to state 6
yydebug: state 6, reading 266 (PUBLIC)
yydebug: state 6, shifting to state 2
yydebug: state 2, reducing by rule 21 (pub : PUBLIC)
yydebug: after reduction, shifting from state 6 to state 4
yydebug: state 4, reading 278 (INTEGER)
yydebug: state 4, reducing by rule 18 (cons :)
yydebug: after reduction, shifting from state 4 to state 9
yydebug: state 9, shifting to state 12
yydebug: state 12, reducing by rule 23 (tipo : INTEGER)
yydebug: after reduction, shifting from state 9 to state 15
yydebug: state 15, reading 259 (IDENTIF)
yydebug: state 15, reducing by rule 16 (ptr :)
yydebug: after reduction, shifting from state 15 to state 17
yydebug: state 17, shifting to state 18
yydebug: state 18, reading 40 ('(')
yydebug: state 18, shifting to state 20
yydebug: state 20, reading 41 (')')
yydebug: state 20, shifting to state 28
yydebug: state 28, reading 59 (';')
yydebug: state 28, shifting to state 33
yydebug: state 33, reducing by rule 12 (declaracao : pub cons tipo ptr IDENTIF '(' ')' ';')
yydebug: after reduction, shifting from state 6 to state 10
yydebug: state 10, reducing by rule 4 (declaracoes : declaracoes declaracao)
yydebug: after reduction, shifting from state 0 to state 6
yydebug: state 6, reading 266 (PUBLIC)
yydebug: state 6, shifting to state 2
yydebug: state 2, reducing by rule 21 (pub : PUBLIC)
yydebug: after reduction, shifting from state 6 to state 4
yydebug: state 4, reading 278 (INTEGER)
yydebug: state 4, reducing by rule 18 (cons :)
yydebug: after reduction, shifting from state 4 to state 9
yydebug: state 9, shifting to state 12
yydebug: state 12, reducing by rule 23 (tipo : INTEGER)
yydebug: after reduction, shifting from state 9 to state 15
yydebug: state 15, reading 259 (IDENTIF)
yydebug: state 15, reducing by rule 16 (ptr :)
yydebug: after reduction, shifting from state 15 to state 17
yydebug: state 17, shifting to state 18
yydebug: state 18, reading 40 ('(')
yydebug: state 18, shifting to state 20
yydebug: state 20, reading 278 (INTEGER)
yydebug: state 20, reducing by rule 7 ($$1 :)
yydebug: after reduction, shifting from state 20 to state 29
yydebug: state 29, shifting to state 12
yydebug: state 12, reducing by rule 23 (tipo : INTEGER)
yydebug: after reduction, shifting from state 29 to state 35
yydebug: state 35, reading 259 (IDENTIF)
yydebug: state 35, reducing by rule 16 (ptr :)
yydebug: after reduction, shifting from state 35 to state 40
yydebug: state 40, shifting to state 48
yydebug: state 48, reducing by rule 34 (parametro : tipo ptr IDENTIF)
yydebug: after reduction, shifting from state 29 to state 36
yydebug: state 36, reducing by rule 32 (pars :)
yydebug: after reduction, shifting from state 36 to state 41
yydebug: state 41, reading 44 (',')
yydebug: state 41, shifting to state 49
yydebug: state 49, reading 279 (STRING)
yydebug: state 49, shifting to state 13
yydebug: state 13, reducing by rule 24 (tipo : STRING)
yydebug: after reduction, shifting from state 49 to state 35
yydebug: state 35, reading 42 ('*')
yydebug: state 35, shifting to state 16
yydebug: state 16, reducing by rule 17 (ptr : '*')
yydebug: after reduction, shifting from state 35 to state 40
yydebug: state 40, reading 259 (IDENTIF)
yydebug: state 40, shifting to state 48
yydebug: state 48, reducing by rule 34 (parametro : tipo ptr IDENTIF)
yydebug: after reduction, shifting from state 49 to state 77
yydebug: state 77, reducing by rule 31 (pars : pars ',' parametro)
yydebug: after reduction, shifting from state 36 to state 41
yydebug: state 41, reading 44 (',')
yydebug: state 41, shifting to state 49
yydebug: state 49, reading 279 (STRING)
yydebug: state 49, shifting to state 13
yydebug: state 13, reducing by rule 24 (tipo : STRING)
yydebug: after reduction, shifting from state 49 to state 35
yydebug: state 35, reading 42 ('*')
yydebug: state 35, shifting to state 16
yydebug: state 16, reducing by rule 17 (ptr : '*')
yydebug: after reduction, shifting from state 35 to state 40
yydebug: state 40, reading 259 (IDENTIF)
yydebug: state 40, shifting to state 48
yydebug: state 48, reducing by rule 34 (parametro : tipo ptr IDENTIF)
yydebug: after reduction, shifting from state 49 to state 77
yydebug: state 77, reducing by rule 31 (pars : pars ',' parametro)
yydebug: after reduction, shifting from state 36 to state 41
yydebug: state 41, reading 41 (')')
yydebug: state 41, reducing by rule 33 (parametros : parametro pars)
yydebug: after reduction, shifting from state 29 to state 37
yydebug: state 37, shifting to state 42
yydebug: state 42, reducing by rule 8 ($$2 :)
yydebug: after reduction, shifting from state 42 to state 50
yydebug: state 50, reading 123 ('{')
yydebug: state 50, shifting to state 38
yydebug: state 38, reading 278 (INTEGER)
yydebug: state 38, shifting to state 12
yydebug: state 12, reducing by rule 23 (tipo : INTEGER)
yydebug: after reduction, shifting from state 38 to state 35
yydebug: state 35, reading 259 (IDENTIF)
yydebug: state 35, reducing by rule 16 (ptr :)
yydebug: after reduction, shifting from state 35 to state 40
yydebug: state 40, shifting to state 48
yydebug: state 48, reducing by rule 34 (parametro : tipo ptr IDENTIF)
yydebug: after reduction, shifting from state 38 to state 44
yydebug: state 44, reading 59 (';')
yydebug: state 44, shifting to state 51
yydebug: state 51, reducing by rule 35 (pars2 : parametro ';')
yydebug: after reduction, shifting from state 38 to state 45
yydebug: state 45, reading 278 (INTEGER)
yydebug: state 45, shifting to state 12
yydebug: state 12, reducing by rule 23 (tipo : INTEGER)
yydebug: after reduction, shifting from state 45 to state 35
yydebug: state 35, reading 259 (IDENTIF)
yydebug: state 35, reducing by rule 16 (ptr :)
yydebug: after reduction, shifting from state 35 to state 40
yydebug: state 40, shifting to state 48
yydebug: state 48, reducing by rule 34 (parametro : tipo ptr IDENTIF)
yydebug: after reduction, shifting from state 45 to state 53
yydebug: state 53, reading 59 (';')
yydebug: state 53, shifting to state 80
yydebug: state 80, reducing by rule 36 (pars2 : pars2 parametro ';')
yydebug: after reduction, shifting from state 38 to state 45
yydebug: state 45, reading 278 (INTEGER)
yydebug: state 45, shifting to state 12
yydebug: state 12, reducing by rule 23 (tipo : INTEGER)
yydebug: after reduction, shifting from state 45 to state 35
yydebug: state 35, reading 259 (IDENTIF)
yydebug: state 35, reducing by rule 16 (ptr :)
yydebug: after reduction, shifting from state 35 to state 40
yydebug: state 40, shifting to state 48
yydebug: state 48, reducing by rule 34 (parametro : tipo ptr IDENTIF)
yydebug: after reduction, shifting from state 45 to state 53
yydebug: state 53, reading 59 (';')
yydebug: state 53, shifting to state 80
yydebug: state 80, reducing by rule 36 (pars2 : pars2 parametro ';')
yydebug: after reduction, shifting from state 38 to state 45
yydebug: state 45, reading 280 (NUMBER)
yydebug: state 45, shifting to state 14
yydebug: state 14, reducing by rule 25 (tipo : NUMBER)
yydebug: after reduction, shifting from state 45 to state 35
yydebug: state 35, reading 259 (IDENTIF)
yydebug: state 35, reducing by rule 16 (ptr :)
yydebug: after reduction, shifting from state 35 to state 40
yydebug: state 40, shifting to state 48
yydebug: state 48, reducing by rule 34 (parametro : tipo ptr IDENTIF)
yydebug: after reduction, shifting from state 45 to state 53
yydebug: state 53, reading 59 (';')
yydebug: state 53, shifting to state 80
yydebug: state 80, reducing by rule 36 (pars2 : pars2 parametro ';')
yydebug: after reduction, shifting from state 38 to state 45
yydebug: state 45, reading 259 (IDENTIF)
yydebug: state 45, reducing by rule 41 ($$5 :)
yydebug: after reduction, shifting from state 45 to state 54
yydebug: state 54, shifting to state 58
yydebug: state 58, reading 40 ('(')
yydebug: state 58, shifting to state 83
yydebug: state 83, reading 260 (STRN)
yydebug: state 83, shifting to state 59
yydebug: state 59, reducing by rule 68 (expressao : STRN)
yydebug: after reduction, shifting from state 83 to state 125
yydebug: state 125, reading 41 (')')
yydebug: state 125, reducing by rule 65 (expressoes : expressao)
yydebug: after reduction, shifting from state 83 to state 126
yydebug: state 126, shifting to state 149
yydebug: state 149, reducing by rule 70 (expressao : IDENTIF '(' expressoes ')')
yydebug: after reduction, shifting from state 54 to state 73
yydebug: state 73, reading 59 (';')
yydebug: state 73, shifting to state 119
yydebug: state 119, reducing by rule 52 (instrucao : expressao ';')
yydebug: after reduction, shifting from state 54 to state 76
yydebug: state 76, reducing by rule 43 (instrucoes : instrucao)
yydebug: after reduction, shifting from state 54 to state 81
yydebug: state 81, reading 259 (IDENTIF)
yydebug: state 81, shifting to state 58
yydebug: state 58, reading 283 (EQ)
yydebug: state 58, reducing by rule 96 (left_value : IDENTIF)
yydebug: after reduction, shifting from state 81 to state 72
yydebug: state 72, reducing by rule 69 (expressao : left_value)
yydebug: after reduction, shifting from state 81 to state 73
yydebug: state 73, shifting to state 107
yydebug: state 107, reading 259 (IDENTIF)
yydebug: state 107, shifting to state 58
yydebug: state 58, reading 40 ('(')
yydebug: state 58, shifting to state 83
yydebug: state 83, reading 41 (')')
yydebug: state 83, shifting to state 124
yydebug: state 124, reducing by rule 71 (expressao : IDENTIF '(' ')')
yydebug: after reduction, shifting from state 107 to state 138
yydebug: state 138, reading 59 (';')
yydebug: state 138, reducing by rule 86 (expressao : expressao EQ expressao)
yydebug: after reduction, shifting from state 81 to state 73
yydebug: state 73, shifting to state 119
yydebug: state 119, reducing by rule 52 (instrucao : expressao ';')
yydebug: after reduction, shifting from state 81 to state 121
yydebug: state 121, reducing by rule 44 (instrucoes : instrucoes instrucao)
yydebug: after reduction, shifting from state 54 to state 81
yydebug: state 81, reading 262 (IF)
yydebug: state 81, shifting to state 60
yydebug: state 60, reading 259 (IDENTIF)
yydebug: state 60, shifting to state 58
yydebug: state 58, reading 62 ('>')
yydebug: state 58, reducing by rule 96 (left_value : IDENTIF)
yydebug: after reduction, shifting from state 60 to state 85
yydebug: state 85, reducing by rule 69 (expressao : left_value)
yydebug: after reduction, shifting from state 60 to state 86
yydebug: state 86, shifting to state 111
yydebug: state 111, reading 257 (INT)
yydebug: state 111, shifting to state 56
yydebug: state 56, reducing by rule 66 (expressao : INT)
yydebug: after reduction, shifting from state 111 to state 142
yydebug: state 142, reading 268 (THEN)
yydebug: state 142, reducing by rule 84 (expressao : expressao '>' expressao)
yydebug: after reduction, shifting from state 60 to state 86
yydebug: state 86, shifting to state 128
yydebug: state 128, reading 123 ('{')
yydebug: state 128, shifting to state 38
yydebug: state 38, reading 259 (IDENTIF)
yydebug: state 38, reducing by rule 39 ($$4 :)
yydebug: after reduction, shifting from state 38 to state 46
yydebug: state 46, shifting to state 58
yydebug: state 58, reading 287 (ATRIB)
yydebug: state 58, reducing by rule 96 (left_value : IDENTIF)
yydebug: after reduction, shifting from state 46 to state 72
yydebug: state 72, shifting to state 103
yydebug: state 103, reading 257 (INT)
yydebug: state 103, shifting to state 56
yydebug: state 56, reducing by rule 66 (expressao : INT)
yydebug: after reduction, shifting from state 103 to state 134
yydebug: state 134, reading 59 (';')
yydebug: state 134, reducing by rule 73 (expressao : left_value ATRIB expressao)
yydebug: after reduction, shifting from state 46 to state 73
yydebug: state 73, shifting to state 119
yydebug: state 119, reducing by rule 52 (instrucao : expressao ';')
yydebug: after reduction, shifting from state 46 to state 76
yydebug: state 76, reducing by rule 43 (instrucoes : instrucao)
yydebug: after reduction, shifting from state 46 to state 75
yydebug: state 75, reading 259 (IDENTIF)
yydebug: state 75, shifting to state 58
yydebug: state 58, reading 287 (ATRIB)
yydebug: state 58, reducing by rule 96 (left_value : IDENTIF)
yydebug: after reduction, shifting from state 75 to state 72
yydebug: state 72, shifting to state 103
yydebug: state 103, reading 257 (INT)
yydebug: state 103, shifting to state 56
yydebug: state 56, reducing by rule 66 (expressao : INT)
yydebug: after reduction, shifting from state 103 to state 134
yydebug: state 134, reading 59 (';')
yydebug: state 134, reducing by rule 73 (expressao : left_value ATRIB expressao)
yydebug: after reduction, shifting from state 75 to state 73
yydebug: state 73, shifting to state 119
yydebug: state 119, reducing by rule 52 (instrucao : expressao ';')
yydebug: after reduction, shifting from state 75 to state 121
yydebug: state 121, reducing by rule 44 (instrucoes : instrucoes instrucao)
yydebug: after reduction, shifting from state 46 to state 75
yydebug: state 75, reading 259 (IDENTIF)
yydebug: state 75, shifting to state 58
yydebug: state 58, reading 287 (ATRIB)
yydebug: state 58, reducing by rule 96 (left_value : IDENTIF)
yydebug: after reduction, shifting from state 75 to state 72
yydebug: state 72, shifting to state 103
yydebug: state 103, reading 258 (NUM)
yydebug: state 103, shifting to state 57
yydebug: state 57, reducing by rule 67 (expressao : NUM)
yydebug: after reduction, shifting from state 103 to state 134
yydebug: state 134, reading 59 (';')
yydebug: state 134, reducing by rule 73 (expressao : left_value ATRIB expressao)
yydebug: after reduction, shifting from state 75 to state 73
yydebug: state 73, shifting to state 119
yydebug: state 119, reducing by rule 52 (instrucao : expressao ';')
yydebug: after reduction, shifting from state 75 to state 121
yydebug: state 121, reducing by rule 44 (instrucoes : instrucoes instrucao)
yydebug: after reduction, shifting from state 46 to state 75
yydebug: state 75, reading 262 (IF)
yydebug: state 75, shifting to state 60
yydebug: state 60, reading 259 (IDENTIF)
yydebug: state 60, shifting to state 58
yydebug: state 58, reading 60 ('<')
yydebug: state 58, reducing by rule 96 (left_value : IDENTIF)
yydebug: after reduction, shifting from state 60 to state 85
yydebug: state 85, reducing by rule 69 (expressao : left_value)
yydebug: after reduction, shifting from state 60 to state 86
yydebug: state 86, shifting to state 112
yydebug: state 112, reading 259 (IDENTIF)
yydebug: state 112, shifting to state 58
yydebug: state 58, reading 268 (THEN)
yydebug: state 58, reducing by rule 96 (left_value : IDENTIF)
yydebug: after reduction, shifting from state 112 to state 85
yydebug: state 85, reducing by rule 69 (expressao : left_value)
yydebug: after reduction, shifting from state 112 to state 143
yydebug: state 143, reducing by rule 85 (expressao : expressao '<' expressao)
yydebug: after reduction, shifting from state 60 to state 86
yydebug: state 86, shifting to state 128
yydebug: state 128, reading 270 (DO)
yydebug: state 128, shifting to state 61
yydebug: state 61, reducing by rule 47 ($$6 :)
yydebug: after reduction, shifting from state 61 to state 87
yydebug: state 87, reading 123 ('{')
yydebug: state 87, shifting to state 38
yydebug: state 38, reading 259 (IDENTIF)
yydebug: state 38, reducing by rule 39 ($$4 :)
yydebug: after reduction, shifting from state 38 to state 46
yydebug: state 46, shifting to state 58
yydebug: state 58, reading 287 (ATRIB)
yydebug: state 58, reducing by rule 96 (left_value : IDENTIF)
yydebug: after reduction, shifting from state 46 to state 72
yydebug: state 72, shifting to state 103
yydebug: state 103, reading 259 (IDENTIF)
yydebug: state 103, shifting to state 58
yydebug: state 58, reading 43 ('+')
yydebug: state 58, reducing by rule 96 (left_value : IDENTIF)
yydebug: after reduction, shifting from state 103 to state 85
yydebug: state 85, reducing by rule 69 (expressao : left_value)
yydebug: after reduction, shifting from state 103 to state 134
yydebug: state 134, shifting to state 113
yydebug: state 113, reading 259 (IDENTIF)
yydebug: state 113, shifting to state 58
yydebug: state 58, reading 47 ('/')
yydebug: state 58, reducing by rule 96 (left_value : IDENTIF)
yydebug: after reduction, shifting from state 113 to state 85
yydebug: state 85, reducing by rule 69 (expressao : left_value)
yydebug: after reduction, shifting from state 113 to state 144
yydebug: state 144, shifting to state 116
yydebug: state 116, reading 40 ('(')
yydebug: state 116, shifting to state 71
yydebug: state 71, reading 257 (INT)
yydebug: state 71, shifting to state 56
yydebug: state 56, reducing by rule 66 (expressao : INT)
yydebug: after reduction, shifting from state 71 to state 100
yydebug: state 100, reading 42 ('*')
yydebug: state 100, shifting to state 115
yydebug: state 115, reading 259 (IDENTIF)
yydebug: state 115, shifting to state 58
yydebug: state 58, reading 43 ('+')
yydebug: state 58, reducing by rule 96 (left_value : IDENTIF)
yydebug: after reduction, shifting from state 115 to state 85
yydebug: state 85, reducing by rule 69 (expressao : left_value)
yydebug: after reduction, shifting from state 115 to state 146
yydebug: state 146, reducing by rule 79 (expressao : expressao '*' expressao)
yydebug: after reduction, shifting from state 71 to state 100
yydebug: state 100, shifting to state 113
yydebug: state 113, reading 258 (NUM)
yydebug: state 113, shifting to state 57
yydebug: state 57, reducing by rule 67 (expressao : NUM)
yydebug: after reduction, shifting from state 113 to state 144
yydebug: state 144, reading 41 (')')
yydebug: state 144, reducing by rule 82 (expressao : expressao '+' expressao)
yydebug: after reduction, shifting from state 71 to state 100
yydebug: state 100, shifting to state 133
yydebug: state 133, reducing by rule 72 (expressao : '(' expressao ')')
yydebug: after reduction, shifting from state 116 to state 147
yydebug: state 147, reading 59 (';')
yydebug: state 147, reducing by rule 80 (expressao : expressao '/' expressao)
yydebug: after reduction, shifting from state 113 to state 144
yydebug: state 144, reducing by rule 82 (expressao : expressao '+' expressao)
yydebug: after reduction, shifting from state 103 to state 134
yydebug: state 134, reducing by rule 73 (expressao : left_value ATRIB expressao)
yydebug: after reduction, shifting from state 46 to state 73
yydebug: state 73, shifting to state 119
yydebug: state 119, reducing by rule 52 (instrucao : expressao ';')
yydebug: after reduction, shifting from state 46 to state 76
yydebug: state 76, reducing by rule 43 (instrucoes : instrucao)
yydebug: after reduction, shifting from state 46 to state 75
yydebug: state 75, reading 259 (IDENTIF)
yydebug: state 75, shifting to state 58
yydebug: state 58, reading 287 (ATRIB)
yydebug: state 58, reducing by rule 96 (left_value : IDENTIF)
yydebug: after reduction, shifting from state 75 to state 72
yydebug: state 72, shifting to state 103
yydebug: state 103, reading 45 ('-')
yydebug: state 103, shifting to state 69
yydebug: state 69, reading 259 (IDENTIF)
yydebug: state 69, shifting to state 58
yydebug: state 58, reading 59 (';')
yydebug: state 58, reducing by rule 96 (left_value : IDENTIF)
yydebug: after reduction, shifting from state 69 to state 85
yydebug: state 85, reducing by rule 69 (expressao : left_value)
yydebug: after reduction, shifting from state 69 to state 98
yydebug: state 98, reducing by rule 74 (expressao : '-' expressao)
yydebug: after reduction, shifting from state 103 to state 134
yydebug: state 134, reducing by rule 73 (expressao : left_value ATRIB expressao)
yydebug: after reduction, shifting from state 75 to state 73
yydebug: state 73, shifting to state 119
yydebug: state 119, reducing by rule 52 (instrucao : expressao ';')
yydebug: after reduction, shifting from state 75 to state 121
yydebug: state 121, reducing by rule 44 (instrucoes : instrucoes instrucao)
yydebug: after reduction, shifting from state 46 to state 75
yydebug: state 75, reading 125 ('}')
yydebug: state 75, shifting to state 120
yydebug: state 120, reducing by rule 40 (corpo : '{' $$4 instrucoes '}')
yydebug: after reduction, shifting from state 87 to state 74
yydebug: state 74, reducing by rule 53 (instrucao : corpo)
yydebug: after reduction, shifting from state 87 to state 129
yydebug: state 129, reducing by rule 48 ($$7 :)
yydebug: after reduction, shifting from state 129 to state 153
yydebug: state 153, reading 261 (WHILE)
yydebug: state 153, shifting to state 158
yydebug: state 158, reading 285 (INC)
yydebug: state 158, shifting to state 65
yydebug: state 65, reading 259 (IDENTIF)
yydebug: state 65, shifting to state 88
yydebug: state 88, reading 60 ('<')
yydebug: state 88, reducing by rule 96 (left_value : IDENTIF)
yydebug: after reduction, shifting from state 65 to state 94
yydebug: state 94, reducing by rule 76 (expressao : INC left_value)
yydebug: after reduction, shifting from state 158 to state 163
yydebug: state 163, shifting to state 112
yydebug: state 112, reading 259 (IDENTIF)
yydebug: state 112, shifting to state 58
yydebug: state 58, reading 59 (';')
yydebug: state 58, reducing by rule 96 (left_value : IDENTIF)
yydebug: after reduction, shifting from state 112 to state 85
yydebug: state 85, reducing by rule 69 (expressao : left_value)
yydebug: after reduction, shifting from state 112 to state 143
yydebug: state 143, reducing by rule 85 (expressao : expressao '<' expressao)
yydebug: after reduction, shifting from state 158 to state 163
yydebug: state 163, shifting to state 165
yydebug: state 165, reducing by rule 49 (instrucao : DO $$6 instrucao $$7 WHILE expressao ';')
yydebug: after reduction, shifting from state 128 to state 152
yydebug: state 152, reading 259 (IDENTIF)
yydebug: state 152, reducing by rule 45 (instrucao : IF expressao THEN instrucao)
yydebug: after reduction, shifting from state 75 to state 121
yydebug: state 121, reducing by rule 44 (instrucoes : instrucoes instrucao)
yydebug: after reduction, shifting from state 46 to state 75
yydebug: state 75, shifting to state 58
yydebug: state 58, reading 40 ('(')
yydebug: state 58, shifting to state 83
yydebug: state 83, reading 260 (STRN)
yydebug: state 83, shifting to state 59
yydebug: state 59, reducing by rule 68 (expressao : STRN)
yydebug: after reduction, shifting from state 83 to state 125
yydebug: state 125, reading 41 (')')
yydebug: state 125, reducing by rule 65 (expressoes : expressao)
yydebug: after reduction, shifting from state 83 to state 126
yydebug: state 126, shifting to state 149
yydebug: state 149, reducing by rule 70 (expressao : IDENTIF '(' expressoes ')')
yydebug: after reduction, shifting from state 75 to state 73
yydebug: state 73, reading 59 (';')
yydebug: state 73, shifting to state 119
yydebug: state 119, reducing by rule 52 (instrucao : expressao ';')
yydebug: after reduction, shifting from state 75 to state 121
yydebug: state 121, reducing by rule 44 (instrucoes : instrucoes instrucao)
yydebug: after reduction, shifting from state 46 to state 75
yydebug: state 75, reading 259 (IDENTIF)
yydebug: state 75, shifting to state 58
yydebug: state 58, reading 40 ('(')
yydebug: state 58, shifting to state 83
yydebug: state 83, reading 259 (IDENTIF)
yydebug: state 83, shifting to state 58
yydebug: state 58, reading 42 ('*')
yydebug: state 58, reducing by rule 96 (left_value : IDENTIF)
yydebug: after reduction, shifting from state 83 to state 85
yydebug: state 85, reducing by rule 69 (expressao : left_value)
yydebug: after reduction, shifting from state 83 to state 125
yydebug: state 125, shifting to state 115
yydebug: state 115, reading 257 (INT)
yydebug: state 115, shifting to state 56
yydebug: state 56, reducing by rule 66 (expressao : INT)
yydebug: after reduction, shifting from state 115 to state 146
yydebug: state 146, reading 41 (')')
yydebug: state 146, reducing by rule 79 (expressao : expressao '*' expressao)
yydebug: after reduction, shifting from state 83 to state 125
yydebug: state 125, reducing by rule 65 (expressoes : expressao)
yydebug: after reduction, shifting from state 83 to state 126
yydebug: state 126, shifting to state 149
yydebug: state 149, reducing by rule 70 (expressao : IDENTIF '(' expressoes ')')
yydebug: after reduction, shifting from state 75 to state 73
yydebug: state 73, reading 59 (';')
yydebug: state 73, shifting to state 119
yydebug: state 119, reducing by rule 52 (instrucao : expressao ';')
yydebug: after reduction, shifting from state 75 to state 121
yydebug: state 121, reducing by rule 44 (instrucoes : instrucoes instrucao)
yydebug: after reduction, shifting from state 46 to state 75
yydebug: state 75, reading 259 (IDENTIF)
yydebug: state 75, shifting to state 58
yydebug: state 58, reading 40 ('(')
yydebug: state 58, shifting to state 83
yydebug: state 83, reading 41 (')')
yydebug: state 83, shifting to state 124
yydebug: state 124, reducing by rule 71 (expressao : IDENTIF '(' ')')
yydebug: after reduction, shifting from state 75 to state 73
yydebug: state 73, reading 59 (';')
yydebug: state 73, shifting to state 119
yydebug: state 119, reducing by rule 52 (instrucao : expressao ';')
yydebug: after reduction, shifting from state 75 to state 121
yydebug: state 121, reducing by rule 44 (instrucoes : instrucoes instrucao)
yydebug: after reduction, shifting from state 46 to state 75
yydebug: state 75, reading 125 ('}')
yydebug: state 75, shifting to state 120
yydebug: state 120, reducing by rule 40 (corpo : '{' $$4 instrucoes '}')
yydebug: after reduction, shifting from state 128 to state 74
yydebug: state 74, reducing by rule 53 (instrucao : corpo)
yydebug: after reduction, shifting from state 128 to state 152
yydebug: state 152, reading 269 (ELSE)
yydebug: state 152, shifting to state 157
yydebug: state 157, reading 259 (IDENTIF)
yydebug: state 157, shifting to state 58
yydebug: state 58, reading 40 ('(')
yydebug: state 58, shifting to state 83
yydebug: state 83, reading 260 (STRN)
yydebug: state 83, shifting to state 59
yydebug: state 59, reducing by rule 68 (expressao : STRN)
yydebug: after reduction, shifting from state 83 to state 125
yydebug: state 125, reading 41 (')')
yydebug: state 125, reducing by rule 65 (expressoes : expressao)
yydebug: after reduction, shifting from state 83 to state 126
yydebug: state 126, shifting to state 149
yydebug: state 149, reducing by rule 70 (expressao : IDENTIF '(' expressoes ')')
yydebug: after reduction, shifting from state 157 to state 73
yydebug: state 73, reading 59 (';')
yydebug: state 73, shifting to state 119
yydebug: state 119, reducing by rule 52 (instrucao : expressao ';')
yydebug: after reduction, shifting from state 157 to state 162
yydebug: state 162, reducing by rule 46 (instrucao : IF expressao THEN instrucao ELSE instrucao)
yydebug: after reduction, shifting from state 81 to state 121
yydebug: state 121, reducing by rule 44 (instrucoes : instrucoes instrucao)
yydebug: after reduction, shifting from state 54 to state 81
yydebug: state 81, reading 259 (IDENTIF)
yydebug: state 81, shifting to state 58
yydebug: state 58, reading 287 (ATRIB)
yydebug: state 58, reducing by rule 96 (left_value : IDENTIF)
yydebug: after reduction, shifting from state 81 to state 72
yydebug: state 72, shifting to state 103
yydebug: state 103, reading 257 (INT)
yydebug: state 103, shifting to state 56
yydebug: state 56, reducing by rule 66 (expressao : INT)
yydebug: after reduction, shifting from state 103 to state 134
yydebug: state 134, reading 59 (';')
yydebug: state 134, reducing by rule 73 (expressao : left_value ATRIB expressao)
yydebug: after reduction, shifting from state 81 to state 73
yydebug: state 73, shifting to state 119
yydebug: state 119, reducing by rule 52 (instrucao : expressao ';')
yydebug: after reduction, shifting from state 81 to state 121
yydebug: state 121, reducing by rule 44 (instrucoes : instrucoes instrucao)
yydebug: after reduction, shifting from state 54 to state 81
yydebug: state 81, reading 125 ('}')
yydebug: state 81, shifting to state 123
yydebug: state 123, reducing by rule 42 (corpo : '{' pars2 $$5 instrucoes '}')
yydebug: after reduction, shifting from state 50 to state 79
yydebug: state 79, reducing by rule 15 (corpop : corpo)
yydebug: after reduction, shifting from state 50 to state 78
yydebug: state 78, reading 59 (';')
yydebug: state 78, shifting to state 122
yydebug: state 122, reducing by rule 9 (declaracao : pub cons tipo ptr IDENTIF '(' $$1 parametros ')' $$2 corpop ';')
yydebug: after reduction, shifting from state 6 to state 10
yydebug: state 10, reducing by rule 4 (declaracoes : declaracoes declaracao)
yydebug: after reduction, shifting from state 0 to state 6
yydebug: state 6, reading 0 (end-of-file)
yydebug: state 6, reducing by rule 1 (ficheiro : declaracoes)
yydebug: after reduction, shifting from state 0 to state 3
