   0  $accept : ficheiro $end

   1  ficheiro : declaracoes
   2           |

   3  declaracoes : declaracao
   4              | declaracoes declaracao

   5  declaracao : pub cons tipo ptr IDENTIF init ';'
   6             | pub cons tipo ptr IDENTIF ';'

   7  $$1 :

   8  $$2 :

   9  declaracao : pub cons tipo ptr IDENTIF $$1 '(' parametros ')' $$2 corpo ';'

  10  $$3 :

  11  declaracao : pub cons tipo ptr IDENTIF '(' $$3 parametros ')' ';'

  12  $$4 :

  13  declaracao : pub cons tipo ptr IDENTIF '(' ')' $$4 corpo ';'
  14             | pub cons tipo ptr IDENTIF '(' ')' ';'
  15             | error ';'

  16  ptr :
  17      | '*'

  18  cons :
  19       | CONST

  20  pub :
  21      | PUBLIC

  22  tipo : VOID
  23       | INTEGER
  24       | STRING
  25       | NUMBER

  26  init : ATRIB INT
  27       | ATRIB cons STRN
  28       | ATRIB NUM
  29       | ATRIB IDENTIF

  30  pars : pars ',' parametro
  31       |

  32  parametros : parametro pars

  33  parametro : tipo ptr IDENTIF

  34  pars2 : parametro ';'
  35        | pars2 parametro ';'

  36  corpo : '{' '}'
  37        | '{' pars2 '}'
  38        | '{' instrucoes '}'
  39        | '{' pars2 instrucoes '}'

  40  instrucoes : instrucao
  41             | instrucoes instrucao

  42  instrucao : IF expressao THEN instrucao
  43            | IF expressao THEN instrucao ELSE instrucao

  44  $$5 :

  45  $$6 :

  46  instrucao : DO $$5 instrucao $$6 WHILE expressao ';'

  47  $$7 :

  48  instrucao : FOR left_value IN expressao updown expressao step DO $$7 instrucao
  49            | expressao ';'
  50            | corpo
  51            | BREAK INT ';'
  52            | CONTINUE INT ';'
  53            | BREAK ';'
  54            | CONTINUE ';'
  55            | left_value '#' expressao ';'
  56            | error ';'

  57  updown : UPTO
  58         | DOWNTO

  59  step :
  60       | STEP expressao

  61  expressoes : expressoes ',' expressao
  62             | expressao

  63  expressao : INT
  64            | NUM
  65            | STRN
  66            | left_value
  67            | IDENTIF '(' expressoes ')'
  68            | IDENTIF '(' ')'
  69            | '(' expressao ')'
  70            | left_value ATRIB expressao
  71            | '-' expressao
  72            | INC left_value
  73            | DEC left_value
  74            | left_value INC
  75            | left_value DEC
  76            | expressao '*' expressao
  77            | expressao '/' expressao
  78            | expressao '%' expressao
  79            | expressao '+' expressao
  80            | expressao '-' expressao
  81            | expressao '>' expressao
  82            | expressao '<' expressao
  83            | expressao EQ expressao
  84            | expressao NE expressao
  85            | expressao GE expressao
  86            | expressao LE expressao
  87            | expressao '&' expressao
  88            | expressao '|' expressao
  89            | '~' expressao
  90            | expressao '!'
  91            | '&' left_value
  92            | '*' left_value

  93  left_value : IDENTIF
  94             | IDENTIF '[' expressao ']'

state 0
	$accept : . ficheiro $end  (0)
	ficheiro : .  (2)
	pub : .  (20)

	error  shift 1
	PUBLIC  shift 2
	$end  reduce 2
	VOID  reduce 20
	CONST  reduce 20
	INTEGER  reduce 20
	STRING  reduce 20
	NUMBER  reduce 20

	ficheiro  goto 3
	pub  goto 4
	declaracao  goto 5
	declaracoes  goto 6


state 1
	declaracao : error . ';'  (15)

	';'  shift 7
	.  error


state 2
	pub : PUBLIC .  (21)

	.  reduce 21


state 3
	$accept : ficheiro . $end  (0)

	$end  accept


state 4
	declaracao : pub . cons tipo ptr IDENTIF init ';'  (5)
	declaracao : pub . cons tipo ptr IDENTIF ';'  (6)
	declaracao : pub . cons tipo ptr IDENTIF $$1 '(' parametros ')' $$2 corpo ';'  (9)
	declaracao : pub . cons tipo ptr IDENTIF '(' $$3 parametros ')' ';'  (11)
	declaracao : pub . cons tipo ptr IDENTIF '(' ')' $$4 corpo ';'  (13)
	declaracao : pub . cons tipo ptr IDENTIF '(' ')' ';'  (14)
	cons : .  (18)

	CONST  shift 8
	VOID  reduce 18
	INTEGER  reduce 18
	STRING  reduce 18
	NUMBER  reduce 18

	cons  goto 9


state 5
	declaracoes : declaracao .  (3)

	.  reduce 3


state 6
	ficheiro : declaracoes .  (1)
	declaracoes : declaracoes . declaracao  (4)
	pub : .  (20)

	error  shift 1
	PUBLIC  shift 2
	$end  reduce 1
	VOID  reduce 20
	CONST  reduce 20
	INTEGER  reduce 20
	STRING  reduce 20
	NUMBER  reduce 20

	pub  goto 4
	declaracao  goto 10


state 7
	declaracao : error ';' .  (15)

	.  reduce 15


state 8
	cons : CONST .  (19)

	.  reduce 19


state 9
	declaracao : pub cons . tipo ptr IDENTIF init ';'  (5)
	declaracao : pub cons . tipo ptr IDENTIF ';'  (6)
	declaracao : pub cons . tipo ptr IDENTIF $$1 '(' parametros ')' $$2 corpo ';'  (9)
	declaracao : pub cons . tipo ptr IDENTIF '(' $$3 parametros ')' ';'  (11)
	declaracao : pub cons . tipo ptr IDENTIF '(' ')' $$4 corpo ';'  (13)
	declaracao : pub cons . tipo ptr IDENTIF '(' ')' ';'  (14)

	VOID  shift 11
	INTEGER  shift 12
	STRING  shift 13
	NUMBER  shift 14
	.  error

	tipo  goto 15


state 10
	declaracoes : declaracoes declaracao .  (4)

	.  reduce 4


state 11
	tipo : VOID .  (22)

	.  reduce 22


state 12
	tipo : INTEGER .  (23)

	.  reduce 23


state 13
	tipo : STRING .  (24)

	.  reduce 24


state 14
	tipo : NUMBER .  (25)

	.  reduce 25


state 15
	declaracao : pub cons tipo . ptr IDENTIF init ';'  (5)
	declaracao : pub cons tipo . ptr IDENTIF ';'  (6)
	declaracao : pub cons tipo . ptr IDENTIF $$1 '(' parametros ')' $$2 corpo ';'  (9)
	declaracao : pub cons tipo . ptr IDENTIF '(' $$3 parametros ')' ';'  (11)
	declaracao : pub cons tipo . ptr IDENTIF '(' ')' $$4 corpo ';'  (13)
	declaracao : pub cons tipo . ptr IDENTIF '(' ')' ';'  (14)
	ptr : .  (16)

	'*'  shift 16
	IDENTIF  reduce 16

	ptr  goto 17


state 16
	ptr : '*' .  (17)

	.  reduce 17


state 17
	declaracao : pub cons tipo ptr . IDENTIF init ';'  (5)
	declaracao : pub cons tipo ptr . IDENTIF ';'  (6)
	declaracao : pub cons tipo ptr . IDENTIF $$1 '(' parametros ')' $$2 corpo ';'  (9)
	declaracao : pub cons tipo ptr . IDENTIF '(' $$3 parametros ')' ';'  (11)
	declaracao : pub cons tipo ptr . IDENTIF '(' ')' $$4 corpo ';'  (13)
	declaracao : pub cons tipo ptr . IDENTIF '(' ')' ';'  (14)

	IDENTIF  shift 18
	.  error


18: shift/reduce conflict (shift 20, reduce 7) on '('
state 18
	declaracao : pub cons tipo ptr IDENTIF . init ';'  (5)
	declaracao : pub cons tipo ptr IDENTIF . ';'  (6)
	declaracao : pub cons tipo ptr IDENTIF . $$1 '(' parametros ')' $$2 corpo ';'  (9)
	declaracao : pub cons tipo ptr IDENTIF . '(' $$3 parametros ')' ';'  (11)
	declaracao : pub cons tipo ptr IDENTIF . '(' ')' $$4 corpo ';'  (13)
	declaracao : pub cons tipo ptr IDENTIF . '(' ')' ';'  (14)
	$$1 : .  (7)

	ATRIB  shift 19
	'('  shift 20
	';'  shift 21

	init  goto 22
	$$1  goto 23


state 19
	init : ATRIB . INT  (26)
	init : ATRIB . cons STRN  (27)
	init : ATRIB . NUM  (28)
	init : ATRIB . IDENTIF  (29)
	cons : .  (18)

	INT  shift 24
	NUM  shift 25
	IDENTIF  shift 26
	CONST  shift 8
	STRN  reduce 18

	cons  goto 27


state 20
	declaracao : pub cons tipo ptr IDENTIF '(' . $$3 parametros ')' ';'  (11)
	declaracao : pub cons tipo ptr IDENTIF '(' . ')' $$4 corpo ';'  (13)
	declaracao : pub cons tipo ptr IDENTIF '(' . ')' ';'  (14)
	$$3 : .  (10)

	')'  shift 28
	VOID  reduce 10
	INTEGER  reduce 10
	STRING  reduce 10
	NUMBER  reduce 10

	$$3  goto 29


state 21
	declaracao : pub cons tipo ptr IDENTIF ';' .  (6)

	.  reduce 6


state 22
	declaracao : pub cons tipo ptr IDENTIF init . ';'  (5)

	';'  shift 30
	.  error


state 23
	declaracao : pub cons tipo ptr IDENTIF $$1 . '(' parametros ')' $$2 corpo ';'  (9)

	'('  shift 31
	.  error


state 24
	init : ATRIB INT .  (26)

	.  reduce 26


state 25
	init : ATRIB NUM .  (28)

	.  reduce 28


state 26
	init : ATRIB IDENTIF .  (29)

	.  reduce 29


state 27
	init : ATRIB cons . STRN  (27)

	STRN  shift 32
	.  error


state 28
	declaracao : pub cons tipo ptr IDENTIF '(' ')' . $$4 corpo ';'  (13)
	declaracao : pub cons tipo ptr IDENTIF '(' ')' . ';'  (14)
	$$4 : .  (12)

	';'  shift 33
	'{'  reduce 12

	$$4  goto 34


state 29
	declaracao : pub cons tipo ptr IDENTIF '(' $$3 . parametros ')' ';'  (11)

	VOID  shift 11
	INTEGER  shift 12
	STRING  shift 13
	NUMBER  shift 14
	.  error

	tipo  goto 35
	parametro  goto 36
	parametros  goto 37


state 30
	declaracao : pub cons tipo ptr IDENTIF init ';' .  (5)

	.  reduce 5


state 31
	declaracao : pub cons tipo ptr IDENTIF $$1 '(' . parametros ')' $$2 corpo ';'  (9)

	VOID  shift 11
	INTEGER  shift 12
	STRING  shift 13
	NUMBER  shift 14
	.  error

	tipo  goto 35
	parametro  goto 36
	parametros  goto 38


state 32
	init : ATRIB cons STRN .  (27)

	.  reduce 27


state 33
	declaracao : pub cons tipo ptr IDENTIF '(' ')' ';' .  (14)

	.  reduce 14


state 34
	declaracao : pub cons tipo ptr IDENTIF '(' ')' $$4 . corpo ';'  (13)

	'{'  shift 39
	.  error

	corpo  goto 40


state 35
	parametro : tipo . ptr IDENTIF  (33)
	ptr : .  (16)

	'*'  shift 16
	IDENTIF  reduce 16

	ptr  goto 41


state 36
	parametros : parametro . pars  (32)
	pars : .  (31)

	.  reduce 31

	pars  goto 42


state 37
	declaracao : pub cons tipo ptr IDENTIF '(' $$3 parametros . ')' ';'  (11)

	')'  shift 43
	.  error


state 38
	declaracao : pub cons tipo ptr IDENTIF $$1 '(' parametros . ')' $$2 corpo ';'  (9)

	')'  shift 44
	.  error


state 39
	corpo : '{' . '}'  (36)
	corpo : '{' . pars2 '}'  (37)
	corpo : '{' . instrucoes '}'  (38)
	corpo : '{' . pars2 instrucoes '}'  (39)

	error  shift 45
	INT  shift 46
	NUM  shift 47
	IDENTIF  shift 48
	STRN  shift 49
	IF  shift 50
	VOID  shift 11
	DO  shift 51
	FOR  shift 52
	BREAK  shift 53
	CONTINUE  shift 54
	INTEGER  shift 12
	STRING  shift 13
	NUMBER  shift 14
	INC  shift 55
	DEC  shift 56
	'&'  shift 57
	'~'  shift 58
	'-'  shift 59
	'*'  shift 60
	'('  shift 61
	'{'  shift 39
	'}'  shift 62
	.  error

	tipo  goto 35
	left_value  goto 63
	parametro  goto 64
	pars2  goto 65
	expressao  goto 66
	corpo  goto 67
	instrucoes  goto 68
	instrucao  goto 69


state 40
	declaracao : pub cons tipo ptr IDENTIF '(' ')' $$4 corpo . ';'  (13)

	';'  shift 70
	.  error


state 41
	parametro : tipo ptr . IDENTIF  (33)

	IDENTIF  shift 71
	.  error


state 42
	pars : pars . ',' parametro  (30)
	parametros : parametro pars .  (32)

	','  shift 72
	')'  reduce 32


state 43
	declaracao : pub cons tipo ptr IDENTIF '(' $$3 parametros ')' . ';'  (11)

	';'  shift 73
	.  error


state 44
	declaracao : pub cons tipo ptr IDENTIF $$1 '(' parametros ')' . $$2 corpo ';'  (9)
	$$2 : .  (8)

	.  reduce 8

	$$2  goto 74


state 45
	instrucao : error . ';'  (56)

	';'  shift 75
	.  error


state 46
	expressao : INT .  (63)

	.  reduce 63


state 47
	expressao : NUM .  (64)

	.  reduce 64


state 48
	expressao : IDENTIF . '(' expressoes ')'  (67)
	expressao : IDENTIF . '(' ')'  (68)
	left_value : IDENTIF .  (93)
	left_value : IDENTIF . '[' expressao ']'  (94)

	'('  shift 76
	'['  shift 77
	THEN  reduce 93
	DO  reduce 93
	STEP  reduce 93
	UPTO  reduce 93
	DOWNTO  reduce 93
	GE  reduce 93
	LE  reduce 93
	EQ  reduce 93
	NE  reduce 93
	INC  reduce 93
	DEC  reduce 93
	ATRIB  reduce 93
	'|'  reduce 93
	'&'  reduce 93
	'>'  reduce 93
	'<'  reduce 93
	'+'  reduce 93
	'-'  reduce 93
	'*'  reduce 93
	'/'  reduce 93
	'%'  reduce 93
	'!'  reduce 93
	')'  reduce 93
	']'  reduce 93
	';'  reduce 93
	','  reduce 93
	'#'  reduce 93


state 49
	expressao : STRN .  (65)

	.  reduce 65


state 50
	instrucao : IF . expressao THEN instrucao  (42)
	instrucao : IF . expressao THEN instrucao ELSE instrucao  (43)

	INT  shift 46
	NUM  shift 47
	IDENTIF  shift 48
	STRN  shift 49
	INC  shift 55
	DEC  shift 56
	'&'  shift 57
	'~'  shift 58
	'-'  shift 59
	'*'  shift 60
	'('  shift 61
	.  error

	left_value  goto 78
	expressao  goto 79


state 51
	instrucao : DO . $$5 instrucao $$6 WHILE expressao ';'  (46)
	$$5 : .  (44)

	.  reduce 44

	$$5  goto 80


state 52
	instrucao : FOR . left_value IN expressao updown expressao step DO $$7 instrucao  (48)

	IDENTIF  shift 81
	.  error

	left_value  goto 82


state 53
	instrucao : BREAK . INT ';'  (51)
	instrucao : BREAK . ';'  (53)

	INT  shift 83
	';'  shift 84
	.  error


state 54
	instrucao : CONTINUE . INT ';'  (52)
	instrucao : CONTINUE . ';'  (54)

	INT  shift 85
	';'  shift 86
	.  error


state 55
	expressao : INC . left_value  (72)

	IDENTIF  shift 81
	.  error

	left_value  goto 87


state 56
	expressao : DEC . left_value  (73)

	IDENTIF  shift 81
	.  error

	left_value  goto 88


state 57
	expressao : '&' . left_value  (91)

	IDENTIF  shift 81
	.  error

	left_value  goto 89


state 58
	expressao : '~' . expressao  (89)

	INT  shift 46
	NUM  shift 47
	IDENTIF  shift 48
	STRN  shift 49
	INC  shift 55
	DEC  shift 56
	'&'  shift 57
	'~'  shift 58
	'-'  shift 59
	'*'  shift 60
	'('  shift 61
	.  error

	left_value  goto 78
	expressao  goto 90


state 59
	expressao : '-' . expressao  (71)

	INT  shift 46
	NUM  shift 47
	IDENTIF  shift 48
	STRN  shift 49
	INC  shift 55
	DEC  shift 56
	'&'  shift 57
	'~'  shift 58
	'-'  shift 59
	'*'  shift 60
	'('  shift 61
	.  error

	left_value  goto 78
	expressao  goto 91


state 60
	expressao : '*' . left_value  (92)

	IDENTIF  shift 81
	.  error

	left_value  goto 92


state 61
	expressao : '(' . expressao ')'  (69)

	INT  shift 46
	NUM  shift 47
	IDENTIF  shift 48
	STRN  shift 49
	INC  shift 55
	DEC  shift 56
	'&'  shift 57
	'~'  shift 58
	'-'  shift 59
	'*'  shift 60
	'('  shift 61
	.  error

	left_value  goto 78
	expressao  goto 93


state 62
	corpo : '{' '}' .  (36)

	.  reduce 36


state 63
	instrucao : left_value . '#' expressao ';'  (55)
	expressao : left_value .  (66)
	expressao : left_value . ATRIB expressao  (70)
	expressao : left_value . INC  (74)
	expressao : left_value . DEC  (75)

	INC  shift 94
	DEC  shift 95
	ATRIB  shift 96
	'#'  shift 97
	GE  reduce 66
	LE  reduce 66
	EQ  reduce 66
	NE  reduce 66
	'|'  reduce 66
	'&'  reduce 66
	'>'  reduce 66
	'<'  reduce 66
	'+'  reduce 66
	'-'  reduce 66
	'*'  reduce 66
	'/'  reduce 66
	'%'  reduce 66
	'!'  reduce 66
	';'  reduce 66


state 64
	pars2 : parametro . ';'  (34)

	';'  shift 98
	.  error


state 65
	pars2 : pars2 . parametro ';'  (35)
	corpo : '{' pars2 . '}'  (37)
	corpo : '{' pars2 . instrucoes '}'  (39)

	error  shift 45
	INT  shift 46
	NUM  shift 47
	IDENTIF  shift 48
	STRN  shift 49
	IF  shift 50
	VOID  shift 11
	DO  shift 51
	FOR  shift 52
	BREAK  shift 53
	CONTINUE  shift 54
	INTEGER  shift 12
	STRING  shift 13
	NUMBER  shift 14
	INC  shift 55
	DEC  shift 56
	'&'  shift 57
	'~'  shift 58
	'-'  shift 59
	'*'  shift 60
	'('  shift 61
	'{'  shift 39
	'}'  shift 99
	.  error

	tipo  goto 35
	left_value  goto 63
	parametro  goto 100
	expressao  goto 66
	corpo  goto 67
	instrucoes  goto 101
	instrucao  goto 69


state 66
	instrucao : expressao . ';'  (49)
	expressao : expressao . '*' expressao  (76)
	expressao : expressao . '/' expressao  (77)
	expressao : expressao . '%' expressao  (78)
	expressao : expressao . '+' expressao  (79)
	expressao : expressao . '-' expressao  (80)
	expressao : expressao . '>' expressao  (81)
	expressao : expressao . '<' expressao  (82)
	expressao : expressao . EQ expressao  (83)
	expressao : expressao . NE expressao  (84)
	expressao : expressao . GE expressao  (85)
	expressao : expressao . LE expressao  (86)
	expressao : expressao . '&' expressao  (87)
	expressao : expressao . '|' expressao  (88)
	expressao : expressao . '!'  (90)

	GE  shift 102
	LE  shift 103
	EQ  shift 104
	NE  shift 105
	'|'  shift 106
	'&'  shift 107
	'>'  shift 108
	'<'  shift 109
	'+'  shift 110
	'-'  shift 111
	'*'  shift 112
	'/'  shift 113
	'%'  shift 114
	'!'  shift 115
	';'  shift 116
	.  error


state 67
	instrucao : corpo .  (50)

	.  reduce 50


state 68
	corpo : '{' instrucoes . '}'  (38)
	instrucoes : instrucoes . instrucao  (41)

	error  shift 45
	INT  shift 46
	NUM  shift 47
	IDENTIF  shift 48
	STRN  shift 49
	IF  shift 50
	DO  shift 51
	FOR  shift 52
	BREAK  shift 53
	CONTINUE  shift 54
	INC  shift 55
	DEC  shift 56
	'&'  shift 57
	'~'  shift 58
	'-'  shift 59
	'*'  shift 60
	'('  shift 61
	'{'  shift 39
	'}'  shift 117
	.  error

	left_value  goto 63
	expressao  goto 66
	corpo  goto 67
	instrucao  goto 118


state 69
	instrucoes : instrucao .  (40)

	.  reduce 40


state 70
	declaracao : pub cons tipo ptr IDENTIF '(' ')' $$4 corpo ';' .  (13)

	.  reduce 13


state 71
	parametro : tipo ptr IDENTIF .  (33)

	.  reduce 33


state 72
	pars : pars ',' . parametro  (30)

	VOID  shift 11
	INTEGER  shift 12
	STRING  shift 13
	NUMBER  shift 14
	.  error

	tipo  goto 35
	parametro  goto 119


state 73
	declaracao : pub cons tipo ptr IDENTIF '(' $$3 parametros ')' ';' .  (11)

	.  reduce 11


state 74
	declaracao : pub cons tipo ptr IDENTIF $$1 '(' parametros ')' $$2 . corpo ';'  (9)

	'{'  shift 39
	.  error

	corpo  goto 120


state 75
	instrucao : error ';' .  (56)

	.  reduce 56


state 76
	expressao : IDENTIF '(' . expressoes ')'  (67)
	expressao : IDENTIF '(' . ')'  (68)

	INT  shift 46
	NUM  shift 47
	IDENTIF  shift 48
	STRN  shift 49
	INC  shift 55
	DEC  shift 56
	'&'  shift 57
	'~'  shift 58
	'-'  shift 59
	'*'  shift 60
	'('  shift 61
	')'  shift 121
	.  error

	left_value  goto 78
	expressao  goto 122
	expressoes  goto 123


state 77
	left_value : IDENTIF '[' . expressao ']'  (94)

	INT  shift 46
	NUM  shift 47
	IDENTIF  shift 48
	STRN  shift 49
	INC  shift 55
	DEC  shift 56
	'&'  shift 57
	'~'  shift 58
	'-'  shift 59
	'*'  shift 60
	'('  shift 61
	.  error

	left_value  goto 78
	expressao  goto 124


state 78
	expressao : left_value .  (66)
	expressao : left_value . ATRIB expressao  (70)
	expressao : left_value . INC  (74)
	expressao : left_value . DEC  (75)

	INC  shift 94
	DEC  shift 95
	ATRIB  shift 96
	THEN  reduce 66
	DO  reduce 66
	STEP  reduce 66
	UPTO  reduce 66
	DOWNTO  reduce 66
	GE  reduce 66
	LE  reduce 66
	EQ  reduce 66
	NE  reduce 66
	'|'  reduce 66
	'&'  reduce 66
	'>'  reduce 66
	'<'  reduce 66
	'+'  reduce 66
	'-'  reduce 66
	'*'  reduce 66
	'/'  reduce 66
	'%'  reduce 66
	'!'  reduce 66
	')'  reduce 66
	']'  reduce 66
	';'  reduce 66
	','  reduce 66


state 79
	instrucao : IF expressao . THEN instrucao  (42)
	instrucao : IF expressao . THEN instrucao ELSE instrucao  (43)
	expressao : expressao . '*' expressao  (76)
	expressao : expressao . '/' expressao  (77)
	expressao : expressao . '%' expressao  (78)
	expressao : expressao . '+' expressao  (79)
	expressao : expressao . '-' expressao  (80)
	expressao : expressao . '>' expressao  (81)
	expressao : expressao . '<' expressao  (82)
	expressao : expressao . EQ expressao  (83)
	expressao : expressao . NE expressao  (84)
	expressao : expressao . GE expressao  (85)
	expressao : expressao . LE expressao  (86)
	expressao : expressao . '&' expressao  (87)
	expressao : expressao . '|' expressao  (88)
	expressao : expressao . '!'  (90)

	THEN  shift 125
	GE  shift 102
	LE  shift 103
	EQ  shift 104
	NE  shift 105
	'|'  shift 106
	'&'  shift 107
	'>'  shift 108
	'<'  shift 109
	'+'  shift 110
	'-'  shift 111
	'*'  shift 112
	'/'  shift 113
	'%'  shift 114
	'!'  shift 115
	.  error


state 80
	instrucao : DO $$5 . instrucao $$6 WHILE expressao ';'  (46)

	error  shift 45
	INT  shift 46
	NUM  shift 47
	IDENTIF  shift 48
	STRN  shift 49
	IF  shift 50
	DO  shift 51
	FOR  shift 52
	BREAK  shift 53
	CONTINUE  shift 54
	INC  shift 55
	DEC  shift 56
	'&'  shift 57
	'~'  shift 58
	'-'  shift 59
	'*'  shift 60
	'('  shift 61
	'{'  shift 39
	.  error

	left_value  goto 63
	expressao  goto 66
	corpo  goto 67
	instrucao  goto 126


state 81
	left_value : IDENTIF .  (93)
	left_value : IDENTIF . '[' expressao ']'  (94)

	'['  shift 77
	THEN  reduce 93
	DO  reduce 93
	IN  reduce 93
	STEP  reduce 93
	UPTO  reduce 93
	DOWNTO  reduce 93
	GE  reduce 93
	LE  reduce 93
	EQ  reduce 93
	NE  reduce 93
	'|'  reduce 93
	'&'  reduce 93
	'>'  reduce 93
	'<'  reduce 93
	'+'  reduce 93
	'-'  reduce 93
	'*'  reduce 93
	'/'  reduce 93
	'%'  reduce 93
	'!'  reduce 93
	')'  reduce 93
	']'  reduce 93
	';'  reduce 93
	','  reduce 93


state 82
	instrucao : FOR left_value . IN expressao updown expressao step DO $$7 instrucao  (48)

	IN  shift 127
	.  error


state 83
	instrucao : BREAK INT . ';'  (51)

	';'  shift 128
	.  error


state 84
	instrucao : BREAK ';' .  (53)

	.  reduce 53


state 85
	instrucao : CONTINUE INT . ';'  (52)

	';'  shift 129
	.  error


state 86
	instrucao : CONTINUE ';' .  (54)

	.  reduce 54


state 87
	expressao : INC left_value .  (72)

	.  reduce 72


state 88
	expressao : DEC left_value .  (73)

	.  reduce 73


state 89
	expressao : '&' left_value .  (91)

	.  reduce 91


state 90
	expressao : expressao . '*' expressao  (76)
	expressao : expressao . '/' expressao  (77)
	expressao : expressao . '%' expressao  (78)
	expressao : expressao . '+' expressao  (79)
	expressao : expressao . '-' expressao  (80)
	expressao : expressao . '>' expressao  (81)
	expressao : expressao . '<' expressao  (82)
	expressao : expressao . EQ expressao  (83)
	expressao : expressao . NE expressao  (84)
	expressao : expressao . GE expressao  (85)
	expressao : expressao . LE expressao  (86)
	expressao : expressao . '&' expressao  (87)
	expressao : expressao . '|' expressao  (88)
	expressao : '~' expressao .  (89)
	expressao : expressao . '!'  (90)

	GE  shift 102
	LE  shift 103
	EQ  shift 104
	NE  shift 105
	'>'  shift 108
	'<'  shift 109
	'+'  shift 110
	'-'  shift 111
	'*'  shift 112
	'/'  shift 113
	'%'  shift 114
	'!'  shift 115
	THEN  reduce 89
	DO  reduce 89
	STEP  reduce 89
	UPTO  reduce 89
	DOWNTO  reduce 89
	'|'  reduce 89
	'&'  reduce 89
	')'  reduce 89
	']'  reduce 89
	';'  reduce 89
	','  reduce 89


state 91
	expressao : '-' expressao .  (71)
	expressao : expressao . '*' expressao  (76)
	expressao : expressao . '/' expressao  (77)
	expressao : expressao . '%' expressao  (78)
	expressao : expressao . '+' expressao  (79)
	expressao : expressao . '-' expressao  (80)
	expressao : expressao . '>' expressao  (81)
	expressao : expressao . '<' expressao  (82)
	expressao : expressao . EQ expressao  (83)
	expressao : expressao . NE expressao  (84)
	expressao : expressao . GE expressao  (85)
	expressao : expressao . LE expressao  (86)
	expressao : expressao . '&' expressao  (87)
	expressao : expressao . '|' expressao  (88)
	expressao : expressao . '!'  (90)

	.  reduce 71


state 92
	expressao : '*' left_value .  (92)

	.  reduce 92


state 93
	expressao : '(' expressao . ')'  (69)
	expressao : expressao . '*' expressao  (76)
	expressao : expressao . '/' expressao  (77)
	expressao : expressao . '%' expressao  (78)
	expressao : expressao . '+' expressao  (79)
	expressao : expressao . '-' expressao  (80)
	expressao : expressao . '>' expressao  (81)
	expressao : expressao . '<' expressao  (82)
	expressao : expressao . EQ expressao  (83)
	expressao : expressao . NE expressao  (84)
	expressao : expressao . GE expressao  (85)
	expressao : expressao . LE expressao  (86)
	expressao : expressao . '&' expressao  (87)
	expressao : expressao . '|' expressao  (88)
	expressao : expressao . '!'  (90)

	GE  shift 102
	LE  shift 103
	EQ  shift 104
	NE  shift 105
	'|'  shift 106
	'&'  shift 107
	'>'  shift 108
	'<'  shift 109
	'+'  shift 110
	'-'  shift 111
	'*'  shift 112
	'/'  shift 113
	'%'  shift 114
	'!'  shift 115
	')'  shift 130
	.  error


state 94
	expressao : left_value INC .  (74)

	.  reduce 74


state 95
	expressao : left_value DEC .  (75)

	.  reduce 75


state 96
	expressao : left_value ATRIB . expressao  (70)

	INT  shift 46
	NUM  shift 47
	IDENTIF  shift 48
	STRN  shift 49
	INC  shift 55
	DEC  shift 56
	'&'  shift 57
	'~'  shift 58
	'-'  shift 59
	'*'  shift 60
	'('  shift 61
	.  error

	left_value  goto 78
	expressao  goto 131


state 97
	instrucao : left_value '#' . expressao ';'  (55)

	INT  shift 46
	NUM  shift 47
	IDENTIF  shift 48
	STRN  shift 49
	INC  shift 55
	DEC  shift 56
	'&'  shift 57
	'~'  shift 58
	'-'  shift 59
	'*'  shift 60
	'('  shift 61
	.  error

	left_value  goto 78
	expressao  goto 132


state 98
	pars2 : parametro ';' .  (34)

	.  reduce 34


state 99
	corpo : '{' pars2 '}' .  (37)

	.  reduce 37


state 100
	pars2 : pars2 parametro . ';'  (35)

	';'  shift 133
	.  error


state 101
	corpo : '{' pars2 instrucoes . '}'  (39)
	instrucoes : instrucoes . instrucao  (41)

	error  shift 45
	INT  shift 46
	NUM  shift 47
	IDENTIF  shift 48
	STRN  shift 49
	IF  shift 50
	DO  shift 51
	FOR  shift 52
	BREAK  shift 53
	CONTINUE  shift 54
	INC  shift 55
	DEC  shift 56
	'&'  shift 57
	'~'  shift 58
	'-'  shift 59
	'*'  shift 60
	'('  shift 61
	'{'  shift 39
	'}'  shift 134
	.  error

	left_value  goto 63
	expressao  goto 66
	corpo  goto 67
	instrucao  goto 118


state 102
	expressao : expressao GE . expressao  (85)

	INT  shift 46
	NUM  shift 47
	IDENTIF  shift 48
	STRN  shift 49
	INC  shift 55
	DEC  shift 56
	'&'  shift 57
	'~'  shift 58
	'-'  shift 59
	'*'  shift 60
	'('  shift 61
	.  error

	left_value  goto 78
	expressao  goto 135


state 103
	expressao : expressao LE . expressao  (86)

	INT  shift 46
	NUM  shift 47
	IDENTIF  shift 48
	STRN  shift 49
	INC  shift 55
	DEC  shift 56
	'&'  shift 57
	'~'  shift 58
	'-'  shift 59
	'*'  shift 60
	'('  shift 61
	.  error

	left_value  goto 78
	expressao  goto 136


state 104
	expressao : expressao EQ . expressao  (83)

	INT  shift 46
	NUM  shift 47
	IDENTIF  shift 48
	STRN  shift 49
	INC  shift 55
	DEC  shift 56
	'&'  shift 57
	'~'  shift 58
	'-'  shift 59
	'*'  shift 60
	'('  shift 61
	.  error

	left_value  goto 78
	expressao  goto 137


state 105
	expressao : expressao NE . expressao  (84)

	INT  shift 46
	NUM  shift 47
	IDENTIF  shift 48
	STRN  shift 49
	INC  shift 55
	DEC  shift 56
	'&'  shift 57
	'~'  shift 58
	'-'  shift 59
	'*'  shift 60
	'('  shift 61
	.  error

	left_value  goto 78
	expressao  goto 138


state 106
	expressao : expressao '|' . expressao  (88)

	INT  shift 46
	NUM  shift 47
	IDENTIF  shift 48
	STRN  shift 49
	INC  shift 55
	DEC  shift 56
	'&'  shift 57
	'~'  shift 58
	'-'  shift 59
	'*'  shift 60
	'('  shift 61
	.  error

	left_value  goto 78
	expressao  goto 139


state 107
	expressao : expressao '&' . expressao  (87)

	INT  shift 46
	NUM  shift 47
	IDENTIF  shift 48
	STRN  shift 49
	INC  shift 55
	DEC  shift 56
	'&'  shift 57
	'~'  shift 58
	'-'  shift 59
	'*'  shift 60
	'('  shift 61
	.  error

	left_value  goto 78
	expressao  goto 140


state 108
	expressao : expressao '>' . expressao  (81)

	INT  shift 46
	NUM  shift 47
	IDENTIF  shift 48
	STRN  shift 49
	INC  shift 55
	DEC  shift 56
	'&'  shift 57
	'~'  shift 58
	'-'  shift 59
	'*'  shift 60
	'('  shift 61
	.  error

	left_value  goto 78
	expressao  goto 141


state 109
	expressao : expressao '<' . expressao  (82)

	INT  shift 46
	NUM  shift 47
	IDENTIF  shift 48
	STRN  shift 49
	INC  shift 55
	DEC  shift 56
	'&'  shift 57
	'~'  shift 58
	'-'  shift 59
	'*'  shift 60
	'('  shift 61
	.  error

	left_value  goto 78
	expressao  goto 142


state 110
	expressao : expressao '+' . expressao  (79)

	INT  shift 46
	NUM  shift 47
	IDENTIF  shift 48
	STRN  shift 49
	INC  shift 55
	DEC  shift 56
	'&'  shift 57
	'~'  shift 58
	'-'  shift 59
	'*'  shift 60
	'('  shift 61
	.  error

	left_value  goto 78
	expressao  goto 143


state 111
	expressao : expressao '-' . expressao  (80)

	INT  shift 46
	NUM  shift 47
	IDENTIF  shift 48
	STRN  shift 49
	INC  shift 55
	DEC  shift 56
	'&'  shift 57
	'~'  shift 58
	'-'  shift 59
	'*'  shift 60
	'('  shift 61
	.  error

	left_value  goto 78
	expressao  goto 144


state 112
	expressao : expressao '*' . expressao  (76)

	INT  shift 46
	NUM  shift 47
	IDENTIF  shift 48
	STRN  shift 49
	INC  shift 55
	DEC  shift 56
	'&'  shift 57
	'~'  shift 58
	'-'  shift 59
	'*'  shift 60
	'('  shift 61
	.  error

	left_value  goto 78
	expressao  goto 145


state 113
	expressao : expressao '/' . expressao  (77)

	INT  shift 46
	NUM  shift 47
	IDENTIF  shift 48
	STRN  shift 49
	INC  shift 55
	DEC  shift 56
	'&'  shift 57
	'~'  shift 58
	'-'  shift 59
	'*'  shift 60
	'('  shift 61
	.  error

	left_value  goto 78
	expressao  goto 146


state 114
	expressao : expressao '%' . expressao  (78)

	INT  shift 46
	NUM  shift 47
	IDENTIF  shift 48
	STRN  shift 49
	INC  shift 55
	DEC  shift 56
	'&'  shift 57
	'~'  shift 58
	'-'  shift 59
	'*'  shift 60
	'('  shift 61
	.  error

	left_value  goto 78
	expressao  goto 147


state 115
	expressao : expressao '!' .  (90)

	.  reduce 90


state 116
	instrucao : expressao ';' .  (49)

	.  reduce 49


state 117
	corpo : '{' instrucoes '}' .  (38)

	.  reduce 38


state 118
	instrucoes : instrucoes instrucao .  (41)

	.  reduce 41


state 119
	pars : pars ',' parametro .  (30)

	.  reduce 30


state 120
	declaracao : pub cons tipo ptr IDENTIF $$1 '(' parametros ')' $$2 corpo . ';'  (9)

	';'  shift 148
	.  error


state 121
	expressao : IDENTIF '(' ')' .  (68)

	.  reduce 68


state 122
	expressoes : expressao .  (62)
	expressao : expressao . '*' expressao  (76)
	expressao : expressao . '/' expressao  (77)
	expressao : expressao . '%' expressao  (78)
	expressao : expressao . '+' expressao  (79)
	expressao : expressao . '-' expressao  (80)
	expressao : expressao . '>' expressao  (81)
	expressao : expressao . '<' expressao  (82)
	expressao : expressao . EQ expressao  (83)
	expressao : expressao . NE expressao  (84)
	expressao : expressao . GE expressao  (85)
	expressao : expressao . LE expressao  (86)
	expressao : expressao . '&' expressao  (87)
	expressao : expressao . '|' expressao  (88)
	expressao : expressao . '!'  (90)

	GE  shift 102
	LE  shift 103
	EQ  shift 104
	NE  shift 105
	'|'  shift 106
	'&'  shift 107
	'>'  shift 108
	'<'  shift 109
	'+'  shift 110
	'-'  shift 111
	'*'  shift 112
	'/'  shift 113
	'%'  shift 114
	'!'  shift 115
	')'  reduce 62
	','  reduce 62


state 123
	expressoes : expressoes . ',' expressao  (61)
	expressao : IDENTIF '(' expressoes . ')'  (67)

	')'  shift 149
	','  shift 150
	.  error


state 124
	expressao : expressao . '*' expressao  (76)
	expressao : expressao . '/' expressao  (77)
	expressao : expressao . '%' expressao  (78)
	expressao : expressao . '+' expressao  (79)
	expressao : expressao . '-' expressao  (80)
	expressao : expressao . '>' expressao  (81)
	expressao : expressao . '<' expressao  (82)
	expressao : expressao . EQ expressao  (83)
	expressao : expressao . NE expressao  (84)
	expressao : expressao . GE expressao  (85)
	expressao : expressao . LE expressao  (86)
	expressao : expressao . '&' expressao  (87)
	expressao : expressao . '|' expressao  (88)
	expressao : expressao . '!'  (90)
	left_value : IDENTIF '[' expressao . ']'  (94)

	GE  shift 102
	LE  shift 103
	EQ  shift 104
	NE  shift 105
	'|'  shift 106
	'&'  shift 107
	'>'  shift 108
	'<'  shift 109
	'+'  shift 110
	'-'  shift 111
	'*'  shift 112
	'/'  shift 113
	'%'  shift 114
	'!'  shift 115
	']'  shift 151
	.  error


state 125
	instrucao : IF expressao THEN . instrucao  (42)
	instrucao : IF expressao THEN . instrucao ELSE instrucao  (43)

	error  shift 45
	INT  shift 46
	NUM  shift 47
	IDENTIF  shift 48
	STRN  shift 49
	IF  shift 50
	DO  shift 51
	FOR  shift 52
	BREAK  shift 53
	CONTINUE  shift 54
	INC  shift 55
	DEC  shift 56
	'&'  shift 57
	'~'  shift 58
	'-'  shift 59
	'*'  shift 60
	'('  shift 61
	'{'  shift 39
	.  error

	left_value  goto 63
	expressao  goto 66
	corpo  goto 67
	instrucao  goto 152


state 126
	instrucao : DO $$5 instrucao . $$6 WHILE expressao ';'  (46)
	$$6 : .  (45)

	.  reduce 45

	$$6  goto 153


state 127
	instrucao : FOR left_value IN . expressao updown expressao step DO $$7 instrucao  (48)

	INT  shift 46
	NUM  shift 47
	IDENTIF  shift 48
	STRN  shift 49
	INC  shift 55
	DEC  shift 56
	'&'  shift 57
	'~'  shift 58
	'-'  shift 59
	'*'  shift 60
	'('  shift 61
	.  error

	left_value  goto 78
	expressao  goto 154


state 128
	instrucao : BREAK INT ';' .  (51)

	.  reduce 51


state 129
	instrucao : CONTINUE INT ';' .  (52)

	.  reduce 52


state 130
	expressao : '(' expressao ')' .  (69)

	.  reduce 69


state 131
	expressao : left_value ATRIB expressao .  (70)
	expressao : expressao . '*' expressao  (76)
	expressao : expressao . '/' expressao  (77)
	expressao : expressao . '%' expressao  (78)
	expressao : expressao . '+' expressao  (79)
	expressao : expressao . '-' expressao  (80)
	expressao : expressao . '>' expressao  (81)
	expressao : expressao . '<' expressao  (82)
	expressao : expressao . EQ expressao  (83)
	expressao : expressao . NE expressao  (84)
	expressao : expressao . GE expressao  (85)
	expressao : expressao . LE expressao  (86)
	expressao : expressao . '&' expressao  (87)
	expressao : expressao . '|' expressao  (88)
	expressao : expressao . '!'  (90)

	GE  shift 102
	LE  shift 103
	EQ  shift 104
	NE  shift 105
	'|'  shift 106
	'&'  shift 107
	'>'  shift 108
	'<'  shift 109
	'+'  shift 110
	'-'  shift 111
	'*'  shift 112
	'/'  shift 113
	'%'  shift 114
	'!'  shift 115
	THEN  reduce 70
	DO  reduce 70
	STEP  reduce 70
	UPTO  reduce 70
	DOWNTO  reduce 70
	')'  reduce 70
	']'  reduce 70
	';'  reduce 70
	','  reduce 70


state 132
	instrucao : left_value '#' expressao . ';'  (55)
	expressao : expressao . '*' expressao  (76)
	expressao : expressao . '/' expressao  (77)
	expressao : expressao . '%' expressao  (78)
	expressao : expressao . '+' expressao  (79)
	expressao : expressao . '-' expressao  (80)
	expressao : expressao . '>' expressao  (81)
	expressao : expressao . '<' expressao  (82)
	expressao : expressao . EQ expressao  (83)
	expressao : expressao . NE expressao  (84)
	expressao : expressao . GE expressao  (85)
	expressao : expressao . LE expressao  (86)
	expressao : expressao . '&' expressao  (87)
	expressao : expressao . '|' expressao  (88)
	expressao : expressao . '!'  (90)

	GE  shift 102
	LE  shift 103
	EQ  shift 104
	NE  shift 105
	'|'  shift 106
	'&'  shift 107
	'>'  shift 108
	'<'  shift 109
	'+'  shift 110
	'-'  shift 111
	'*'  shift 112
	'/'  shift 113
	'%'  shift 114
	'!'  shift 115
	';'  shift 155
	.  error


state 133
	pars2 : pars2 parametro ';' .  (35)

	.  reduce 35


state 134
	corpo : '{' pars2 instrucoes '}' .  (39)

	.  reduce 39


state 135
	expressao : expressao . '*' expressao  (76)
	expressao : expressao . '/' expressao  (77)
	expressao : expressao . '%' expressao  (78)
	expressao : expressao . '+' expressao  (79)
	expressao : expressao . '-' expressao  (80)
	expressao : expressao . '>' expressao  (81)
	expressao : expressao . '<' expressao  (82)
	expressao : expressao . EQ expressao  (83)
	expressao : expressao . NE expressao  (84)
	expressao : expressao . GE expressao  (85)
	expressao : expressao GE expressao .  (85)
	expressao : expressao . LE expressao  (86)
	expressao : expressao . '&' expressao  (87)
	expressao : expressao . '|' expressao  (88)
	expressao : expressao . '!'  (90)

	'+'  shift 110
	'-'  shift 111
	'*'  shift 112
	'/'  shift 113
	'%'  shift 114
	'!'  shift 115
	THEN  reduce 85
	DO  reduce 85
	STEP  reduce 85
	UPTO  reduce 85
	DOWNTO  reduce 85
	GE  reduce 85
	LE  reduce 85
	EQ  reduce 85
	NE  reduce 85
	'|'  reduce 85
	'&'  reduce 85
	'>'  reduce 85
	'<'  reduce 85
	')'  reduce 85
	']'  reduce 85
	';'  reduce 85
	','  reduce 85


state 136
	expressao : expressao . '*' expressao  (76)
	expressao : expressao . '/' expressao  (77)
	expressao : expressao . '%' expressao  (78)
	expressao : expressao . '+' expressao  (79)
	expressao : expressao . '-' expressao  (80)
	expressao : expressao . '>' expressao  (81)
	expressao : expressao . '<' expressao  (82)
	expressao : expressao . EQ expressao  (83)
	expressao : expressao . NE expressao  (84)
	expressao : expressao . GE expressao  (85)
	expressao : expressao . LE expressao  (86)
	expressao : expressao LE expressao .  (86)
	expressao : expressao . '&' expressao  (87)
	expressao : expressao . '|' expressao  (88)
	expressao : expressao . '!'  (90)

	'+'  shift 110
	'-'  shift 111
	'*'  shift 112
	'/'  shift 113
	'%'  shift 114
	'!'  shift 115
	THEN  reduce 86
	DO  reduce 86
	STEP  reduce 86
	UPTO  reduce 86
	DOWNTO  reduce 86
	GE  reduce 86
	LE  reduce 86
	EQ  reduce 86
	NE  reduce 86
	'|'  reduce 86
	'&'  reduce 86
	'>'  reduce 86
	'<'  reduce 86
	')'  reduce 86
	']'  reduce 86
	';'  reduce 86
	','  reduce 86


state 137
	expressao : expressao . '*' expressao  (76)
	expressao : expressao . '/' expressao  (77)
	expressao : expressao . '%' expressao  (78)
	expressao : expressao . '+' expressao  (79)
	expressao : expressao . '-' expressao  (80)
	expressao : expressao . '>' expressao  (81)
	expressao : expressao . '<' expressao  (82)
	expressao : expressao . EQ expressao  (83)
	expressao : expressao EQ expressao .  (83)
	expressao : expressao . NE expressao  (84)
	expressao : expressao . GE expressao  (85)
	expressao : expressao . LE expressao  (86)
	expressao : expressao . '&' expressao  (87)
	expressao : expressao . '|' expressao  (88)
	expressao : expressao . '!'  (90)

	GE  shift 102
	LE  shift 103
	'>'  shift 108
	'<'  shift 109
	'+'  shift 110
	'-'  shift 111
	'*'  shift 112
	'/'  shift 113
	'%'  shift 114
	'!'  shift 115
	THEN  reduce 83
	DO  reduce 83
	STEP  reduce 83
	UPTO  reduce 83
	DOWNTO  reduce 83
	EQ  reduce 83
	NE  reduce 83
	'|'  reduce 83
	'&'  reduce 83
	')'  reduce 83
	']'  reduce 83
	';'  reduce 83
	','  reduce 83


state 138
	expressao : expressao . '*' expressao  (76)
	expressao : expressao . '/' expressao  (77)
	expressao : expressao . '%' expressao  (78)
	expressao : expressao . '+' expressao  (79)
	expressao : expressao . '-' expressao  (80)
	expressao : expressao . '>' expressao  (81)
	expressao : expressao . '<' expressao  (82)
	expressao : expressao . EQ expressao  (83)
	expressao : expressao . NE expressao  (84)
	expressao : expressao NE expressao .  (84)
	expressao : expressao . GE expressao  (85)
	expressao : expressao . LE expressao  (86)
	expressao : expressao . '&' expressao  (87)
	expressao : expressao . '|' expressao  (88)
	expressao : expressao . '!'  (90)

	GE  shift 102
	LE  shift 103
	'>'  shift 108
	'<'  shift 109
	'+'  shift 110
	'-'  shift 111
	'*'  shift 112
	'/'  shift 113
	'%'  shift 114
	'!'  shift 115
	THEN  reduce 84
	DO  reduce 84
	STEP  reduce 84
	UPTO  reduce 84
	DOWNTO  reduce 84
	EQ  reduce 84
	NE  reduce 84
	'|'  reduce 84
	'&'  reduce 84
	')'  reduce 84
	']'  reduce 84
	';'  reduce 84
	','  reduce 84


state 139
	expressao : expressao . '*' expressao  (76)
	expressao : expressao . '/' expressao  (77)
	expressao : expressao . '%' expressao  (78)
	expressao : expressao . '+' expressao  (79)
	expressao : expressao . '-' expressao  (80)
	expressao : expressao . '>' expressao  (81)
	expressao : expressao . '<' expressao  (82)
	expressao : expressao . EQ expressao  (83)
	expressao : expressao . NE expressao  (84)
	expressao : expressao . GE expressao  (85)
	expressao : expressao . LE expressao  (86)
	expressao : expressao . '&' expressao  (87)
	expressao : expressao . '|' expressao  (88)
	expressao : expressao '|' expressao .  (88)
	expressao : expressao . '!'  (90)

	GE  shift 102
	LE  shift 103
	EQ  shift 104
	NE  shift 105
	'&'  shift 107
	'>'  shift 108
	'<'  shift 109
	'+'  shift 110
	'-'  shift 111
	'*'  shift 112
	'/'  shift 113
	'%'  shift 114
	'!'  shift 115
	THEN  reduce 88
	DO  reduce 88
	STEP  reduce 88
	UPTO  reduce 88
	DOWNTO  reduce 88
	'|'  reduce 88
	')'  reduce 88
	']'  reduce 88
	';'  reduce 88
	','  reduce 88


state 140
	expressao : expressao . '*' expressao  (76)
	expressao : expressao . '/' expressao  (77)
	expressao : expressao . '%' expressao  (78)
	expressao : expressao . '+' expressao  (79)
	expressao : expressao . '-' expressao  (80)
	expressao : expressao . '>' expressao  (81)
	expressao : expressao . '<' expressao  (82)
	expressao : expressao . EQ expressao  (83)
	expressao : expressao . NE expressao  (84)
	expressao : expressao . GE expressao  (85)
	expressao : expressao . LE expressao  (86)
	expressao : expressao . '&' expressao  (87)
	expressao : expressao '&' expressao .  (87)
	expressao : expressao . '|' expressao  (88)
	expressao : expressao . '!'  (90)

	GE  shift 102
	LE  shift 103
	EQ  shift 104
	NE  shift 105
	'>'  shift 108
	'<'  shift 109
	'+'  shift 110
	'-'  shift 111
	'*'  shift 112
	'/'  shift 113
	'%'  shift 114
	'!'  shift 115
	THEN  reduce 87
	DO  reduce 87
	STEP  reduce 87
	UPTO  reduce 87
	DOWNTO  reduce 87
	'|'  reduce 87
	'&'  reduce 87
	')'  reduce 87
	']'  reduce 87
	';'  reduce 87
	','  reduce 87


state 141
	expressao : expressao . '*' expressao  (76)
	expressao : expressao . '/' expressao  (77)
	expressao : expressao . '%' expressao  (78)
	expressao : expressao . '+' expressao  (79)
	expressao : expressao . '-' expressao  (80)
	expressao : expressao . '>' expressao  (81)
	expressao : expressao '>' expressao .  (81)
	expressao : expressao . '<' expressao  (82)
	expressao : expressao . EQ expressao  (83)
	expressao : expressao . NE expressao  (84)
	expressao : expressao . GE expressao  (85)
	expressao : expressao . LE expressao  (86)
	expressao : expressao . '&' expressao  (87)
	expressao : expressao . '|' expressao  (88)
	expressao : expressao . '!'  (90)

	'+'  shift 110
	'-'  shift 111
	'*'  shift 112
	'/'  shift 113
	'%'  shift 114
	'!'  shift 115
	THEN  reduce 81
	DO  reduce 81
	STEP  reduce 81
	UPTO  reduce 81
	DOWNTO  reduce 81
	GE  reduce 81
	LE  reduce 81
	EQ  reduce 81
	NE  reduce 81
	'|'  reduce 81
	'&'  reduce 81
	'>'  reduce 81
	'<'  reduce 81
	')'  reduce 81
	']'  reduce 81
	';'  reduce 81
	','  reduce 81


state 142
	expressao : expressao . '*' expressao  (76)
	expressao : expressao . '/' expressao  (77)
	expressao : expressao . '%' expressao  (78)
	expressao : expressao . '+' expressao  (79)
	expressao : expressao . '-' expressao  (80)
	expressao : expressao . '>' expressao  (81)
	expressao : expressao . '<' expressao  (82)
	expressao : expressao '<' expressao .  (82)
	expressao : expressao . EQ expressao  (83)
	expressao : expressao . NE expressao  (84)
	expressao : expressao . GE expressao  (85)
	expressao : expressao . LE expressao  (86)
	expressao : expressao . '&' expressao  (87)
	expressao : expressao . '|' expressao  (88)
	expressao : expressao . '!'  (90)

	'+'  shift 110
	'-'  shift 111
	'*'  shift 112
	'/'  shift 113
	'%'  shift 114
	'!'  shift 115
	THEN  reduce 82
	DO  reduce 82
	STEP  reduce 82
	UPTO  reduce 82
	DOWNTO  reduce 82
	GE  reduce 82
	LE  reduce 82
	EQ  reduce 82
	NE  reduce 82
	'|'  reduce 82
	'&'  reduce 82
	'>'  reduce 82
	'<'  reduce 82
	')'  reduce 82
	']'  reduce 82
	';'  reduce 82
	','  reduce 82


state 143
	expressao : expressao . '*' expressao  (76)
	expressao : expressao . '/' expressao  (77)
	expressao : expressao . '%' expressao  (78)
	expressao : expressao . '+' expressao  (79)
	expressao : expressao '+' expressao .  (79)
	expressao : expressao . '-' expressao  (80)
	expressao : expressao . '>' expressao  (81)
	expressao : expressao . '<' expressao  (82)
	expressao : expressao . EQ expressao  (83)
	expressao : expressao . NE expressao  (84)
	expressao : expressao . GE expressao  (85)
	expressao : expressao . LE expressao  (86)
	expressao : expressao . '&' expressao  (87)
	expressao : expressao . '|' expressao  (88)
	expressao : expressao . '!'  (90)

	'*'  shift 112
	'/'  shift 113
	'%'  shift 114
	'!'  shift 115
	THEN  reduce 79
	DO  reduce 79
	STEP  reduce 79
	UPTO  reduce 79
	DOWNTO  reduce 79
	GE  reduce 79
	LE  reduce 79
	EQ  reduce 79
	NE  reduce 79
	'|'  reduce 79
	'&'  reduce 79
	'>'  reduce 79
	'<'  reduce 79
	'+'  reduce 79
	'-'  reduce 79
	')'  reduce 79
	']'  reduce 79
	';'  reduce 79
	','  reduce 79


state 144
	expressao : expressao . '*' expressao  (76)
	expressao : expressao . '/' expressao  (77)
	expressao : expressao . '%' expressao  (78)
	expressao : expressao . '+' expressao  (79)
	expressao : expressao . '-' expressao  (80)
	expressao : expressao '-' expressao .  (80)
	expressao : expressao . '>' expressao  (81)
	expressao : expressao . '<' expressao  (82)
	expressao : expressao . EQ expressao  (83)
	expressao : expressao . NE expressao  (84)
	expressao : expressao . GE expressao  (85)
	expressao : expressao . LE expressao  (86)
	expressao : expressao . '&' expressao  (87)
	expressao : expressao . '|' expressao  (88)
	expressao : expressao . '!'  (90)

	'*'  shift 112
	'/'  shift 113
	'%'  shift 114
	'!'  shift 115
	THEN  reduce 80
	DO  reduce 80
	STEP  reduce 80
	UPTO  reduce 80
	DOWNTO  reduce 80
	GE  reduce 80
	LE  reduce 80
	EQ  reduce 80
	NE  reduce 80
	'|'  reduce 80
	'&'  reduce 80
	'>'  reduce 80
	'<'  reduce 80
	'+'  reduce 80
	'-'  reduce 80
	')'  reduce 80
	']'  reduce 80
	';'  reduce 80
	','  reduce 80


state 145
	expressao : expressao . '*' expressao  (76)
	expressao : expressao '*' expressao .  (76)
	expressao : expressao . '/' expressao  (77)
	expressao : expressao . '%' expressao  (78)
	expressao : expressao . '+' expressao  (79)
	expressao : expressao . '-' expressao  (80)
	expressao : expressao . '>' expressao  (81)
	expressao : expressao . '<' expressao  (82)
	expressao : expressao . EQ expressao  (83)
	expressao : expressao . NE expressao  (84)
	expressao : expressao . GE expressao  (85)
	expressao : expressao . LE expressao  (86)
	expressao : expressao . '&' expressao  (87)
	expressao : expressao . '|' expressao  (88)
	expressao : expressao . '!'  (90)

	'!'  shift 115
	THEN  reduce 76
	DO  reduce 76
	STEP  reduce 76
	UPTO  reduce 76
	DOWNTO  reduce 76
	GE  reduce 76
	LE  reduce 76
	EQ  reduce 76
	NE  reduce 76
	'|'  reduce 76
	'&'  reduce 76
	'>'  reduce 76
	'<'  reduce 76
	'+'  reduce 76
	'-'  reduce 76
	'*'  reduce 76
	'/'  reduce 76
	'%'  reduce 76
	')'  reduce 76
	']'  reduce 76
	';'  reduce 76
	','  reduce 76


state 146
	expressao : expressao . '*' expressao  (76)
	expressao : expressao . '/' expressao  (77)
	expressao : expressao '/' expressao .  (77)
	expressao : expressao . '%' expressao  (78)
	expressao : expressao . '+' expressao  (79)
	expressao : expressao . '-' expressao  (80)
	expressao : expressao . '>' expressao  (81)
	expressao : expressao . '<' expressao  (82)
	expressao : expressao . EQ expressao  (83)
	expressao : expressao . NE expressao  (84)
	expressao : expressao . GE expressao  (85)
	expressao : expressao . LE expressao  (86)
	expressao : expressao . '&' expressao  (87)
	expressao : expressao . '|' expressao  (88)
	expressao : expressao . '!'  (90)

	'!'  shift 115
	THEN  reduce 77
	DO  reduce 77
	STEP  reduce 77
	UPTO  reduce 77
	DOWNTO  reduce 77
	GE  reduce 77
	LE  reduce 77
	EQ  reduce 77
	NE  reduce 77
	'|'  reduce 77
	'&'  reduce 77
	'>'  reduce 77
	'<'  reduce 77
	'+'  reduce 77
	'-'  reduce 77
	'*'  reduce 77
	'/'  reduce 77
	'%'  reduce 77
	')'  reduce 77
	']'  reduce 77
	';'  reduce 77
	','  reduce 77


state 147
	expressao : expressao . '*' expressao  (76)
	expressao : expressao . '/' expressao  (77)
	expressao : expressao . '%' expressao  (78)
	expressao : expressao '%' expressao .  (78)
	expressao : expressao . '+' expressao  (79)
	expressao : expressao . '-' expressao  (80)
	expressao : expressao . '>' expressao  (81)
	expressao : expressao . '<' expressao  (82)
	expressao : expressao . EQ expressao  (83)
	expressao : expressao . NE expressao  (84)
	expressao : expressao . GE expressao  (85)
	expressao : expressao . LE expressao  (86)
	expressao : expressao . '&' expressao  (87)
	expressao : expressao . '|' expressao  (88)
	expressao : expressao . '!'  (90)

	'!'  shift 115
	THEN  reduce 78
	DO  reduce 78
	STEP  reduce 78
	UPTO  reduce 78
	DOWNTO  reduce 78
	GE  reduce 78
	LE  reduce 78
	EQ  reduce 78
	NE  reduce 78
	'|'  reduce 78
	'&'  reduce 78
	'>'  reduce 78
	'<'  reduce 78
	'+'  reduce 78
	'-'  reduce 78
	'*'  reduce 78
	'/'  reduce 78
	'%'  reduce 78
	')'  reduce 78
	']'  reduce 78
	';'  reduce 78
	','  reduce 78


state 148
	declaracao : pub cons tipo ptr IDENTIF $$1 '(' parametros ')' $$2 corpo ';' .  (9)

	.  reduce 9


state 149
	expressao : IDENTIF '(' expressoes ')' .  (67)

	.  reduce 67


state 150
	expressoes : expressoes ',' . expressao  (61)

	INT  shift 46
	NUM  shift 47
	IDENTIF  shift 48
	STRN  shift 49
	INC  shift 55
	DEC  shift 56
	'&'  shift 57
	'~'  shift 58
	'-'  shift 59
	'*'  shift 60
	'('  shift 61
	.  error

	left_value  goto 78
	expressao  goto 156


state 151
	left_value : IDENTIF '[' expressao ']' .  (94)

	.  reduce 94


state 152
	instrucao : IF expressao THEN instrucao .  (42)
	instrucao : IF expressao THEN instrucao . ELSE instrucao  (43)

	ELSE  shift 157
	error  reduce 42
	INT  reduce 42
	NUM  reduce 42
	IDENTIF  reduce 42
	STRN  reduce 42
	WHILE  reduce 42
	IF  reduce 42
	DO  reduce 42
	FOR  reduce 42
	BREAK  reduce 42
	CONTINUE  reduce 42
	INC  reduce 42
	DEC  reduce 42
	'&'  reduce 42
	'~'  reduce 42
	'-'  reduce 42
	'*'  reduce 42
	'('  reduce 42
	'{'  reduce 42
	'}'  reduce 42


state 153
	instrucao : DO $$5 instrucao $$6 . WHILE expressao ';'  (46)

	WHILE  shift 158
	.  error


state 154
	instrucao : FOR left_value IN expressao . updown expressao step DO $$7 instrucao  (48)
	expressao : expressao . '*' expressao  (76)
	expressao : expressao . '/' expressao  (77)
	expressao : expressao . '%' expressao  (78)
	expressao : expressao . '+' expressao  (79)
	expressao : expressao . '-' expressao  (80)
	expressao : expressao . '>' expressao  (81)
	expressao : expressao . '<' expressao  (82)
	expressao : expressao . EQ expressao  (83)
	expressao : expressao . NE expressao  (84)
	expressao : expressao . GE expressao  (85)
	expressao : expressao . LE expressao  (86)
	expressao : expressao . '&' expressao  (87)
	expressao : expressao . '|' expressao  (88)
	expressao : expressao . '!'  (90)

	UPTO  shift 159
	DOWNTO  shift 160
	GE  shift 102
	LE  shift 103
	EQ  shift 104
	NE  shift 105
	'|'  shift 106
	'&'  shift 107
	'>'  shift 108
	'<'  shift 109
	'+'  shift 110
	'-'  shift 111
	'*'  shift 112
	'/'  shift 113
	'%'  shift 114
	'!'  shift 115
	.  error

	updown  goto 161


state 155
	instrucao : left_value '#' expressao ';' .  (55)

	.  reduce 55


state 156
	expressoes : expressoes ',' expressao .  (61)
	expressao : expressao . '*' expressao  (76)
	expressao : expressao . '/' expressao  (77)
	expressao : expressao . '%' expressao  (78)
	expressao : expressao . '+' expressao  (79)
	expressao : expressao . '-' expressao  (80)
	expressao : expressao . '>' expressao  (81)
	expressao : expressao . '<' expressao  (82)
	expressao : expressao . EQ expressao  (83)
	expressao : expressao . NE expressao  (84)
	expressao : expressao . GE expressao  (85)
	expressao : expressao . LE expressao  (86)
	expressao : expressao . '&' expressao  (87)
	expressao : expressao . '|' expressao  (88)
	expressao : expressao . '!'  (90)

	GE  shift 102
	LE  shift 103
	EQ  shift 104
	NE  shift 105
	'|'  shift 106
	'&'  shift 107
	'>'  shift 108
	'<'  shift 109
	'+'  shift 110
	'-'  shift 111
	'*'  shift 112
	'/'  shift 113
	'%'  shift 114
	'!'  shift 115
	')'  reduce 61
	','  reduce 61


state 157
	instrucao : IF expressao THEN instrucao ELSE . instrucao  (43)

	error  shift 45
	INT  shift 46
	NUM  shift 47
	IDENTIF  shift 48
	STRN  shift 49
	IF  shift 50
	DO  shift 51
	FOR  shift 52
	BREAK  shift 53
	CONTINUE  shift 54
	INC  shift 55
	DEC  shift 56
	'&'  shift 57
	'~'  shift 58
	'-'  shift 59
	'*'  shift 60
	'('  shift 61
	'{'  shift 39
	.  error

	left_value  goto 63
	expressao  goto 66
	corpo  goto 67
	instrucao  goto 162


state 158
	instrucao : DO $$5 instrucao $$6 WHILE . expressao ';'  (46)

	INT  shift 46
	NUM  shift 47
	IDENTIF  shift 48
	STRN  shift 49
	INC  shift 55
	DEC  shift 56
	'&'  shift 57
	'~'  shift 58
	'-'  shift 59
	'*'  shift 60
	'('  shift 61
	.  error

	left_value  goto 78
	expressao  goto 163


state 159
	updown : UPTO .  (57)

	.  reduce 57


state 160
	updown : DOWNTO .  (58)

	.  reduce 58


state 161
	instrucao : FOR left_value IN expressao updown . expressao step DO $$7 instrucao  (48)

	INT  shift 46
	NUM  shift 47
	IDENTIF  shift 48
	STRN  shift 49
	INC  shift 55
	DEC  shift 56
	'&'  shift 57
	'~'  shift 58
	'-'  shift 59
	'*'  shift 60
	'('  shift 61
	.  error

	left_value  goto 78
	expressao  goto 164


state 162
	instrucao : IF expressao THEN instrucao ELSE instrucao .  (43)

	.  reduce 43


state 163
	instrucao : DO $$5 instrucao $$6 WHILE expressao . ';'  (46)
	expressao : expressao . '*' expressao  (76)
	expressao : expressao . '/' expressao  (77)
	expressao : expressao . '%' expressao  (78)
	expressao : expressao . '+' expressao  (79)
	expressao : expressao . '-' expressao  (80)
	expressao : expressao . '>' expressao  (81)
	expressao : expressao . '<' expressao  (82)
	expressao : expressao . EQ expressao  (83)
	expressao : expressao . NE expressao  (84)
	expressao : expressao . GE expressao  (85)
	expressao : expressao . LE expressao  (86)
	expressao : expressao . '&' expressao  (87)
	expressao : expressao . '|' expressao  (88)
	expressao : expressao . '!'  (90)

	GE  shift 102
	LE  shift 103
	EQ  shift 104
	NE  shift 105
	'|'  shift 106
	'&'  shift 107
	'>'  shift 108
	'<'  shift 109
	'+'  shift 110
	'-'  shift 111
	'*'  shift 112
	'/'  shift 113
	'%'  shift 114
	'!'  shift 115
	';'  shift 165
	.  error


state 164
	instrucao : FOR left_value IN expressao updown expressao . step DO $$7 instrucao  (48)
	expressao : expressao . '*' expressao  (76)
	expressao : expressao . '/' expressao  (77)
	expressao : expressao . '%' expressao  (78)
	expressao : expressao . '+' expressao  (79)
	expressao : expressao . '-' expressao  (80)
	expressao : expressao . '>' expressao  (81)
	expressao : expressao . '<' expressao  (82)
	expressao : expressao . EQ expressao  (83)
	expressao : expressao . NE expressao  (84)
	expressao : expressao . GE expressao  (85)
	expressao : expressao . LE expressao  (86)
	expressao : expressao . '&' expressao  (87)
	expressao : expressao . '|' expressao  (88)
	expressao : expressao . '!'  (90)
	step : .  (59)

	STEP  shift 166
	GE  shift 102
	LE  shift 103
	EQ  shift 104
	NE  shift 105
	'|'  shift 106
	'&'  shift 107
	'>'  shift 108
	'<'  shift 109
	'+'  shift 110
	'-'  shift 111
	'*'  shift 112
	'/'  shift 113
	'%'  shift 114
	'!'  shift 115
	DO  reduce 59

	step  goto 167


state 165
	instrucao : DO $$5 instrucao $$6 WHILE expressao ';' .  (46)

	.  reduce 46


state 166
	step : STEP . expressao  (60)

	INT  shift 46
	NUM  shift 47
	IDENTIF  shift 48
	STRN  shift 49
	INC  shift 55
	DEC  shift 56
	'&'  shift 57
	'~'  shift 58
	'-'  shift 59
	'*'  shift 60
	'('  shift 61
	.  error

	left_value  goto 78
	expressao  goto 168


state 167
	instrucao : FOR left_value IN expressao updown expressao step . DO $$7 instrucao  (48)

	DO  shift 169
	.  error


state 168
	step : STEP expressao .  (60)
	expressao : expressao . '*' expressao  (76)
	expressao : expressao . '/' expressao  (77)
	expressao : expressao . '%' expressao  (78)
	expressao : expressao . '+' expressao  (79)
	expressao : expressao . '-' expressao  (80)
	expressao : expressao . '>' expressao  (81)
	expressao : expressao . '<' expressao  (82)
	expressao : expressao . EQ expressao  (83)
	expressao : expressao . NE expressao  (84)
	expressao : expressao . GE expressao  (85)
	expressao : expressao . LE expressao  (86)
	expressao : expressao . '&' expressao  (87)
	expressao : expressao . '|' expressao  (88)
	expressao : expressao . '!'  (90)

	GE  shift 102
	LE  shift 103
	EQ  shift 104
	NE  shift 105
	'|'  shift 106
	'&'  shift 107
	'>'  shift 108
	'<'  shift 109
	'+'  shift 110
	'-'  shift 111
	'*'  shift 112
	'/'  shift 113
	'%'  shift 114
	'!'  shift 115
	DO  reduce 60


state 169
	instrucao : FOR left_value IN expressao updown expressao step DO . $$7 instrucao  (48)
	$$7 : .  (47)

	.  reduce 47

	$$7  goto 170


state 170
	instrucao : FOR left_value IN expressao updown expressao step DO $$7 . instrucao  (48)

	error  shift 45
	INT  shift 46
	NUM  shift 47
	IDENTIF  shift 48
	STRN  shift 49
	IF  shift 50
	DO  shift 51
	FOR  shift 52
	BREAK  shift 53
	CONTINUE  shift 54
	INC  shift 55
	DEC  shift 56
	'&'  shift 57
	'~'  shift 58
	'-'  shift 59
	'*'  shift 60
	'('  shift 61
	'{'  shift 39
	.  error

	left_value  goto 63
	expressao  goto 66
	corpo  goto 67
	instrucao  goto 171


state 171
	instrucao : FOR left_value IN expressao updown expressao step DO $$7 instrucao .  (48)

	.  reduce 48


Rules never reduced:
	$$1 :  (7)


State 18 contains 1 shift/reduce conflict.


57 terminals, 28 nonterminals
95 grammar rules, 172 states
